#
# There is insufficient memory for the Java Runtime Environment to continue.
# Native memory allocation (malloc) failed to allocate 1017616 bytes for Chunk::new
# Possible reasons:
#   The system is out of physical RAM or swap space
#   The process is running with CompressedOops enabled, and the Java Heap may be blocking the growth of the native heap
# Possible solutions:
#   Reduce memory load on the system
#   Increase physical memory or swap space
#   Check if swap backing store is full
#   Decrease Java heap size (-Xmx/-Xms)
#   Decrease number of Java threads
#   Decrease Java thread stack sizes (-Xss)
#   Set larger code cache with -XX:ReservedCodeCacheSize=
#   JVM is running with Unscaled Compressed Oops mode in which the Java heap is
#     placed in the first 4GB address space. The Java Heap base address is the
#     maximum limit for the native heap growth. Please use -XX:HeapBaseMinAddress
#     to set the Java Heap base and to place the Java Heap above 4GB virtual address.
# This output file may be truncated or incomplete.
#
#  Out of Memory Error (arena.cpp:189), pid=10856, tid=24120
#
# JRE version: Java(TM) SE Runtime Environment (17.0.3.1+2) (build 17.0.3.1+2-LTS-6)
# Java VM: Java HotSpot(TM) 64-Bit Server VM (17.0.3.1+2-LTS-6, mixed mode, sharing, tiered, compressed oops, compressed class ptrs, g1 gc, windows-amd64)
# No core dump will be written. Minidumps are not enabled by default on client versions of Windows
#

---------------  S U M M A R Y ------------

Command Line: -javaagent:C:\Program Files\JetBrains\IntelliJ IDEA Community Edition 2022.1.3\lib\idea_rt.jar=64545:C:\Program Files\JetBrains\IntelliJ IDEA Community Edition 2022.1.3\bin -Dfile.encoding=UTF-8 com.developer.onlybuns.OnlyBunsApplication

Host: AMD Ryzen 5 2500U with Radeon Vega Mobile Gfx  , 8 cores, 3G,  Windows 10 , 64 bit Build 19041 (10.0.19041.4957)
Time: Tue Nov 12 23:45:35 2024 Central Europe Standard Time elapsed time: 197.757308 seconds (0d 0h 3m 17s)

---------------  T H R E A D  ---------------

Current thread (0x000002567705ff20):  JavaThread "C2 CompilerThread0" daemon [_thread_in_native, id=24120, stack(0x000000720c100000,0x000000720c200000)]


Current CompileTask:
C2: 197759 6905   !   4       org.springframework.core.annotation.AnnotationsScanner::processClassHierarchy (227 bytes)

Stack: [0x000000720c100000,0x000000720c200000]
Native frames: (J=compiled Java code, j=interpreted, Vv=VM code, C=native code)
V  [jvm.dll+0x6711ba]
V  [jvm.dll+0x7d0834]
V  [jvm.dll+0x7d1fde]
V  [jvm.dll+0x7d2643]
V  [jvm.dll+0x242c85]
V  [jvm.dll+0xaa57b]
V  [jvm.dll+0xaab0c]
V  [jvm.dll+0x2a99df]
V  [jvm.dll+0x579889]
V  [jvm.dll+0x21defd]
V  [jvm.dll+0x217749]
V  [jvm.dll+0x21507b]
V  [jvm.dll+0x1a1c3d]
V  [jvm.dll+0x2249c8]
V  [jvm.dll+0x222b2c]
V  [jvm.dll+0x78650b]
V  [jvm.dll+0x780aca]
V  [jvm.dll+0x670045]
C  [ucrtbase.dll+0x21bb2]
C  [KERNEL32.DLL+0x17374]
C  [ntdll.dll+0x4cc91]


---------------  P R O C E S S  ---------------

Threads class SMR info:
_java_thread_list=0x00000256770d11b0, length=29, elements={
0x000002566a9d51e0, 0x000002566a9d6980, 0x000002567705acc0, 0x000002567705b780,
0x000002567705ea70, 0x000002567705f330, 0x000002567705ff20, 0x0000025677063dd0,
0x000002567706e6f0, 0x0000025677c08480, 0x0000025677e12820, 0x0000025677e12cf0,
0x000002567b86d680, 0x00000256783a0400, 0x000002567b242030, 0x0000025679114020,
0x0000025679696550, 0x0000025679694d40, 0x0000025679695bb0, 0x00000256796956e0,
0x0000025679693530, 0x0000025679693a00, 0x0000025679696080, 0x0000025679695210,
0x0000025679693060, 0x0000025679693ed0, 0x00000256796943a0, 0x000002567851a060,
0x000002567851b870
}

Java Threads: ( => current thread )
  0x000002566a9d51e0 JavaThread "Reference Handler" daemon [_thread_blocked, id=10632, stack(0x000000720bb00000,0x000000720bc00000)]
  0x000002566a9d6980 JavaThread "Finalizer" daemon [_thread_blocked, id=15140, stack(0x000000720bc00000,0x000000720bd00000)]
  0x000002567705acc0 JavaThread "Signal Dispatcher" daemon [_thread_blocked, id=14088, stack(0x000000720bd00000,0x000000720be00000)]
  0x000002567705b780 JavaThread "Attach Listener" daemon [_thread_blocked, id=21832, stack(0x000000720be00000,0x000000720bf00000)]
  0x000002567705ea70 JavaThread "Service Thread" daemon [_thread_blocked, id=6596, stack(0x000000720bf00000,0x000000720c000000)]
  0x000002567705f330 JavaThread "Monitor Deflation Thread" daemon [_thread_blocked, id=7048, stack(0x000000720c000000,0x000000720c100000)]
=>0x000002567705ff20 JavaThread "C2 CompilerThread0" daemon [_thread_in_native, id=24120, stack(0x000000720c100000,0x000000720c200000)]
  0x0000025677063dd0 JavaThread "C1 CompilerThread0" daemon [_thread_blocked, id=18428, stack(0x000000720c200000,0x000000720c300000)]
  0x000002567706e6f0 JavaThread "Sweeper thread" daemon [_thread_blocked, id=14884, stack(0x000000720c300000,0x000000720c400000)]
  0x0000025677c08480 JavaThread "Common-Cleaner" daemon [_thread_blocked, id=5268, stack(0x000000720c400000,0x000000720c500000)]
  0x0000025677e12820 JavaThread "Monitor Ctrl-Break" daemon [_thread_in_native, id=22856, stack(0x000000720c500000,0x000000720c600000)]
  0x0000025677e12cf0 JavaThread "Notification Thread" daemon [_thread_blocked, id=20220, stack(0x000000720c600000,0x000000720c700000)]
  0x000002567b86d680 JavaThread "Catalina-utility-1" [_thread_blocked, id=13188, stack(0x000000720d100000,0x000000720d200000)]
  0x00000256783a0400 JavaThread "Catalina-utility-2" [_thread_blocked, id=14676, stack(0x000000720d200000,0x000000720d300000)]
  0x000002567b242030 JavaThread "container-0" [_thread_blocked, id=14160, stack(0x000000720d300000,0x000000720d400000)]
  0x0000025679114020 JavaThread "HikariPool-1 housekeeper" daemon [_thread_blocked, id=24380, stack(0x000000720d500000,0x000000720d600000)]
  0x0000025679696550 JavaThread "http-nio-8080-exec-1" daemon [_thread_blocked, id=19368, stack(0x000000720d600000,0x000000720d700000)]
  0x0000025679694d40 JavaThread "http-nio-8080-exec-2" daemon [_thread_blocked, id=22156, stack(0x000000720d700000,0x000000720d800000)]
  0x0000025679695bb0 JavaThread "http-nio-8080-exec-3" daemon [_thread_blocked, id=18028, stack(0x000000720d800000,0x000000720d900000)]
  0x00000256796956e0 JavaThread "http-nio-8080-exec-4" daemon [_thread_blocked, id=4920, stack(0x000000720d900000,0x000000720da00000)]
  0x0000025679693530 JavaThread "http-nio-8080-exec-5" daemon [_thread_blocked, id=20812, stack(0x000000720da00000,0x000000720db00000)]
  0x0000025679693a00 JavaThread "http-nio-8080-exec-6" daemon [_thread_blocked, id=6260, stack(0x000000720db00000,0x000000720dc00000)]
  0x0000025679696080 JavaThread "http-nio-8080-exec-7" daemon [_thread_blocked, id=19384, stack(0x000000720dc00000,0x000000720dd00000)]
  0x0000025679695210 JavaThread "http-nio-8080-exec-8" daemon [_thread_blocked, id=4140, stack(0x000000720dd00000,0x000000720de00000)]
  0x0000025679693060 JavaThread "http-nio-8080-exec-9" daemon [_thread_blocked, id=2204, stack(0x000000720de00000,0x000000720df00000)]
  0x0000025679693ed0 JavaThread "http-nio-8080-exec-10" daemon [_thread_blocked, id=16960, stack(0x000000720df00000,0x000000720e000000)]
  0x00000256796943a0 JavaThread "http-nio-8080-Poller" daemon [_thread_in_native, id=23788, stack(0x000000720e000000,0x000000720e100000)]
  0x000002567851a060 JavaThread "http-nio-8080-Acceptor" daemon [_thread_in_native, id=5896, stack(0x000000720e100000,0x000000720e200000)]
  0x000002567851b870 JavaThread "DestroyJavaVM" [_thread_blocked, id=2128, stack(0x000000720b400000,0x000000720b500000)]

Other Threads:
  0x000002566a9d2090 VMThread "VM Thread" [stack: 0x000000720ba00000,0x000000720bb00000] [id=22140]
  0x000002566a972110 WatcherThread [stack: 0x000000720c700000,0x000000720c800000] [id=17648]
  0x000002566a94f640 GCTaskThread "GC Thread#0" [stack: 0x000000720b500000,0x000000720b600000] [id=24332]
  0x0000025678707040 GCTaskThread "GC Thread#1" [stack: 0x000000720c800000,0x000000720c900000] [id=15976]
  0x000002567879bd20 GCTaskThread "GC Thread#2" [stack: 0x000000720c900000,0x000000720ca00000] [id=20640]
  0x000002567879bfd0 GCTaskThread "GC Thread#3" [stack: 0x000000720ca00000,0x000000720cb00000] [id=2668]
  0x000002567879c280 GCTaskThread "GC Thread#4" [stack: 0x000000720cb00000,0x000000720cc00000] [id=18484]
  0x000002567879c530 GCTaskThread "GC Thread#5" [stack: 0x000000720cc00000,0x000000720cd00000] [id=18868]
  0x000002567879ec70 GCTaskThread "GC Thread#6" [stack: 0x000000720cd00000,0x000000720ce00000] [id=14412]
  0x000002567879ef20 GCTaskThread "GC Thread#7" [stack: 0x000000720ce00000,0x000000720cf00000] [id=23756]
  0x000002566a957e60 ConcurrentGCThread "G1 Main Marker" [stack: 0x000000720b600000,0x000000720b700000] [id=22428]
  0x000002566a958780 ConcurrentGCThread "G1 Conc#0" [stack: 0x000000720b700000,0x000000720b800000] [id=16196]
  0x0000025678db7880 ConcurrentGCThread "G1 Conc#1" [stack: 0x000000720d000000,0x000000720d100000] [id=24508]
  0x000002566a9a90f0 ConcurrentGCThread "G1 Refine#0" [stack: 0x000000720b800000,0x000000720b900000] [id=22128]
  0x0000025678425f90 ConcurrentGCThread "G1 Refine#1" [stack: 0x000000720cf00000,0x000000720d000000] [id=372]
  0x000002566a9a9a20 ConcurrentGCThread "G1 Service" [stack: 0x000000720b900000,0x000000720ba00000] [id=6488]

Threads with active compile tasks:
C2 CompilerThread0   197910 6905   !   4       org.springframework.core.annotation.AnnotationsScanner::processClassHierarchy (227 bytes)

VM state: not at safepoint (normal execution)

VM Mutex/Monitor currently owned by a thread: None

Heap address: 0x00000000c7200000, size: 910 MB, Compressed Oops mode: 32-bit

CDS archive(s) mapped at: [0x0000000800000000-0x0000000800bc0000-0x0000000800bc0000), size 12320768, SharedBaseAddress: 0x0000000800000000, ArchiveRelocationMode: 0.
Compressed class space mapped at: 0x0000000800c00000-0x0000000840c00000, reserved size: 1073741824
Narrow klass base: 0x0000000800000000, Narrow klass shift: 0, Narrow klass range: 0x100000000

GC Precious Log:
 CPUs: 8 total, 8 available
 Memory: 3638M
 Large Page Support: Disabled
 NUMA Support: Disabled
 Compressed Oops: Enabled (32-bit)
 Heap Region Size: 1M
 Heap Min Capacity: 8M
 Heap Initial Capacity: 58M
 Heap Max Capacity: 910M
 Pre-touch: Disabled
 Parallel Workers: 8
 Concurrent Workers: 2
 Concurrent Refinement Workers: 8
 Periodic GC: Disabled

Heap:
 garbage-first heap   total 66560K, used 35412K [0x00000000c7200000, 0x0000000100000000)
  region size 1024K, 4 young (4096K), 1 survivors (1024K)
 Metaspace       used 58275K, committed 58752K, reserved 1105920K
  class space    used 7644K, committed 7872K, reserved 1048576K

Heap Regions: E=young(eden), S=young(survivor), O=old, HS=humongous(starts), HC=humongous(continues), CS=collection set, F=free, OA=open archive, CA=closed archive, TAMS=top-at-mark-start (previous, next)
|   0|0x00000000c7200000, 0x00000000c7300000, 0x00000000c7300000|100%|HS|  |TAMS 0x00000000c7300000, 0x00000000c7200000| Complete 
|   1|0x00000000c7300000, 0x00000000c7400000, 0x00000000c7400000|100%| O|  |TAMS 0x00000000c7400000, 0x00000000c7300000| Untracked 
|   2|0x00000000c7400000, 0x00000000c7500000, 0x00000000c7500000|100%| O|  |TAMS 0x00000000c7500000, 0x00000000c7400000| Untracked 
|   3|0x00000000c7500000, 0x00000000c7600000, 0x00000000c7600000|100%| O|  |TAMS 0x00000000c7600000, 0x00000000c7500000| Untracked 
|   4|0x00000000c7600000, 0x00000000c7700000, 0x00000000c7700000|100%| O|  |TAMS 0x00000000c7700000, 0x00000000c7600000| Untracked 
|   5|0x00000000c7700000, 0x00000000c7800000, 0x00000000c7800000|100%| O|  |TAMS 0x00000000c7800000, 0x00000000c7700000| Untracked 
|   6|0x00000000c7800000, 0x00000000c7900000, 0x00000000c7900000|100%| O|  |TAMS 0x00000000c7900000, 0x00000000c7800000| Untracked 
|   7|0x00000000c7900000, 0x00000000c7a00000, 0x00000000c7a00000|100%| O|  |TAMS 0x00000000c7900000, 0x00000000c7900000| Untracked 
|   8|0x00000000c7a00000, 0x00000000c7b00000, 0x00000000c7b00000|100%| O|  |TAMS 0x00000000c7b00000, 0x00000000c7a00000| Untracked 
|   9|0x00000000c7b00000, 0x00000000c7c00000, 0x00000000c7c00000|100%| O|  |TAMS 0x00000000c7c00000, 0x00000000c7b00000| Untracked 
|  10|0x00000000c7c00000, 0x00000000c7c84200, 0x00000000c7d00000| 51%| O|  |TAMS 0x00000000c7c00000, 0x00000000c7c00000| Untracked 
|  11|0x00000000c7d00000, 0x00000000c7e00000, 0x00000000c7e00000|100%| O|  |TAMS 0x00000000c7e00000, 0x00000000c7d00000| Untracked 
|  12|0x00000000c7e00000, 0x00000000c7f00000, 0x00000000c7f00000|100%| O|  |TAMS 0x00000000c7f00000, 0x00000000c7e00000| Untracked 
|  13|0x00000000c7f00000, 0x00000000c8000000, 0x00000000c8000000|100%| O|  |TAMS 0x00000000c8000000, 0x00000000c7f00000| Untracked 
|  14|0x00000000c8000000, 0x00000000c8100000, 0x00000000c8100000|100%| O|  |TAMS 0x00000000c8100000, 0x00000000c8000000| Untracked 
|  15|0x00000000c8100000, 0x00000000c8200000, 0x00000000c8200000|100%| O|  |TAMS 0x00000000c8200000, 0x00000000c8100000| Untracked 
|  16|0x00000000c8200000, 0x00000000c8300000, 0x00000000c8300000|100%| O|  |TAMS 0x00000000c8300000, 0x00000000c8200000| Untracked 
|  17|0x00000000c8300000, 0x00000000c8400000, 0x00000000c8400000|100%| O|  |TAMS 0x00000000c8400000, 0x00000000c8300000| Untracked 
|  18|0x00000000c8400000, 0x00000000c8500000, 0x00000000c8500000|100%| O|  |TAMS 0x00000000c8500000, 0x00000000c8400000| Untracked 
|  19|0x00000000c8500000, 0x00000000c8600000, 0x00000000c8600000|100%| O|  |TAMS 0x00000000c8600000, 0x00000000c8500000| Untracked 
|  20|0x00000000c8600000, 0x00000000c8700000, 0x00000000c8700000|100%| O|  |TAMS 0x00000000c8700000, 0x00000000c8600000| Untracked 
|  21|0x00000000c8700000, 0x00000000c8800000, 0x00000000c8800000|100%| O|  |TAMS 0x00000000c8800000, 0x00000000c8700000| Untracked 
|  22|0x00000000c8800000, 0x00000000c8800000, 0x00000000c8900000|  0%| F|  |TAMS 0x00000000c8800000, 0x00000000c8800000| Untracked 
|  23|0x00000000c8900000, 0x00000000c8a00000, 0x00000000c8a00000|100%| O|  |TAMS 0x00000000c8a00000, 0x00000000c8900000| Untracked 
|  24|0x00000000c8a00000, 0x00000000c8b00000, 0x00000000c8b00000|100%| O|  |TAMS 0x00000000c8b00000, 0x00000000c8a00000| Untracked 
|  25|0x00000000c8b00000, 0x00000000c8b00000, 0x00000000c8c00000|  0%| F|  |TAMS 0x00000000c8b00000, 0x00000000c8b00000| Untracked 
|  26|0x00000000c8c00000, 0x00000000c8d00000, 0x00000000c8d00000|100%| O|  |TAMS 0x00000000c8d00000, 0x00000000c8c00000| Untracked 
|  27|0x00000000c8d00000, 0x00000000c8d00000, 0x00000000c8e00000|  0%| F|  |TAMS 0x00000000c8d00000, 0x00000000c8d00000| Untracked 
|  28|0x00000000c8e00000, 0x00000000c8e00000, 0x00000000c8f00000|  0%| F|  |TAMS 0x00000000c8e00000, 0x00000000c8e00000| Untracked 
|  29|0x00000000c8f00000, 0x00000000c8f00000, 0x00000000c9000000|  0%| F|  |TAMS 0x00000000c8f00000, 0x00000000c8f00000| Untracked 
|  30|0x00000000c9000000, 0x00000000c9000000, 0x00000000c9100000|  0%| F|  |TAMS 0x00000000c9000000, 0x00000000c9000000| Untracked 
|  31|0x00000000c9100000, 0x00000000c9100000, 0x00000000c9200000|  0%| F|  |TAMS 0x00000000c9100000, 0x00000000c9100000| Untracked 
|  32|0x00000000c9200000, 0x00000000c9300000, 0x00000000c9300000|100%| O|  |TAMS 0x00000000c9300000, 0x00000000c9200000| Untracked 
|  33|0x00000000c9300000, 0x00000000c9400000, 0x00000000c9400000|100%| O|  |TAMS 0x00000000c936a800, 0x00000000c9300000| Untracked 
|  34|0x00000000c9400000, 0x00000000c9500000, 0x00000000c9500000|100%| O|  |TAMS 0x00000000c9400000, 0x00000000c9400000| Untracked 
|  35|0x00000000c9500000, 0x00000000c9600000, 0x00000000c9600000|100%| O|  |TAMS 0x00000000c9500000, 0x00000000c9500000| Untracked 
|  36|0x00000000c9600000, 0x00000000c9700000, 0x00000000c9700000|100%| O|  |TAMS 0x00000000c9600000, 0x00000000c9600000| Untracked 
|  37|0x00000000c9700000, 0x00000000c9800000, 0x00000000c9800000|100%| O|  |TAMS 0x00000000c9700000, 0x00000000c9700000| Untracked 
|  38|0x00000000c9800000, 0x00000000c9900000, 0x00000000c9900000|100%| O|  |TAMS 0x00000000c9800000, 0x00000000c9800000| Untracked 
|  39|0x00000000c9900000, 0x00000000c9a00000, 0x00000000c9a00000|100%| O|  |TAMS 0x00000000c9900000, 0x00000000c9900000| Untracked 
|  40|0x00000000c9a00000, 0x00000000c9a00000, 0x00000000c9b00000|  0%| F|  |TAMS 0x00000000c9a00000, 0x00000000c9a00000| Untracked 
|  41|0x00000000c9b00000, 0x00000000c9b00000, 0x00000000c9c00000|  0%| F|  |TAMS 0x00000000c9b00000, 0x00000000c9b00000| Untracked 
|  42|0x00000000c9c00000, 0x00000000c9c00000, 0x00000000c9d00000|  0%| F|  |TAMS 0x00000000c9c00000, 0x00000000c9c00000| Untracked 
|  43|0x00000000c9d00000, 0x00000000c9d00000, 0x00000000c9e00000|  0%| F|  |TAMS 0x00000000c9d00000, 0x00000000c9d00000| Untracked 
|  44|0x00000000c9e00000, 0x00000000c9e00000, 0x00000000c9f00000|  0%| F|  |TAMS 0x00000000c9e00000, 0x00000000c9e00000| Untracked 
|  45|0x00000000c9f00000, 0x00000000c9f00000, 0x00000000ca000000|  0%| F|  |TAMS 0x00000000c9f00000, 0x00000000c9f00000| Untracked 
|  46|0x00000000ca000000, 0x00000000ca000000, 0x00000000ca100000|  0%| F|  |TAMS 0x00000000ca000000, 0x00000000ca000000| Untracked 
|  47|0x00000000ca100000, 0x00000000ca100000, 0x00000000ca200000|  0%| F|  |TAMS 0x00000000ca100000, 0x00000000ca100000| Untracked 
|  48|0x00000000ca200000, 0x00000000ca200000, 0x00000000ca300000|  0%| F|  |TAMS 0x00000000ca200000, 0x00000000ca200000| Untracked 
|  49|0x00000000ca300000, 0x00000000ca300000, 0x00000000ca400000|  0%| F|  |TAMS 0x00000000ca300000, 0x00000000ca300000| Untracked 
|  50|0x00000000ca400000, 0x00000000ca400000, 0x00000000ca500000|  0%| F|  |TAMS 0x00000000ca400000, 0x00000000ca400000| Untracked 
|  51|0x00000000ca500000, 0x00000000ca500000, 0x00000000ca600000|  0%| F|  |TAMS 0x00000000ca500000, 0x00000000ca500000| Untracked 
|  52|0x00000000ca600000, 0x00000000ca600000, 0x00000000ca700000|  0%| F|  |TAMS 0x00000000ca600000, 0x00000000ca600000| Untracked 
|  53|0x00000000ca700000, 0x00000000ca700000, 0x00000000ca800000|  0%| F|  |TAMS 0x00000000ca700000, 0x00000000ca700000| Untracked 
|  54|0x00000000ca800000, 0x00000000ca800000, 0x00000000ca900000|  0%| F|  |TAMS 0x00000000ca800000, 0x00000000ca800000| Untracked 
|  55|0x00000000ca900000, 0x00000000ca900000, 0x00000000caa00000|  0%| F|  |TAMS 0x00000000ca900000, 0x00000000ca900000| Untracked 
|  56|0x00000000caa00000, 0x00000000caa00000, 0x00000000cab00000|  0%| F|  |TAMS 0x00000000caa00000, 0x00000000caa00000| Untracked 
|  57|0x00000000cab00000, 0x00000000cab00000, 0x00000000cac00000|  0%| F|  |TAMS 0x00000000cab00000, 0x00000000cab00000| Untracked 
|  58|0x00000000cac00000, 0x00000000cac00000, 0x00000000cad00000|  0%| F|  |TAMS 0x00000000cac00000, 0x00000000cac00000| Untracked 
|  59|0x00000000cad00000, 0x00000000cad00000, 0x00000000cae00000|  0%| F|  |TAMS 0x00000000cad00000, 0x00000000cad00000| Untracked 
|  60|0x00000000cae00000, 0x00000000cae00000, 0x00000000caf00000|  0%| F|  |TAMS 0x00000000cae00000, 0x00000000cae00000| Untracked 
|  61|0x00000000caf00000, 0x00000000caf10ea0, 0x00000000cb000000|  6%| S|CS|TAMS 0x00000000caf00000, 0x00000000caf00000| Complete 
|  62|0x00000000cb000000, 0x00000000cb0f87c0, 0x00000000cb100000| 97%| E|  |TAMS 0x00000000cb000000, 0x00000000cb000000| Complete 
|  63|0x00000000cb100000, 0x00000000cb200000, 0x00000000cb200000|100%| E|CS|TAMS 0x00000000cb100000, 0x00000000cb100000| Complete 
|  64|0x00000000cb200000, 0x00000000cb300000, 0x00000000cb300000|100%| E|CS|TAMS 0x00000000cb200000, 0x00000000cb200000| Complete 

Card table byte_map: [0x0000025672680000,0x0000025672850000] _byte_map_base: 0x0000025672047000

Marking Bits (Prev, Next): (CMBitMap*) 0x000002566a94fb60, (CMBitMap*) 0x000002566a94fba0
 Prev Bits: [0x0000025672a20000, 0x0000025673858000)
 Next Bits: [0x0000025673860000, 0x0000025674698000)

Polling page: 0x000002566a0e0000

Metaspace:

Usage:
  Non-class:     49.44 MB used.
      Class:      7.47 MB used.
       Both:     56.91 MB used.

Virtual space:
  Non-class space:       56.00 MB reserved,      49.69 MB ( 89%) committed,  7 nodes.
      Class space:        1.00 GB reserved,       7.69 MB ( <1%) committed,  1 nodes.
             Both:        1.05 GB reserved,      57.38 MB (  5%) committed. 

Chunk freelists:
   Non-Class:  2.08 MB
       Class:  238.00 KB
        Both:  2.31 MB

MaxMetaspaceSize: unlimited
CompressedClassSpaceSize: 1.00 GB
Initial GC threshold: 21.00 MB
Current GC threshold: 91.50 MB
CDS: on
MetaspaceReclaimPolicy: balanced
 - commit_granule_bytes: 65536.
 - commit_granule_words: 8192.
 - virtual_space_node_default_size: 1048576.
 - enlarge_chunks_in_place: 1.
 - new_chunks_are_fully_committed: 0.
 - uncommit_free_chunks: 1.
 - use_allocation_guard: 0.
 - handle_deallocations: 1.


Internal statistics:

num_allocs_failed_limit: 6.
num_arena_births: 546.
num_arena_deaths: 0.
num_vsnodes_births: 8.
num_vsnodes_deaths: 0.
num_space_committed: 918.
num_space_uncommitted: 0.
num_chunks_returned_to_freelist: 6.
num_chunks_taken_from_freelist: 2679.
num_chunk_merges: 6.
num_chunk_splits: 1909.
num_chunks_enlarged: 1460.
num_purges: 0.
num_inconsistent_stats: 0.

CodeHeap 'non-profiled nmethods': size=120000Kb used=3350Kb max_used=3350Kb free=116649Kb
 bounds [0x0000025607ad0000, 0x0000025607e20000, 0x000002560f000000]
CodeHeap 'profiled nmethods': size=120000Kb used=11657Kb max_used=11657Kb free=108342Kb
 bounds [0x00000256005a0000, 0x0000025601110000, 0x0000025607ad0000]
CodeHeap 'non-nmethods': size=5760Kb used=1297Kb max_used=1327Kb free=4462Kb
 bounds [0x0000025600000000, 0x0000025600270000, 0x00000256005a0000]
 total_blobs=6701 nmethods=6085 adapters=526
 compilation: enabled
              stopped_count=0, restarted_count=0
 full_count=0

Compilation events (20 events):
Event: 197.676 Thread 0x0000025677063dd0 6978   !   3       org.postgresql.jdbc.PgStatement::closeForNextExecution (88 bytes)
Event: 197.677 Thread 0x0000025677063dd0 nmethod 6978 0x00000256010fea90 code [0x00000256010fec80, 0x00000256010ff368]
Event: 197.677 Thread 0x0000025677063dd0 6979       3       org.postgresql.jdbc.PgStatement::clearWarnings (6 bytes)
Event: 197.677 Thread 0x0000025677063dd0 nmethod 6979 0x00000256010ff610 code [0x00000256010ff7a0, 0x00000256010ff918]
Event: 197.677 Thread 0x0000025677063dd0 6980   !   3       org.postgresql.jdbc.PgStatement::closeUnclosedProcessedResults (68 bytes)
Event: 197.678 Thread 0x0000025677063dd0 nmethod 6980 0x00000256010ff990 code [0x00000256010ffb60, 0x0000025601100088]
Event: 197.694 Thread 0x0000025677063dd0 6981       1       jdk.internal.math.FloatingDecimal$BinaryToASCIIBuffer::setSign (6 bytes)
Event: 197.694 Thread 0x0000025677063dd0 nmethod 6981 0x0000025607e15090 code [0x0000025607e15220, 0x0000025607e152f8]
Event: 197.694 Thread 0x0000025677063dd0 6982       3       com.fasterxml.jackson.core.json.JsonWriteContext::clearAndGetParent (10 bytes)
Event: 197.694 Thread 0x0000025677063dd0 nmethod 6982 0x0000025601100290 code [0x0000025601100420, 0x0000025601100558]
Event: 197.694 Thread 0x0000025677063dd0 6983       1       java.lang.Double::doubleValue (5 bytes)
Event: 197.695 Thread 0x0000025677063dd0 nmethod 6983 0x0000025607e15390 code [0x0000025607e15520, 0x0000025607e155f8]
Event: 197.696 Thread 0x0000025677063dd0 6984       3       java.util.concurrent.locks.ReentrantReadWriteLock$Sync::tryAcquireShared (177 bytes)
Event: 197.697 Thread 0x0000025677063dd0 nmethod 6984 0x0000025601100610 code [0x0000025601100840, 0x0000025601101288]
Event: 197.698 Thread 0x0000025677063dd0 6985       3       java.util.concurrent.locks.ReentrantReadWriteLock$ReadLock::unlock (10 bytes)
Event: 197.698 Thread 0x0000025677063dd0 nmethod 6985 0x0000025601101510 code [0x00000256011016e0, 0x00000256011019b8]
Event: 197.698 Thread 0x0000025677063dd0 6986       3       java.util.concurrent.locks.ReentrantReadWriteLock$Sync::tryReleaseShared (146 bytes)
Event: 197.699 Thread 0x0000025677063dd0 nmethod 6986 0x0000025601101b10 code [0x0000025601101d40, 0x0000025601102778]
Event: 197.699 Thread 0x0000025677063dd0 6987       1       org.apache.catalina.core.ContainerBase::getParent (5 bytes)
Event: 197.700 Thread 0x0000025677063dd0 nmethod 6987 0x0000025607e15690 code [0x0000025607e15820, 0x0000025607e158f8]

GC Heap History (20 events):
Event: 22.662 GC heap before
{Heap before GC invocations=14 (full 0):
 garbage-first heap   total 51200K, used 39539K [0x00000000c7200000, 0x0000000100000000)
  region size 1024K, 19 young (19456K), 3 survivors (3072K)
 Metaspace       used 49563K, committed 49920K, reserved 1097728K
  class space    used 6599K, committed 6784K, reserved 1048576K
}
Event: 22.667 GC heap after
{Heap after GC invocations=15 (full 0):
 garbage-first heap   total 51200K, used 23897K [0x00000000c7200000, 0x0000000100000000)
  region size 1024K, 2 young (2048K), 2 survivors (2048K)
 Metaspace       used 49563K, committed 49920K, reserved 1097728K
  class space    used 6599K, committed 6784K, reserved 1048576K
}
Event: 24.171 GC heap before
{Heap before GC invocations=15 (full 0):
 garbage-first heap   total 51200K, used 39257K [0x00000000c7200000, 0x0000000100000000)
  region size 1024K, 18 young (18432K), 2 survivors (2048K)
 Metaspace       used 52289K, committed 52672K, reserved 1097728K
  class space    used 6923K, committed 7104K, reserved 1048576K
}
Event: 24.181 GC heap after
{Heap after GC invocations=16 (full 0):
 garbage-first heap   total 51200K, used 25472K [0x00000000c7200000, 0x0000000100000000)
  region size 1024K, 3 young (3072K), 3 survivors (3072K)
 Metaspace       used 52289K, committed 52672K, reserved 1097728K
  class space    used 6923K, committed 7104K, reserved 1048576K
}
Event: 24.533 GC heap before
{Heap before GC invocations=17 (full 0):
 garbage-first heap   total 51200K, used 27520K [0x00000000c7200000, 0x0000000100000000)
  region size 1024K, 7 young (7168K), 3 survivors (3072K)
 Metaspace       used 52391K, committed 52736K, reserved 1097728K
  class space    used 6944K, committed 7104K, reserved 1048576K
}
Event: 24.541 GC heap after
{Heap after GC invocations=18 (full 0):
 garbage-first heap   total 51200K, used 26320K [0x00000000c7200000, 0x0000000100000000)
  region size 1024K, 3 young (3072K), 3 survivors (3072K)
 Metaspace       used 52391K, committed 52736K, reserved 1097728K
  class space    used 6944K, committed 7104K, reserved 1048576K
}
Event: 24.733 GC heap before
{Heap before GC invocations=19 (full 0):
 garbage-first heap   total 58368K, used 40656K [0x00000000c7200000, 0x0000000100000000)
  region size 1024K, 16 young (16384K), 3 survivors (3072K)
 Metaspace       used 52436K, committed 52864K, reserved 1097728K
  class space    used 6946K, committed 7168K, reserved 1048576K
}
Event: 24.740 GC heap after
{Heap after GC invocations=20 (full 0):
 garbage-first heap   total 58368K, used 29629K [0x00000000c7200000, 0x0000000100000000)
  region size 1024K, 2 young (2048K), 2 survivors (2048K)
 Metaspace       used 52436K, committed 52864K, reserved 1097728K
  class space    used 6946K, committed 7168K, reserved 1048576K
}
Event: 24.929 GC heap before
{Heap before GC invocations=20 (full 0):
 garbage-first heap   total 58368K, used 43965K [0x00000000c7200000, 0x0000000100000000)
  region size 1024K, 17 young (17408K), 2 survivors (2048K)
 Metaspace       used 52453K, committed 52864K, reserved 1097728K
  class space    used 6949K, committed 7168K, reserved 1048576K
}
Event: 24.936 GC heap after
{Heap after GC invocations=21 (full 0):
 garbage-first heap   total 58368K, used 32922K [0x00000000c7200000, 0x0000000100000000)
  region size 1024K, 3 young (3072K), 3 survivors (3072K)
 Metaspace       used 52453K, committed 52864K, reserved 1097728K
  class space    used 6949K, committed 7168K, reserved 1048576K
}
Event: 25.873 GC heap before
{Heap before GC invocations=22 (full 0):
 garbage-first heap   total 63488K, used 43162K [0x00000000c7200000, 0x0000000100000000)
  region size 1024K, 13 young (13312K), 3 survivors (3072K)
 Metaspace       used 53689K, committed 54080K, reserved 1097728K
  class space    used 7104K, committed 7296K, reserved 1048576K
}
Event: 25.880 GC heap after
{Heap after GC invocations=23 (full 0):
 garbage-first heap   total 63488K, used 35346K [0x00000000c7200000, 0x0000000100000000)
  region size 1024K, 2 young (2048K), 2 survivors (2048K)
 Metaspace       used 53689K, committed 54080K, reserved 1097728K
  class space    used 7104K, committed 7296K, reserved 1048576K
}
Event: 190.058 GC heap before
{Heap before GC invocations=23 (full 0):
 garbage-first heap   total 63488K, used 46610K [0x00000000c7200000, 0x0000000100000000)
  region size 1024K, 13 young (13312K), 2 survivors (2048K)
 Metaspace       used 55630K, committed 56000K, reserved 1097728K
  class space    used 7342K, committed 7552K, reserved 1048576K
}
Event: 190.208 GC heap after
{Heap after GC invocations=24 (full 0):
 garbage-first heap   total 63488K, used 36927K [0x00000000c7200000, 0x0000000100000000)
  region size 1024K, 2 young (2048K), 2 survivors (2048K)
 Metaspace       used 55630K, committed 56000K, reserved 1097728K
  class space    used 7342K, committed 7552K, reserved 1048576K
}
Event: 193.280 GC heap before
{Heap before GC invocations=25 (full 0):
 garbage-first heap   total 66560K, used 46143K [0x00000000c7200000, 0x0000000100000000)
  region size 1024K, 12 young (12288K), 2 survivors (2048K)
 Metaspace       used 57943K, committed 58432K, reserved 1105920K
  class space    used 7628K, committed 7872K, reserved 1048576K
}
Event: 193.302 GC heap after
{Heap after GC invocations=26 (full 0):
 garbage-first heap   total 66560K, used 38322K [0x00000000c7200000, 0x0000000100000000)
  region size 1024K, 2 young (2048K), 2 survivors (2048K)
 Metaspace       used 57943K, committed 58432K, reserved 1105920K
  class space    used 7628K, committed 7872K, reserved 1048576K
}
Event: 193.553 GC heap before
{Heap before GC invocations=26 (full 0):
 garbage-first heap   total 66560K, used 39346K [0x00000000c7200000, 0x0000000100000000)
  region size 1024K, 3 young (3072K), 2 survivors (2048K)
 Metaspace       used 57956K, committed 58496K, reserved 1105920K
  class space    used 7630K, committed 7872K, reserved 1048576K
}
Event: 193.585 GC heap after
{Heap after GC invocations=27 (full 0):
 garbage-first heap   total 66560K, used 34040K [0x00000000c7200000, 0x0000000100000000)
  region size 1024K, 1 young (1024K), 1 survivors (1024K)
 Metaspace       used 57956K, committed 58496K, reserved 1105920K
  class space    used 7630K, committed 7872K, reserved 1048576K
}
Event: 193.608 GC heap before
{Heap before GC invocations=27 (full 0):
 garbage-first heap   total 66560K, used 35064K [0x00000000c7200000, 0x0000000100000000)
  region size 1024K, 3 young (3072K), 1 survivors (1024K)
 Metaspace       used 57977K, committed 58496K, reserved 1105920K
  class space    used 7633K, committed 7872K, reserved 1048576K
}
Event: 193.614 GC heap after
{Heap after GC invocations=28 (full 0):
 garbage-first heap   total 66560K, used 33364K [0x00000000c7200000, 0x0000000100000000)
  region size 1024K, 1 young (1024K), 1 survivors (1024K)
 Metaspace       used 57977K, committed 58496K, reserved 1105920K
  class space    used 7633K, committed 7872K, reserved 1048576K
}

Deoptimization events (20 events):
Event: 193.589 Thread 0x0000025679693060 DEOPT PACKING pc=0x0000025607bf4278 sp=0x000000720defcfb0
Event: 193.589 Thread 0x0000025679693060 DEOPT UNPACKING pc=0x00000256000523a3 sp=0x000000720defcf08 mode 2
Event: 193.618 Thread 0x0000025679695210 Uncommon trap: trap_request=0xffffff45 fr.pc=0x0000025607db62b0 relative=0x0000000000000290
Event: 193.618 Thread 0x0000025679695210 Uncommon trap: reason=unstable_if action=reinterpret pc=0x0000025607db62b0 method=java.lang.invoke.MethodType.equals(Ljava/lang/Object;)Z @ 11 c2
Event: 193.618 Thread 0x0000025679695210 DEOPT PACKING pc=0x0000025607db62b0 sp=0x000000720ddfbee0
Event: 193.618 Thread 0x0000025679695210 DEOPT UNPACKING pc=0x00000256000523a3 sp=0x000000720ddfbea8 mode 2
Event: 193.618 Thread 0x0000025679695210 Uncommon trap: trap_request=0xffffff54 fr.pc=0x0000025607d22310 relative=0x00000000000029d0
Event: 193.618 Thread 0x0000025679695210 Uncommon trap: reason=speculate_null_assert action=make_not_entrant pc=0x0000025607d22310 method=java.lang.invoke.MethodType$ConcurrentWeakInternSet.add(Ljava/lang/Object;)Ljava/lang/Object; @ 47 c2
Event: 193.618 Thread 0x0000025679695210 DEOPT PACKING pc=0x0000025607d22310 sp=0x000000720ddfc0e0
Event: 193.618 Thread 0x0000025679695210 DEOPT UNPACKING pc=0x00000256000523a3 sp=0x000000720ddfc078 mode 2
Event: 193.672 Thread 0x0000025679694d40 Uncommon trap: trap_request=0xffffff45 fr.pc=0x0000025607c29b70 relative=0x0000000000002790
Event: 193.672 Thread 0x0000025679694d40 Uncommon trap: reason=unstable_if action=reinterpret pc=0x0000025607c29b70 method=java.lang.reflect.Executable.declaredAnnotations()Ljava/util/Map; @ 19 c2
Event: 193.672 Thread 0x0000025679694d40 DEOPT PACKING pc=0x0000025607c29b70 sp=0x000000720d7fd110
Event: 193.672 Thread 0x0000025679694d40 DEOPT UNPACKING pc=0x00000256000523a3 sp=0x000000720d7fd0c8 mode 2
Event: 193.680 Thread 0x0000025679695bb0 Uncommon trap: trap_request=0xffffff45 fr.pc=0x0000025607c29b70 relative=0x0000000000002790
Event: 193.680 Thread 0x0000025679695bb0 Uncommon trap: reason=unstable_if action=reinterpret pc=0x0000025607c29b70 method=java.lang.reflect.Executable.declaredAnnotations()Ljava/util/Map; @ 19 c2
Event: 193.681 Thread 0x0000025679695bb0 DEOPT PACKING pc=0x0000025607c29b70 sp=0x000000720d8fd4c0
Event: 193.681 Thread 0x0000025679695bb0 DEOPT UNPACKING pc=0x00000256000523a3 sp=0x000000720d8fd478 mode 2
Event: 197.489 Thread 0x0000025679696080 DEOPT PACKING pc=0x00000256005db583 sp=0x000000720dcfc630
Event: 197.489 Thread 0x0000025679696080 DEOPT UNPACKING pc=0x0000025600052b43 sp=0x000000720dcfbac8 mode 0

Classes unloaded (0 events):
No events

Classes redefined (0 events):
No events

Internal exceptions (20 events):
Event: 22.672 Thread 0x000002566a914500 Exception <a 'java/lang/ClassNotFoundException'{0x00000000cab132d0}: org/springframework/beans/factory/AwareCustomizer> (0x00000000cab132d0) 
thrown [t:\workspace\open\src\hotspot\share\classfile\systemDictionary.cpp, line 256]
Event: 22.673 Thread 0x000002566a914500 Exception <a 'java/lang/ClassNotFoundException'{0x00000000cab16380}: org/springframework/web/context/ServletContextAwareCustomizer> (0x00000000cab16380) 
thrown [t:\workspace\open\src\hotspot\share\classfile\systemDictionary.cpp, line 256]
Event: 22.674 Thread 0x000002566a914500 Exception <a 'java/lang/ClassNotFoundException'{0x00000000cab1a560}: org/springframework/beans/factory/AwareCustomizer> (0x00000000cab1a560) 
thrown [t:\workspace\open\src\hotspot\share\classfile\systemDictionary.cpp, line 256]
Event: 23.799 Thread 0x000002566a914500 Exception <a 'java/lang/IncompatibleClassChangeError'{0x00000000c9648388}: Found class java.lang.Object, but interface was expected> (0x00000000c9648388) 
thrown [t:\workspace\open\src\hotspot\share\interpreter\linkResolver.cpp, line 833]
Event: 25.056 Thread 0x0000025679696550 Implicit null exception at 0x0000025607cc0a6c to 0x0000025607cc0b14
Event: 26.586 Thread 0x000002566a914500 Exception <a 'java/lang/NoSuchMethodError'{0x00000000ca880b68}: 'java.lang.Object java.lang.invoke.DirectMethodHandle$Holder.invokeSpecial(java.lang.Object, java.lang.Object, int, java.lang.Object, int, java.lang.Object)'> (0x00000000ca880b68) 
thrown [t:\workspace\open\src\hotspot\share\interpreter\linkResolver.cpp, line 766]
Event: 26.590 Thread 0x000002566a914500 Exception <a 'java/lang/NoSuchMethodError'{0x00000000ca888968}: 'java.lang.Object java.lang.invoke.DirectMethodHandle$Holder.newInvokeSpecial(java.lang.Object, java.lang.Object, int, java.lang.Object, int)'> (0x00000000ca888968) 
thrown [t:\workspace\open\src\hotspot\share\interpreter\linkResolver.cpp, line 766]
Event: 26.592 Thread 0x000002566a914500 Exception <a 'java/lang/NoSuchMethodError'{0x00000000ca88ca68}: 'java.lang.Object java.lang.invoke.DirectMethodHandle$Holder.invokeSpecial(java.lang.Object, java.lang.Object, java.lang.Object, int, java.lang.Object, int)'> (0x00000000ca88ca68) 
thrown [t:\workspace\open\src\hotspot\share\interpreter\linkResolver.cpp, line 766]
Event: 26.597 Thread 0x000002566a914500 Exception <a 'java/lang/NoSuchMethodError'{0x00000000ca896b60}: 'void java.lang.invoke.DirectMethodHandle$Holder.invokeVirtual(java.lang.Object, java.lang.Object)'> (0x00000000ca896b60) 
thrown [t:\workspace\open\src\hotspot\share\interpreter\linkResolver.cpp, line 766]
Event: 191.793 Thread 0x00000256796956e0 Exception <a 'java/lang/NoSuchMethodError'{0x00000000cb1e76b0}: 'java.lang.Object java.lang.invoke.DirectMethodHandle$Holder.invokeInterface(java.lang.Object, java.lang.Object, java.lang.Object, java.lang.Object)'> (0x00000000cb1e76b0) 
thrown [t:\workspace\open\src\hotspot\share\interpreter\linkResolver.cpp, line 766]
Event: 192.028 Thread 0x00000256796956e0 Exception <a 'java/lang/NoSuchMethodError'{0x00000000cb0b1b58}: 'java.lang.Object java.lang.invoke.DirectMethodHandle$Holder.invokeStaticInit(java.lang.Object, java.lang.Object, java.lang.Object, java.lang.Object, java.lang.Object, java.lang.Object)'> (0x00000000cb0b1b58) 
thrown [t:\workspace\open\src\hotspot\share\interpreter\linkResolver.cpp, line 766]
Event: 193.586 Thread 0x0000025679693060 Implicit null exception at 0x0000025607b015bd to 0x0000025607b01adc
Event: 193.636 Thread 0x0000025679694d40 Exception <a 'sun/nio/fs/WindowsException'{0x00000000cb20a288}> (0x00000000cb20a288) 
thrown [t:\workspace\open\src\hotspot\share\prims\jni.cpp, line 516]
Event: 193.637 Thread 0x0000025679695bb0 Exception <a 'sun/nio/fs/WindowsException'{0x00000000cb2116a8}> (0x00000000cb2116a8) 
thrown [t:\workspace\open\src\hotspot\share\prims\jni.cpp, line 516]
Event: 193.638 Thread 0x0000025679696550 Exception <a 'sun/nio/fs/WindowsException'{0x00000000cb231e28}> (0x00000000cb231e28) 
thrown [t:\workspace\open\src\hotspot\share\prims\jni.cpp, line 516]
Event: 193.717 Thread 0x0000025679696080 Exception <a 'sun/nio/fs/WindowsException'{0x00000000cb12a418}> (0x00000000cb12a418) 
thrown [t:\workspace\open\src\hotspot\share\prims\jni.cpp, line 516]
Event: 194.077 Thread 0x0000025679693ed0 Exception <a 'java/net/SocketException'{0x00000000cb131640}: Connection reset by peer: shutdown> (0x00000000cb131640) 
thrown [t:\workspace\open\src\hotspot\share\prims\jni.cpp, line 535]
Event: 194.081 Thread 0x0000025679693530 Exception <a 'java/net/SocketException'{0x00000000cb156210}: Connection reset by peer: shutdown> (0x00000000cb156210) 
thrown [t:\workspace\open\src\hotspot\share\prims\jni.cpp, line 535]
Event: 194.082 Thread 0x00000256796956e0 Exception <a 'sun/nio/fs/WindowsException'{0x00000000cb13ee68}> (0x00000000cb13ee68) 
thrown [t:\workspace\open\src\hotspot\share\prims\jni.cpp, line 516]
Event: 194.090 Thread 0x00000256796956e0 Exception <a 'java/io/IOException'{0x00000000cb143308}> (0x00000000cb143308) 
thrown [t:\workspace\open\src\hotspot\share\prims\jni.cpp, line 516]

VM Operations (20 events):
Event: 191.011 Executing VM operation: HandshakeAllThreads
Event: 191.011 Executing VM operation: HandshakeAllThreads done
Event: 191.826 Executing VM operation: HandshakeAllThreads
Event: 191.827 Executing VM operation: HandshakeAllThreads done
Event: 191.827 Executing VM operation: Cleanup
Event: 191.827 Executing VM operation: Cleanup done
Event: 192.304 Executing VM operation: HandshakeAllThreads
Event: 192.304 Executing VM operation: HandshakeAllThreads done
Event: 192.432 Executing VM operation: HandshakeAllThreads
Event: 192.433 Executing VM operation: HandshakeAllThreads done
Event: 193.280 Executing VM operation: G1CollectForAllocation
Event: 193.302 Executing VM operation: G1CollectForAllocation done
Event: 193.322 Executing VM operation: G1CollectForAllocation
Event: 193.586 Executing VM operation: G1CollectForAllocation done
Event: 193.608 Executing VM operation: G1CollectForAllocation
Event: 193.614 Executing VM operation: G1CollectForAllocation done
Event: 194.614 Executing VM operation: Cleanup
Event: 194.614 Executing VM operation: Cleanup done
Event: 197.631 Executing VM operation: Cleanup
Event: 197.631 Executing VM operation: Cleanup done

Events (20 events):
Event: 192.338 loading class java/util/OptionalDouble
Event: 192.338 loading class java/util/OptionalDouble done
Event: 192.388 loading class java/util/concurrent/atomic/AtomicReferenceArray
Event: 192.388 loading class java/util/concurrent/atomic/AtomicReferenceArray done
Event: 192.414 loading class java/util/stream/LongStream
Event: 192.415 loading class java/util/stream/LongStream done
Event: 192.415 loading class java/util/stream/DoubleStream
Event: 192.416 loading class java/util/stream/DoubleStream done
Event: 192.475 loading class org/w3c/dom/Document
Event: 192.477 loading class org/w3c/dom/Document done
Event: 192.546 loading class java/nio/StringCharBuffer
Event: 192.548 loading class java/nio/StringCharBuffer done
Event: 193.183 loading class java/util/concurrent/locks/ReentrantReadWriteLock$Sync$HoldCounter
Event: 193.184 loading class java/util/concurrent/locks/ReentrantReadWriteLock$Sync$HoldCounter done
Event: 193.673 loading class java/net/HttpURLConnection
Event: 193.674 loading class java/net/UrlDeserializedState
Event: 193.674 loading class java/net/UrlDeserializedState done
Event: 193.677 loading class java/net/HttpURLConnection done
Event: 194.090 loading class sun/net/ConnectionResetException
Event: 194.091 loading class sun/net/ConnectionResetException done


Dynamic libraries:
0x00007ff760a00000 - 0x00007ff760a10000 	C:\Program Files\Java\jdk-17.0.3.1\bin\java.exe
0x00007fff867b0000 - 0x00007fff869a8000 	C:\Windows\SYSTEM32\ntdll.dll
0x00007fff86270000 - 0x00007fff86332000 	C:\Windows\System32\KERNEL32.DLL
0x00007fff83e80000 - 0x00007fff8417e000 	C:\Windows\System32\KERNELBASE.dll
0x00007fff84630000 - 0x00007fff84730000 	C:\Windows\System32\ucrtbase.dll
0x00007fff81220000 - 0x00007fff8123a000 	C:\Program Files\Java\jdk-17.0.3.1\bin\VCRUNTIME140.dll
0x00007fff81240000 - 0x00007fff81258000 	C:\Program Files\Java\jdk-17.0.3.1\bin\jli.dll
0x00007fff86060000 - 0x00007fff86112000 	C:\Windows\System32\ADVAPI32.dll
0x00007fff86150000 - 0x00007fff861ee000 	C:\Windows\System32\msvcrt.dll
0x00007fff85cf0000 - 0x00007fff85d90000 	C:\Windows\System32\sechost.dll
0x00007fff85010000 - 0x00007fff85133000 	C:\Windows\System32\RPCRT4.dll
0x00007fff83e50000 - 0x00007fff83e77000 	C:\Windows\System32\bcrypt.dll
0x00007fff864c0000 - 0x00007fff8665d000 	C:\Windows\System32\USER32.dll
0x00007fff5fe50000 - 0x00007fff600ea000 	C:\Windows\WinSxS\amd64_microsoft.windows.common-controls_6595b64144ccf1df_6.0.19041.4355_none_60b8b9eb71f62e16\COMCTL32.dll
0x00007fff84730000 - 0x00007fff84752000 	C:\Windows\System32\win32u.dll
0x00007fff86030000 - 0x00007fff8605b000 	C:\Windows\System32\GDI32.dll
0x00007fff84220000 - 0x00007fff84337000 	C:\Windows\System32\gdi32full.dll
0x00007fff84180000 - 0x00007fff8421d000 	C:\Windows\System32\msvcp_win.dll
0x00007fff78c10000 - 0x00007fff78c1a000 	C:\Windows\SYSTEM32\VERSION.dll
0x00007fff86120000 - 0x00007fff8614f000 	C:\Windows\System32\IMM32.DLL
0x00007fff81210000 - 0x00007fff8121c000 	C:\Program Files\Java\jdk-17.0.3.1\bin\vcruntime140_1.dll
0x00007fff47af0000 - 0x00007fff47b7d000 	C:\Program Files\Java\jdk-17.0.3.1\bin\msvcp140.dll
0x00007fff312b0000 - 0x00007fff31e70000 	C:\Program Files\Java\jdk-17.0.3.1\bin\server\jvm.dll
0x00007fff861f0000 - 0x00007fff861f8000 	C:\Windows\System32\PSAPI.DLL
0x00007fff78030000 - 0x00007fff78057000 	C:\Windows\SYSTEM32\WINMM.dll
0x00007fff5d140000 - 0x00007fff5d149000 	C:\Windows\SYSTEM32\WSOCK32.dll
0x00007fff86200000 - 0x00007fff8626b000 	C:\Windows\System32\WS2_32.dll
0x00007fff81c90000 - 0x00007fff81ca2000 	C:\Windows\SYSTEM32\kernel.appcore.dll
0x00007fff81020000 - 0x00007fff8102a000 	C:\Program Files\Java\jdk-17.0.3.1\bin\jimage.dll
0x00007fff6f970000 - 0x00007fff6fb54000 	C:\Windows\SYSTEM32\DBGHELP.DLL
0x00007fff6f7d0000 - 0x00007fff6f804000 	C:\Windows\SYSTEM32\dbgcore.DLL
0x00007fff845a0000 - 0x00007fff84622000 	C:\Windows\System32\bcryptPrimitives.dll
0x00007fff58e80000 - 0x00007fff58e8e000 	C:\Program Files\Java\jdk-17.0.3.1\bin\instrument.dll
0x00007fff74cc0000 - 0x00007fff74ce5000 	C:\Program Files\Java\jdk-17.0.3.1\bin\java.dll
0x00007fff3a8f0000 - 0x00007fff3a9c6000 	C:\Program Files\Java\jdk-17.0.3.1\bin\jsvml.dll
0x00007fff852a0000 - 0x00007fff85a0f000 	C:\Windows\System32\SHELL32.dll
0x00007fff81e90000 - 0x00007fff82634000 	C:\Windows\SYSTEM32\windows.storage.dll
0x00007fff847d0000 - 0x00007fff84b23000 	C:\Windows\System32\combase.dll
0x00007fff836d0000 - 0x00007fff836fe000 	C:\Windows\SYSTEM32\Wldp.dll
0x00007fff85da0000 - 0x00007fff85e6d000 	C:\Windows\System32\OLEAUT32.dll
0x00007fff85a90000 - 0x00007fff85b3d000 	C:\Windows\System32\SHCORE.dll
0x00007fff86660000 - 0x00007fff866b5000 	C:\Windows\System32\shlwapi.dll
0x00007fff83d80000 - 0x00007fff83da4000 	C:\Windows\SYSTEM32\profapi.dll
0x00007fff58ec0000 - 0x00007fff58ed8000 	C:\Program Files\Java\jdk-17.0.3.1\bin\zip.dll
0x00007fff58f30000 - 0x00007fff58f49000 	C:\Program Files\Java\jdk-17.0.3.1\bin\net.dll
0x00007fff7c530000 - 0x00007fff7c63d000 	C:\Windows\SYSTEM32\WINHTTP.dll
0x00007fff834b0000 - 0x00007fff8351a000 	C:\Windows\system32\mswsock.dll
0x00007fff58f10000 - 0x00007fff58f26000 	C:\Program Files\Java\jdk-17.0.3.1\bin\nio.dll
0x00007fff48390000 - 0x00007fff483aa000 	C:\Program Files\JetBrains\IntelliJ IDEA Community Edition 2022.1.3\bin\breakgen64.dll
0x00007fff76570000 - 0x00007fff76580000 	C:\Program Files\Java\jdk-17.0.3.1\bin\verify.dll
0x00007fff74cb0000 - 0x00007fff74cb9000 	C:\Program Files\Java\jdk-17.0.3.1\bin\management.dll
0x00007fff72b10000 - 0x00007fff72b1b000 	C:\Program Files\Java\jdk-17.0.3.1\bin\management_ext.dll
0x00007fff58cb0000 - 0x00007fff58cc7000 	C:\Windows\system32\napinsp.dll
0x00007fff58c90000 - 0x00007fff58cab000 	C:\Windows\system32\pnrpnsp.dll
0x00007fff7e660000 - 0x00007fff7e675000 	C:\Windows\system32\wshbth.dll
0x00007fff80640000 - 0x00007fff8065d000 	C:\Windows\system32\NLAapi.dll
0x00007fff831b0000 - 0x00007fff831eb000 	C:\Windows\SYSTEM32\IPHLPAPI.DLL
0x00007fff831f0000 - 0x00007fff832ba000 	C:\Windows\SYSTEM32\DNSAPI.dll
0x00007fff84b30000 - 0x00007fff84b38000 	C:\Windows\System32\NSI.dll
0x00007fff582f0000 - 0x00007fff58302000 	C:\Windows\System32\winrnr.dll
0x00007fff7cb20000 - 0x00007fff7cb2a000 	C:\Windows\System32\rasadhlp.dll
0x00007fff7b060000 - 0x00007fff7b0e0000 	C:\Windows\System32\fwpuclnt.dll
0x00007fff83710000 - 0x00007fff83728000 	C:\Windows\SYSTEM32\CRYPTSP.dll
0x00007fff82df0000 - 0x00007fff82e24000 	C:\Windows\system32\rsaenh.dll
0x00007fff83c90000 - 0x00007fff83cbe000 	C:\Windows\SYSTEM32\USERENV.dll
0x00007fff83640000 - 0x00007fff8364c000 	C:\Windows\SYSTEM32\CRYPTBASE.dll
0x00007fff7cd80000 - 0x00007fff7cd97000 	C:\Windows\SYSTEM32\dhcpcsvc6.DLL
0x00007fff7cd00000 - 0x00007fff7cd1d000 	C:\Windows\SYSTEM32\dhcpcsvc.DLL
0x00007fff592d0000 - 0x00007fff592de000 	C:\Program Files\Java\jdk-17.0.3.1\bin\sunmscapi.dll
0x00007fff84340000 - 0x00007fff8449c000 	C:\Windows\System32\CRYPT32.dll
0x00007fff83820000 - 0x00007fff83847000 	C:\Windows\SYSTEM32\ncrypt.dll
0x00007fff837e0000 - 0x00007fff8381b000 	C:\Windows\SYSTEM32\NTASN1.dll
0x00007fff58e70000 - 0x00007fff58e77000 	C:\Windows\system32\wshunix.dll

dbghelp: loaded successfully - version: 4.0.5 - missing functions: none
symbol engine: initialized successfully - sym options: 0x614 - pdb path: .;C:\Program Files\Java\jdk-17.0.3.1\bin;C:\Windows\SYSTEM32;C:\Windows\WinSxS\amd64_microsoft.windows.common-controls_6595b64144ccf1df_6.0.19041.4355_none_60b8b9eb71f62e16;C:\Program Files\Java\jdk-17.0.3.1\bin\server;C:\Program Files\JetBrains\IntelliJ IDEA Community Edition 2022.1.3\bin

VM Arguments:
jvm_args: -javaagent:C:\Program Files\JetBrains\IntelliJ IDEA Community Edition 2022.1.3\lib\idea_rt.jar=64545:C:\Program Files\JetBrains\IntelliJ IDEA Community Edition 2022.1.3\bin -Dfile.encoding=UTF-8 
java_command: com.developer.onlybuns.OnlyBunsApplication
java_class_path (initial): C:\Users\Lenovo\Documents\GitHub\ISA2024-25\OnlyBunsApplication\target\classes;C:\Users\Lenovo\.m2\repository\org\springframework\boot\spring-boot-starter-data-jpa\2.5.2\spring-boot-starter-data-jpa-2.5.2.jar;C:\Users\Lenovo\.m2\repository\org\springframework\boot\spring-boot-starter-aop\2.5.2\spring-boot-starter-aop-2.5.2.jar;C:\Users\Lenovo\.m2\repository\org\springframework\spring-aop\5.3.8\spring-aop-5.3.8.jar;C:\Users\Lenovo\.m2\repository\org\aspectj\aspectjweaver\1.9.6\aspectjweaver-1.9.6.jar;C:\Users\Lenovo\.m2\repository\org\springframework\boot\spring-boot-starter-jdbc\2.5.2\spring-boot-starter-jdbc-2.5.2.jar;C:\Users\Lenovo\.m2\repository\com\zaxxer\HikariCP\4.0.3\HikariCP-4.0.3.jar;C:\Users\Lenovo\.m2\repository\org\springframework\spring-jdbc\5.3.8\spring-jdbc-5.3.8.jar;C:\Users\Lenovo\.m2\repository\jakarta\transaction\jakarta.transaction-api\1.3.3\jakarta.transaction-api-1.3.3.jar;C:\Users\Lenovo\.m2\repository\jakarta\persistence\jakarta.persistence-api\2.2.3\jakarta.persistence-api-2.2.3.jar;C:\Users\Lenovo\.m2\repository\org\hibernate\hibernate-core\5.4.32.Final\hibernate-core-5.4.32.Final.jar;C:\Users\Lenovo\.m2\repository\org\jboss\logging\jboss-logging\3.4.2.Final\jboss-logging-3.4.2.Final.jar;C:\Users\Lenovo\.m2\repository\org\javassist\javassist\3.27.0-GA\javassist-3.27.0-GA.jar;C:\Users\Lenovo\.m2\repository\net\bytebuddy\byte-buddy\1.10.22\byte-buddy-1.10.22.jar;C:\Users\Lenovo\.m2\repository\antlr\antlr\2.7.7\antlr-2.7.7.jar;C:\Users\Lenovo\.m2\repository\org\jboss\jandex\2.2.3.Final\jandex-2.2.3.Final.jar;C:\Users\Lenovo\.m2\repository\com\fasterxml\classmate\1.5.1\classmate-1.5.1.jar;C:\Users\Lenovo\.m2\repository\org\dom4j\dom4j\2.1.3\dom4j-2.1.3.jar;C:\Users\Lenovo\.m2\repository\org\hibernate\common\hibernate-commons-annotations\5.1.2.Final\hibernate-commons-annotations-5.1.2.Final.jar;C:\Users\Lenovo\.m2\repository\org\glassfish\jaxb\jaxb-runtime\2.3.4\jaxb-runtime-2.3.4.jar;C:\Users\Lenovo\.m2\repository\
Launcher Type: SUN_STANDARD

[Global flags]
     intx CICompilerCount                          = 4                                         {product} {ergonomic}
     uint ConcGCThreads                            = 2                                         {product} {ergonomic}
     uint G1ConcRefinementThreads                  = 8                                         {product} {ergonomic}
   size_t G1HeapRegionSize                         = 1048576                                   {product} {ergonomic}
    uintx GCDrainStackTargetSize                   = 64                                        {product} {ergonomic}
   size_t InitialHeapSize                          = 60817408                                  {product} {ergonomic}
   size_t MarkStackSize                            = 4194304                                   {product} {ergonomic}
   size_t MaxHeapSize                              = 954204160                                 {product} {ergonomic}
   size_t MaxNewSize                               = 572522496                                 {product} {ergonomic}
   size_t MinHeapDeltaBytes                        = 1048576                                   {product} {ergonomic}
   size_t MinHeapSize                              = 8388608                                   {product} {ergonomic}
    uintx NonNMethodCodeHeapSize                   = 5839372                                {pd product} {ergonomic}
    uintx NonProfiledCodeHeapSize                  = 122909434                              {pd product} {ergonomic}
    uintx ProfiledCodeHeapSize                     = 122909434                              {pd product} {ergonomic}
    uintx ReservedCodeCacheSize                    = 251658240                              {pd product} {ergonomic}
     bool SegmentedCodeCache                       = true                                      {product} {ergonomic}
   size_t SoftMaxHeapSize                          = 954204160                              {manageable} {ergonomic}
     bool UseCompressedClassPointers               = true                           {product lp64_product} {ergonomic}
     bool UseCompressedOops                        = true                           {product lp64_product} {ergonomic}
     bool UseG1GC                                  = true                                      {product} {ergonomic}
     bool UseLargePagesIndividualAllocation        = false                                  {pd product} {ergonomic}

Logging:
Log output configuration:
 #0: stdout all=warning uptime,level,tags
 #1: stderr all=off uptime,level,tags

Environment Variables:
PATH=C:\app\Lenovo\product\21c\dbhomeXE\bin;C:\oraclexe\app\oracle\product\11.2.0\server\bin;C:\Program Files\Common Files\Oracle\Java\javapath;C:\Program Files (x86)\Common Files\Oracle\Java\javapath;C:\Windows\system32;C:\Windows;C:\Windows\System32\Wbem;C:\Windows\System32\WindowsPowerShell\v1.0\;C:\Windows\System32\OpenSSH\;C:\Program Files\dotnet\;C:\Program Files (x86)\Microsoft SQL Server\160\Tools\Binn\;C:\Program Files\Microsoft SQL Server\160\Tools\Binn\;C:\Program Files\Microsoft SQL Server\Client SDK\ODBC\170\Tools\Binn\;C:\Program Files\Microsoft SQL Server\160\DTS\Binn\;C:\Program Files (x86)\Microsoft SQL Server\160\DTS\Binn\;C:\Program Files\Microsoft SQL Server\150\Tools\Binn\;C:\Program Files\nodejs\;C:\ProgramData\chocolatey\bin;C:\Program Files\Git\cmd;C:\Program Files (x86)\GnuWin32\bin;C:\Program Files\Go\bin;C:\Program Files\Docker\Docker\resources\bin;C:\protoc-26.1-win64\bin;C:\Program Files\MongoDB\Server\5.0\bin;C:\Users\Lenovo\AppData\Local\Programs\Python\Python312;C:\Users\Lenovo\AppData\Local\Programs\Python\Python311\Scripts\uvicorn;C:\Users\Lenovo\AppData\Local\Programs\Python\Python311\Scripts\;C:\Users\Lenovo\AppData\Local\Programs\Python\Python311\;C:\Program Files\MySQL\MySQL Shell 8.0\bin\;C:\Users\Lenovo\scoop\shims;C:\Users\Lenovo\AppData\Local\Microsoft\WindowsApps;C:\Users\Lenovo\AppData\Local\Programs\Microsoft VS Code\bin;C:\Users\Lenovo\AppData\Local\GitHubDesktop\bin;C:\Users\Lenovo\.dotnet\tools;C:\Program Files\Azure Data Studio\bin;C:\Users\Lenovo\AppData\Roaming\npm;C:\msys64\mingw64\bin;C:\Users\Lenovo\go\bin
USERNAME=Lenovo
OS=Windows_NT
PROCESSOR_IDENTIFIER=AMD64 Family 23 Model 17 Stepping 0, AuthenticAMD



---------------  S Y S T E M  ---------------

OS:
 Windows 10 , 64 bit Build 19041 (10.0.19041.4957)
OS uptime: 6 days 1:28 hours
Hyper-V role detected

CPU: total 8 (initial active 8) (8 cores per cpu, 2 threads per core) family 23 model 17 stepping 0 microcode 0x0, cx8, cmov, fxsr, ht, mmx, 3dnowpref, sse, sse2, sse3, ssse3, sse4a, sse4.1, sse4.2, popcnt, lzcnt, tsc, tscinvbit, avx, avx2, aes, clmul, bmi1, bmi2, adx, sha, fma, vzeroupper, clflush, clflushopt, hv

Memory: 4k page, system-wide physical 3638M (157M free)
TotalPageFile size 14902M (AvailPageFile size 7M)
current process WorkingSet (physical memory assigned to process): 156M, peak: 187M
current process commit charge ("private bytes"): 255M, peak: 258M

vm_info: Java HotSpot(TM) 64-Bit Server VM (17.0.3.1+2-LTS-6) for windows-amd64 JRE (17.0.3.1+2-LTS-6), built on Apr 25 2022 22:04:21 by "mach5one" with MS VC++ 16.8 / 16.9 (VS2019)

END.
