#
# There is insufficient memory for the Java Runtime Environment to continue.
# Native memory allocation (malloc) failed to allocate 1204176 bytes for Chunk::new
# Possible reasons:
#   The system is out of physical RAM or swap space
#   The process is running with CompressedOops enabled, and the Java Heap may be blocking the growth of the native heap
# Possible solutions:
#   Reduce memory load on the system
#   Increase physical memory or swap space
#   Check if swap backing store is full
#   Decrease Java heap size (-Xmx/-Xms)
#   Decrease number of Java threads
#   Decrease Java thread stack sizes (-Xss)
#   Set larger code cache with -XX:ReservedCodeCacheSize=
#   JVM is running with Unscaled Compressed Oops mode in which the Java heap is
#     placed in the first 4GB address space. The Java Heap base address is the
#     maximum limit for the native heap growth. Please use -XX:HeapBaseMinAddress
#     to set the Java Heap base and to place the Java Heap above 4GB virtual address.
# This output file may be truncated or incomplete.
#
#  Out of Memory Error (arena.cpp:189), pid=18656, tid=19412
#
# JRE version: Java(TM) SE Runtime Environment (17.0.3.1+2) (build 17.0.3.1+2-LTS-6)
# Java VM: Java HotSpot(TM) 64-Bit Server VM (17.0.3.1+2-LTS-6, mixed mode, sharing, tiered, compressed oops, compressed class ptrs, g1 gc, windows-amd64)
# No core dump will be written. Minidumps are not enabled by default on client versions of Windows
#

---------------  S U M M A R Y ------------

Command Line: -javaagent:C:\Program Files\JetBrains\IntelliJ IDEA Community Edition 2022.1.3\lib\idea_rt.jar=54886:C:\Program Files\JetBrains\IntelliJ IDEA Community Edition 2022.1.3\bin -Dfile.encoding=UTF-8 com.developer.onlybuns.OnlyBunsApplication

Host: AMD Ryzen 5 2500U with Radeon Vega Mobile Gfx  , 8 cores, 3G,  Windows 10 , 64 bit Build 19041 (10.0.19041.5072)
Time: Mon Dec  9 19:01:34 2024 Central Europe Standard Time elapsed time: 412.595876 seconds (0d 0h 6m 52s)

---------------  T H R E A D  ---------------

Current thread (0x00000204d20d2ce0):  JavaThread "C2 CompilerThread0" daemon [_thread_in_native, id=19412, stack(0x000000630e200000,0x000000630e300000)]


Current CompileTask:
C2: 412596 9039       4       org.hibernate.engine.jdbc.internal.BasicFormatterImpl$FormatProcess::perform (560 bytes)

Stack: [0x000000630e200000,0x000000630e300000]
Native frames: (J=compiled Java code, j=interpreted, Vv=VM code, C=native code)
V  [jvm.dll+0x6711ba]
V  [jvm.dll+0x7d0834]
V  [jvm.dll+0x7d1fde]
V  [jvm.dll+0x7d2643]
V  [jvm.dll+0x242c85]
V  [jvm.dll+0xaa57b]
V  [jvm.dll+0xaab0c]
V  [jvm.dll+0x2a99df]
V  [jvm.dll+0x579889]
V  [jvm.dll+0x21defd]
V  [jvm.dll+0x21e2df]
V  [jvm.dll+0x217bb5]
V  [jvm.dll+0x21507b]
V  [jvm.dll+0x1a1c3d]
V  [jvm.dll+0x2249c8]
V  [jvm.dll+0x222b2c]
V  [jvm.dll+0x78650b]
V  [jvm.dll+0x780aca]
V  [jvm.dll+0x670045]
C  [ucrtbase.dll+0x21bb2]
C  [KERNEL32.DLL+0x17374]
C  [ntdll.dll+0x4cc91]


---------------  P R O C E S S  ---------------

Threads class SMR info:
_java_thread_list=0x00000204d862a8b0, length=29, elements={
0x00000204d20af760, 0x00000204d20b02e0, 0x00000204d20c4b00, 0x00000204d20c53c0,
0x00000204d20c5c80, 0x00000204d20c6950, 0x00000204d20d2ce0, 0x00000204d20d35e0,
0x00000204d20de6c0, 0x00000204d2c67d50, 0x00000204d2e5a8e0, 0x00000204d2e5adb0,
0x00000204d4556940, 0x00000204d3eb8c30, 0x00000204d5f6e120, 0x00000204d41c5b10,
0x00000204d5ea2a00, 0x00000204d5ea3870, 0x00000204d5ea33a0, 0x00000204d5ea2060,
0x00000204d65edbb0, 0x00000204d65f0bd0, 0x00000204d65efd60, 0x00000204d65f28b0,
0x00000204d65f10a0, 0x00000204d65eba00, 0x00000204d65eb060, 0x00000204d65f1570,
0x00000204d65ed210
}

Java Threads: ( => current thread )
  0x00000204d20af760 JavaThread "Reference Handler" daemon [_thread_blocked, id=13640, stack(0x000000630dc00000,0x000000630dd00000)]
  0x00000204d20b02e0 JavaThread "Finalizer" daemon [_thread_blocked, id=9268, stack(0x000000630dd00000,0x000000630de00000)]
  0x00000204d20c4b00 JavaThread "Signal Dispatcher" daemon [_thread_blocked, id=4512, stack(0x000000630de00000,0x000000630df00000)]
  0x00000204d20c53c0 JavaThread "Attach Listener" daemon [_thread_blocked, id=12848, stack(0x000000630df00000,0x000000630e000000)]
  0x00000204d20c5c80 JavaThread "Service Thread" daemon [_thread_blocked, id=1628, stack(0x000000630e000000,0x000000630e100000)]
  0x00000204d20c6950 JavaThread "Monitor Deflation Thread" daemon [_thread_blocked, id=4728, stack(0x000000630e100000,0x000000630e200000)]
=>0x00000204d20d2ce0 JavaThread "C2 CompilerThread0" daemon [_thread_in_native, id=19412, stack(0x000000630e200000,0x000000630e300000)]
  0x00000204d20d35e0 JavaThread "C1 CompilerThread0" daemon [_thread_blocked, id=19384, stack(0x000000630e300000,0x000000630e400000)]
  0x00000204d20de6c0 JavaThread "Sweeper thread" daemon [_thread_blocked, id=11412, stack(0x000000630e400000,0x000000630e500000)]
  0x00000204d2c67d50 JavaThread "Common-Cleaner" daemon [_thread_blocked, id=12584, stack(0x000000630e500000,0x000000630e600000)]
  0x00000204d2e5a8e0 JavaThread "Monitor Ctrl-Break" daemon [_thread_in_native, id=2752, stack(0x000000630e600000,0x000000630e700000)]
  0x00000204d2e5adb0 JavaThread "Notification Thread" daemon [_thread_blocked, id=6260, stack(0x000000630e700000,0x000000630e800000)]
  0x00000204d4556940 JavaThread "Catalina-utility-1" [_thread_blocked, id=10012, stack(0x000000630f100000,0x000000630f200000)]
  0x00000204d3eb8c30 JavaThread "Catalina-utility-2" [_thread_blocked, id=15916, stack(0x000000630f200000,0x000000630f300000)]
  0x00000204d5f6e120 JavaThread "container-0" [_thread_blocked, id=18600, stack(0x000000630f300000,0x000000630f400000)]
  0x00000204d41c5b10 JavaThread "HikariPool-1 housekeeper" daemon [_thread_blocked, id=11332, stack(0x000000630f500000,0x000000630f600000)]
  0x00000204d5ea2a00 JavaThread "http-nio-8080-exec-1" daemon [_thread_blocked, id=6844, stack(0x000000630f600000,0x000000630f700000)]
  0x00000204d5ea3870 JavaThread "http-nio-8080-exec-2" daemon [_thread_blocked, id=17792, stack(0x000000630f700000,0x000000630f800000)]
  0x00000204d5ea33a0 JavaThread "http-nio-8080-exec-3" daemon [_thread_blocked, id=19488, stack(0x000000630f800000,0x000000630f900000)]
  0x00000204d5ea2060 JavaThread "http-nio-8080-exec-4" daemon [_thread_blocked, id=20244, stack(0x000000630f900000,0x000000630fa00000)]
  0x00000204d65edbb0 JavaThread "http-nio-8080-exec-5" daemon [_thread_blocked, id=7692, stack(0x000000630fa00000,0x000000630fb00000)]
  0x00000204d65f0bd0 JavaThread "http-nio-8080-exec-6" daemon [_thread_blocked, id=14916, stack(0x000000630fb00000,0x000000630fc00000)]
  0x00000204d65efd60 JavaThread "http-nio-8080-exec-7" daemon [_thread_blocked, id=2604, stack(0x000000630fc00000,0x000000630fd00000)]
  0x00000204d65f28b0 JavaThread "http-nio-8080-exec-8" daemon [_thread_blocked, id=18224, stack(0x000000630fd00000,0x000000630fe00000)]
  0x00000204d65f10a0 JavaThread "http-nio-8080-exec-9" daemon [_thread_blocked, id=14316, stack(0x000000630fe00000,0x000000630ff00000)]
  0x00000204d65eba00 JavaThread "http-nio-8080-exec-10" daemon [_thread_blocked, id=20256, stack(0x000000630ff00000,0x0000006310000000)]
  0x00000204d65eb060 JavaThread "http-nio-8080-Poller" daemon [_thread_in_native, id=19436, stack(0x0000006310000000,0x0000006310100000)]
  0x00000204d65f1570 JavaThread "http-nio-8080-Acceptor" daemon [_thread_in_native, id=14612, stack(0x0000006310100000,0x0000006310200000)]
  0x00000204d65ed210 JavaThread "DestroyJavaVM" [_thread_blocked, id=2668, stack(0x000000630d500000,0x000000630d600000)]

Other Threads:
  0x00000204d20aad50 VMThread "VM Thread" [stack: 0x000000630db00000,0x000000630dc00000] [id=2540]
  0x00000204b4a6cba0 WatcherThread [stack: 0x000000630e800000,0x000000630e900000] [id=13396]
  0x00000204b4a59670 GCTaskThread "GC Thread#0" [stack: 0x000000630d600000,0x000000630d700000] [id=12856]
  0x00000204d3703040 GCTaskThread "GC Thread#1" [stack: 0x000000630e900000,0x000000630ea00000] [id=17460]
  0x00000204d36d55e0 GCTaskThread "GC Thread#2" [stack: 0x000000630ea00000,0x000000630eb00000] [id=19228]
  0x00000204d36ab8e0 GCTaskThread "GC Thread#3" [stack: 0x000000630eb00000,0x000000630ec00000] [id=18788]
  0x00000204d38357f0 GCTaskThread "GC Thread#4" [stack: 0x000000630ec00000,0x000000630ed00000] [id=3732]
  0x00000204d38362b0 GCTaskThread "GC Thread#5" [stack: 0x000000630ed00000,0x000000630ee00000] [id=14736]
  0x00000204d38389f0 GCTaskThread "GC Thread#6" [stack: 0x000000630ee00000,0x000000630ef00000] [id=17936]
  0x00000204d383d5b0 GCTaskThread "GC Thread#7" [stack: 0x000000630ef00000,0x000000630f000000] [id=14580]
  0x00000204b4a645b0 ConcurrentGCThread "G1 Main Marker" [stack: 0x000000630d700000,0x000000630d800000] [id=5624]
  0x00000204b4a65570 ConcurrentGCThread "G1 Conc#0" [stack: 0x000000630d800000,0x000000630d900000] [id=19832]
  0x00000204d3ce60b0 ConcurrentGCThread "G1 Conc#1" [stack: 0x000000630f000000,0x000000630f100000] [id=10076]
  0x00000204b4ad0b90 ConcurrentGCThread "G1 Refine#0" [stack: 0x000000630d900000,0x000000630da00000] [id=1596]
  0x00000204b4ad13c0 ConcurrentGCThread "G1 Service" [stack: 0x000000630da00000,0x000000630db00000] [id=10300]

Threads with active compile tasks:
C2 CompilerThread0   412736 9039       4       org.hibernate.engine.jdbc.internal.BasicFormatterImpl$FormatProcess::perform (560 bytes)

VM state: not at safepoint (normal execution)

VM Mutex/Monitor currently owned by a thread: None

Heap address: 0x00000000c7200000, size: 910 MB, Compressed Oops mode: 32-bit

CDS archive(s) mapped at: [0x0000000800000000-0x0000000800bc0000-0x0000000800bc0000), size 12320768, SharedBaseAddress: 0x0000000800000000, ArchiveRelocationMode: 0.
Compressed class space mapped at: 0x0000000800c00000-0x0000000840c00000, reserved size: 1073741824
Narrow klass base: 0x0000000800000000, Narrow klass shift: 0, Narrow klass range: 0x100000000

GC Precious Log:
 CPUs: 8 total, 8 available
 Memory: 3638M
 Large Page Support: Disabled
 NUMA Support: Disabled
 Compressed Oops: Enabled (32-bit)
 Heap Region Size: 1M
 Heap Min Capacity: 8M
 Heap Initial Capacity: 58M
 Heap Max Capacity: 910M
 Pre-touch: Disabled
 Parallel Workers: 8
 Concurrent Workers: 2
 Concurrent Refinement Workers: 8
 Periodic GC: Disabled

Heap:
 garbage-first heap   total 108544K, used 68386K [0x00000000c7200000, 0x0000000100000000)
  region size 1024K, 28 young (28672K), 5 survivors (5120K)
 Metaspace       used 65323K, committed 65792K, reserved 1114112K
  class space    used 8316K, committed 8512K, reserved 1048576K

Heap Regions: E=young(eden), S=young(survivor), O=old, HS=humongous(starts), HC=humongous(continues), CS=collection set, F=free, OA=open archive, CA=closed archive, TAMS=top-at-mark-start (previous, next)
|   0|0x00000000c7200000, 0x00000000c7300000, 0x00000000c7300000|100%|HS|  |TAMS 0x00000000c7300000, 0x00000000c7200000| Complete 
|   1|0x00000000c7300000, 0x00000000c7400000, 0x00000000c7400000|100%| O|  |TAMS 0x00000000c7400000, 0x00000000c7300000| Untracked 
|   2|0x00000000c7400000, 0x00000000c7500000, 0x00000000c7500000|100%| O|  |TAMS 0x00000000c7500000, 0x00000000c7400000| Untracked 
|   3|0x00000000c7500000, 0x00000000c7600000, 0x00000000c7600000|100%| O|  |TAMS 0x00000000c7600000, 0x00000000c7500000| Untracked 
|   4|0x00000000c7600000, 0x00000000c7700000, 0x00000000c7700000|100%| O|  |TAMS 0x00000000c7700000, 0x00000000c7600000| Untracked 
|   5|0x00000000c7700000, 0x00000000c7800000, 0x00000000c7800000|100%| O|  |TAMS 0x00000000c7800000, 0x00000000c7700000| Untracked 
|   6|0x00000000c7800000, 0x00000000c7900000, 0x00000000c7900000|100%| O|  |TAMS 0x00000000c7900000, 0x00000000c7800000| Untracked 
|   7|0x00000000c7900000, 0x00000000c7a00000, 0x00000000c7a00000|100%| O|  |TAMS 0x00000000c7a00000, 0x00000000c7900000| Untracked 
|   8|0x00000000c7a00000, 0x00000000c7b00000, 0x00000000c7b00000|100%| O|  |TAMS 0x00000000c7b00000, 0x00000000c7a00000| Untracked 
|   9|0x00000000c7b00000, 0x00000000c7c00000, 0x00000000c7c00000|100%| O|  |TAMS 0x00000000c7c00000, 0x00000000c7b00000| Untracked 
|  10|0x00000000c7c00000, 0x00000000c7c6f000, 0x00000000c7d00000| 43%| O|  |TAMS 0x00000000c7c6f000, 0x00000000c7c00000| Untracked 
|  11|0x00000000c7d00000, 0x00000000c7e00000, 0x00000000c7e00000|100%| O|  |TAMS 0x00000000c7e00000, 0x00000000c7d00000| Untracked 
|  12|0x00000000c7e00000, 0x00000000c7f00000, 0x00000000c7f00000|100%| O|  |TAMS 0x00000000c7f00000, 0x00000000c7e00000| Untracked 
|  13|0x00000000c7f00000, 0x00000000c8000000, 0x00000000c8000000|100%| O|  |TAMS 0x00000000c8000000, 0x00000000c7f00000| Untracked 
|  14|0x00000000c8000000, 0x00000000c8100000, 0x00000000c8100000|100%| O|  |TAMS 0x00000000c8100000, 0x00000000c8000000| Untracked 
|  15|0x00000000c8100000, 0x00000000c8200000, 0x00000000c8200000|100%| O|  |TAMS 0x00000000c8200000, 0x00000000c8100000| Untracked 
|  16|0x00000000c8200000, 0x00000000c8300000, 0x00000000c8300000|100%| O|  |TAMS 0x00000000c8300000, 0x00000000c8200000| Untracked 
|  17|0x00000000c8300000, 0x00000000c8400000, 0x00000000c8400000|100%| O|  |TAMS 0x00000000c8400000, 0x00000000c8300000| Untracked 
|  18|0x00000000c8400000, 0x00000000c8500000, 0x00000000c8500000|100%| O|  |TAMS 0x00000000c8500000, 0x00000000c8400000| Untracked 
|  19|0x00000000c8500000, 0x00000000c8600000, 0x00000000c8600000|100%| O|  |TAMS 0x00000000c8600000, 0x00000000c8500000| Untracked 
|  20|0x00000000c8600000, 0x00000000c8700000, 0x00000000c8700000|100%| O|  |TAMS 0x00000000c8700000, 0x00000000c8600000| Untracked 
|  21|0x00000000c8700000, 0x00000000c8800000, 0x00000000c8800000|100%| O|  |TAMS 0x00000000c8800000, 0x00000000c8700000| Untracked 
|  22|0x00000000c8800000, 0x00000000c8900000, 0x00000000c8900000|100%| O|  |TAMS 0x00000000c8900000, 0x00000000c8800000| Untracked 
|  23|0x00000000c8900000, 0x00000000c8a00000, 0x00000000c8a00000|100%| O|  |TAMS 0x00000000c8a00000, 0x00000000c8900000| Untracked 
|  24|0x00000000c8a00000, 0x00000000c8b00000, 0x00000000c8b00000|100%| O|  |TAMS 0x00000000c8b00000, 0x00000000c8a00000| Untracked 
|  25|0x00000000c8b00000, 0x00000000c8c00000, 0x00000000c8c00000|100%| O|  |TAMS 0x00000000c8c00000, 0x00000000c8b00000| Untracked 
|  26|0x00000000c8c00000, 0x00000000c8d00000, 0x00000000c8d00000|100%| O|  |TAMS 0x00000000c8d00000, 0x00000000c8c00000| Untracked 
|  27|0x00000000c8d00000, 0x00000000c8e00000, 0x00000000c8e00000|100%| O|  |TAMS 0x00000000c8d32400, 0x00000000c8d00000| Untracked 
|  28|0x00000000c8e00000, 0x00000000c8f00000, 0x00000000c8f00000|100%| O|  |TAMS 0x00000000c8e00000, 0x00000000c8e00000| Untracked 
|  29|0x00000000c8f00000, 0x00000000c9000000, 0x00000000c9000000|100%| O|  |TAMS 0x00000000c8f00000, 0x00000000c8f00000| Untracked 
|  30|0x00000000c9000000, 0x00000000c9100000, 0x00000000c9100000|100%| O|  |TAMS 0x00000000c9000000, 0x00000000c9000000| Untracked 
|  31|0x00000000c9100000, 0x00000000c9200000, 0x00000000c9200000|100%| O|  |TAMS 0x00000000c9100000, 0x00000000c9100000| Untracked 
|  32|0x00000000c9200000, 0x00000000c9300000, 0x00000000c9300000|100%| O|  |TAMS 0x00000000c9200000, 0x00000000c9200000| Untracked 
|  33|0x00000000c9300000, 0x00000000c9400000, 0x00000000c9400000|100%| O|  |TAMS 0x00000000c9300000, 0x00000000c9300000| Untracked 
|  34|0x00000000c9400000, 0x00000000c9500000, 0x00000000c9500000|100%| O|  |TAMS 0x00000000c9400000, 0x00000000c9400000| Untracked 
|  35|0x00000000c9500000, 0x00000000c9600000, 0x00000000c9600000|100%| O|  |TAMS 0x00000000c9500000, 0x00000000c9500000| Untracked 
|  36|0x00000000c9600000, 0x00000000c9700000, 0x00000000c9700000|100%| O|  |TAMS 0x00000000c9600000, 0x00000000c9600000| Untracked 
|  37|0x00000000c9700000, 0x00000000c9800000, 0x00000000c9800000|100%| O|  |TAMS 0x00000000c9700000, 0x00000000c9700000| Untracked 
|  38|0x00000000c9800000, 0x00000000c9900000, 0x00000000c9900000|100%| O|  |TAMS 0x00000000c9800000, 0x00000000c9800000| Untracked 
|  39|0x00000000c9900000, 0x00000000c9a00000, 0x00000000c9a00000|100%| O|  |TAMS 0x00000000c9900000, 0x00000000c9900000| Untracked 
|  40|0x00000000c9a00000, 0x00000000c9aa9800, 0x00000000c9b00000| 66%| O|  |TAMS 0x00000000c9a00000, 0x00000000c9a00000| Untracked 
|  41|0x00000000c9b00000, 0x00000000c9b00000, 0x00000000c9c00000|  0%| F|  |TAMS 0x00000000c9b00000, 0x00000000c9b00000| Untracked 
|  42|0x00000000c9c00000, 0x00000000c9c00000, 0x00000000c9d00000|  0%| F|  |TAMS 0x00000000c9c00000, 0x00000000c9c00000| Untracked 
|  43|0x00000000c9d00000, 0x00000000c9d00000, 0x00000000c9e00000|  0%| F|  |TAMS 0x00000000c9d00000, 0x00000000c9d00000| Untracked 
|  44|0x00000000c9e00000, 0x00000000c9e00000, 0x00000000c9f00000|  0%| F|  |TAMS 0x00000000c9e00000, 0x00000000c9e00000| Untracked 
|  45|0x00000000c9f00000, 0x00000000c9f00000, 0x00000000ca000000|  0%| F|  |TAMS 0x00000000c9f00000, 0x00000000c9f00000| Untracked 
|  46|0x00000000ca000000, 0x00000000ca000000, 0x00000000ca100000|  0%| F|  |TAMS 0x00000000ca000000, 0x00000000ca000000| Untracked 
|  47|0x00000000ca100000, 0x00000000ca100000, 0x00000000ca200000|  0%| F|  |TAMS 0x00000000ca100000, 0x00000000ca100000| Untracked 
|  48|0x00000000ca200000, 0x00000000ca200000, 0x00000000ca300000|  0%| F|  |TAMS 0x00000000ca200000, 0x00000000ca200000| Untracked 
|  49|0x00000000ca300000, 0x00000000ca300000, 0x00000000ca400000|  0%| F|  |TAMS 0x00000000ca300000, 0x00000000ca300000| Untracked 
|  50|0x00000000ca400000, 0x00000000ca400000, 0x00000000ca500000|  0%| F|  |TAMS 0x00000000ca400000, 0x00000000ca400000| Untracked 
|  51|0x00000000ca500000, 0x00000000ca500000, 0x00000000ca600000|  0%| F|  |TAMS 0x00000000ca500000, 0x00000000ca500000| Untracked 
|  52|0x00000000ca600000, 0x00000000ca600000, 0x00000000ca700000|  0%| F|  |TAMS 0x00000000ca600000, 0x00000000ca600000| Untracked 
|  53|0x00000000ca700000, 0x00000000ca700000, 0x00000000ca800000|  0%| F|  |TAMS 0x00000000ca700000, 0x00000000ca700000| Untracked 
|  54|0x00000000ca800000, 0x00000000ca800000, 0x00000000ca900000|  0%| F|  |TAMS 0x00000000ca800000, 0x00000000ca800000| Untracked 
|  55|0x00000000ca900000, 0x00000000ca900000, 0x00000000caa00000|  0%| F|  |TAMS 0x00000000ca900000, 0x00000000ca900000| Untracked 
|  56|0x00000000caa00000, 0x00000000caab02b0, 0x00000000cab00000| 68%| S|CS|TAMS 0x00000000caa00000, 0x00000000caa00000| Complete 
|  57|0x00000000cab00000, 0x00000000cac00000, 0x00000000cac00000|100%| S|CS|TAMS 0x00000000cab00000, 0x00000000cab00000| Complete 
|  58|0x00000000cac00000, 0x00000000cad00000, 0x00000000cad00000|100%| S|CS|TAMS 0x00000000cac00000, 0x00000000cac00000| Complete 
|  59|0x00000000cad00000, 0x00000000cad00000, 0x00000000cae00000|  0%| F|  |TAMS 0x00000000cad00000, 0x00000000cad00000| Untracked 
|  60|0x00000000cae00000, 0x00000000cae00000, 0x00000000caf00000|  0%| F|  |TAMS 0x00000000cae00000, 0x00000000cae00000| Untracked 
|  61|0x00000000caf00000, 0x00000000caf00000, 0x00000000cb000000|  0%| F|  |TAMS 0x00000000caf00000, 0x00000000caf00000| Untracked 
|  62|0x00000000cb000000, 0x00000000cb000000, 0x00000000cb100000|  0%| F|  |TAMS 0x00000000cb000000, 0x00000000cb000000| Untracked 
|  63|0x00000000cb100000, 0x00000000cb200000, 0x00000000cb200000|100%| S|CS|TAMS 0x00000000cb100000, 0x00000000cb100000| Complete 
|  64|0x00000000cb200000, 0x00000000cb300000, 0x00000000cb300000|100%| S|CS|TAMS 0x00000000cb200000, 0x00000000cb200000| Complete 
|  65|0x00000000cb300000, 0x00000000cb300000, 0x00000000cb400000|  0%| F|  |TAMS 0x00000000cb300000, 0x00000000cb300000| Untracked 
|  66|0x00000000cb400000, 0x00000000cb400000, 0x00000000cb500000|  0%| F|  |TAMS 0x00000000cb400000, 0x00000000cb400000| Untracked 
|  67|0x00000000cb500000, 0x00000000cb500000, 0x00000000cb600000|  0%| F|  |TAMS 0x00000000cb500000, 0x00000000cb500000| Untracked 
|  68|0x00000000cb600000, 0x00000000cb600000, 0x00000000cb700000|  0%| F|  |TAMS 0x00000000cb600000, 0x00000000cb600000| Untracked 
|  69|0x00000000cb700000, 0x00000000cb700000, 0x00000000cb800000|  0%| F|  |TAMS 0x00000000cb700000, 0x00000000cb700000| Untracked 
|  70|0x00000000cb800000, 0x00000000cb800000, 0x00000000cb900000|  0%| F|  |TAMS 0x00000000cb800000, 0x00000000cb800000| Untracked 
|  71|0x00000000cb900000, 0x00000000cb900000, 0x00000000cba00000|  0%| F|  |TAMS 0x00000000cb900000, 0x00000000cb900000| Untracked 
|  72|0x00000000cba00000, 0x00000000cba00000, 0x00000000cbb00000|  0%| F|  |TAMS 0x00000000cba00000, 0x00000000cba00000| Untracked 
|  73|0x00000000cbb00000, 0x00000000cbb00000, 0x00000000cbc00000|  0%| F|  |TAMS 0x00000000cbb00000, 0x00000000cbb00000| Untracked 
|  74|0x00000000cbc00000, 0x00000000cbc00000, 0x00000000cbd00000|  0%| F|  |TAMS 0x00000000cbc00000, 0x00000000cbc00000| Untracked 
|  75|0x00000000cbd00000, 0x00000000cbd00000, 0x00000000cbe00000|  0%| F|  |TAMS 0x00000000cbd00000, 0x00000000cbd00000| Untracked 
|  76|0x00000000cbe00000, 0x00000000cbe00000, 0x00000000cbf00000|  0%| F|  |TAMS 0x00000000cbe00000, 0x00000000cbe00000| Untracked 
|  77|0x00000000cbf00000, 0x00000000cbf00000, 0x00000000cc000000|  0%| F|  |TAMS 0x00000000cbf00000, 0x00000000cbf00000| Untracked 
|  78|0x00000000cc000000, 0x00000000cc000000, 0x00000000cc100000|  0%| F|  |TAMS 0x00000000cc000000, 0x00000000cc000000| Untracked 
|  79|0x00000000cc100000, 0x00000000cc100000, 0x00000000cc200000|  0%| F|  |TAMS 0x00000000cc100000, 0x00000000cc100000| Untracked 
|  80|0x00000000cc200000, 0x00000000cc200000, 0x00000000cc300000|  0%| F|  |TAMS 0x00000000cc200000, 0x00000000cc200000| Untracked 
|  81|0x00000000cc300000, 0x00000000cc300000, 0x00000000cc400000|  0%| F|  |TAMS 0x00000000cc300000, 0x00000000cc300000| Untracked 
|  82|0x00000000cc400000, 0x00000000cc400000, 0x00000000cc500000|  0%| F|  |TAMS 0x00000000cc400000, 0x00000000cc400000| Untracked 
|  83|0x00000000cc500000, 0x00000000cc593528, 0x00000000cc600000| 57%| E|  |TAMS 0x00000000cc500000, 0x00000000cc500000| Complete 
|  84|0x00000000cc600000, 0x00000000cc700000, 0x00000000cc700000|100%| E|CS|TAMS 0x00000000cc600000, 0x00000000cc600000| Complete 
|  85|0x00000000cc700000, 0x00000000cc800000, 0x00000000cc800000|100%| E|CS|TAMS 0x00000000cc700000, 0x00000000cc700000| Complete 
|  86|0x00000000cc800000, 0x00000000cc900000, 0x00000000cc900000|100%| E|CS|TAMS 0x00000000cc800000, 0x00000000cc800000| Complete 
|  87|0x00000000cc900000, 0x00000000cca00000, 0x00000000cca00000|100%| E|CS|TAMS 0x00000000cc900000, 0x00000000cc900000| Complete 
|  88|0x00000000cca00000, 0x00000000ccb00000, 0x00000000ccb00000|100%| E|CS|TAMS 0x00000000cca00000, 0x00000000cca00000| Complete 
|  89|0x00000000ccb00000, 0x00000000ccc00000, 0x00000000ccc00000|100%| E|CS|TAMS 0x00000000ccb00000, 0x00000000ccb00000| Complete 
|  90|0x00000000ccc00000, 0x00000000ccd00000, 0x00000000ccd00000|100%| E|CS|TAMS 0x00000000ccc00000, 0x00000000ccc00000| Complete 
|  91|0x00000000ccd00000, 0x00000000cce00000, 0x00000000cce00000|100%| E|CS|TAMS 0x00000000ccd00000, 0x00000000ccd00000| Complete 
|  92|0x00000000cce00000, 0x00000000ccf00000, 0x00000000ccf00000|100%| E|CS|TAMS 0x00000000cce00000, 0x00000000cce00000| Complete 
|  93|0x00000000ccf00000, 0x00000000cd000000, 0x00000000cd000000|100%| E|CS|TAMS 0x00000000ccf00000, 0x00000000ccf00000| Complete 
|  94|0x00000000cd000000, 0x00000000cd100000, 0x00000000cd100000|100%| E|CS|TAMS 0x00000000cd000000, 0x00000000cd000000| Complete 
|  95|0x00000000cd100000, 0x00000000cd200000, 0x00000000cd200000|100%| E|CS|TAMS 0x00000000cd100000, 0x00000000cd100000| Complete 
|  96|0x00000000cd200000, 0x00000000cd300000, 0x00000000cd300000|100%| E|CS|TAMS 0x00000000cd200000, 0x00000000cd200000| Complete 
|  97|0x00000000cd300000, 0x00000000cd400000, 0x00000000cd400000|100%| E|CS|TAMS 0x00000000cd300000, 0x00000000cd300000| Complete 
|  98|0x00000000cd400000, 0x00000000cd500000, 0x00000000cd500000|100%| E|CS|TAMS 0x00000000cd400000, 0x00000000cd400000| Complete 
|  99|0x00000000cd500000, 0x00000000cd600000, 0x00000000cd600000|100%| E|CS|TAMS 0x00000000cd500000, 0x00000000cd500000| Complete 
| 100|0x00000000cd600000, 0x00000000cd700000, 0x00000000cd700000|100%| E|CS|TAMS 0x00000000cd600000, 0x00000000cd600000| Complete 
| 101|0x00000000cd700000, 0x00000000cd800000, 0x00000000cd800000|100%| E|CS|TAMS 0x00000000cd700000, 0x00000000cd700000| Complete 
| 102|0x00000000cd800000, 0x00000000cd900000, 0x00000000cd900000|100%| E|CS|TAMS 0x00000000cd800000, 0x00000000cd800000| Complete 
| 103|0x00000000cd900000, 0x00000000cda00000, 0x00000000cda00000|100%| E|CS|TAMS 0x00000000cd900000, 0x00000000cd900000| Complete 
| 104|0x00000000cda00000, 0x00000000cdb00000, 0x00000000cdb00000|100%| E|CS|TAMS 0x00000000cda00000, 0x00000000cda00000| Complete 
| 105|0x00000000cdb00000, 0x00000000cdc00000, 0x00000000cdc00000|100%| E|CS|TAMS 0x00000000cdb00000, 0x00000000cdb00000| Complete 

Card table byte_map: [0x00000204cd6c0000,0x00000204cd890000] _byte_map_base: 0x00000204cd087000

Marking Bits (Prev, Next): (CMBitMap*) 0x00000204b4a5aaa0, (CMBitMap*) 0x00000204b4a5aae0
 Prev Bits: [0x00000204cda60000, 0x00000204ce898000)
 Next Bits: [0x00000204ce8a0000, 0x00000204cf6d8000)

Polling page: 0x00000204b48c0000

Metaspace:

Usage:
  Non-class:     55.67 MB used.
      Class:      8.12 MB used.
       Both:     63.79 MB used.

Virtual space:
  Non-class space:       64.00 MB reserved,      55.94 MB ( 87%) committed,  8 nodes.
      Class space:        1.00 GB reserved,       8.31 MB ( <1%) committed,  1 nodes.
             Both:        1.06 GB reserved,      64.25 MB (  6%) committed. 

Chunk freelists:
   Non-Class:  3.92 MB
       Class:  3.72 MB
        Both:  7.64 MB

MaxMetaspaceSize: unlimited
CompressedClassSpaceSize: 1.00 GB
Initial GC threshold: 21.00 MB
Current GC threshold: 92.00 MB
CDS: on
MetaspaceReclaimPolicy: balanced
 - commit_granule_bytes: 65536.
 - commit_granule_words: 8192.
 - virtual_space_node_default_size: 1048576.
 - enlarge_chunks_in_place: 1.
 - new_chunks_are_fully_committed: 0.
 - uncommit_free_chunks: 1.
 - use_allocation_guard: 0.
 - handle_deallocations: 1.


Internal statistics:

num_allocs_failed_limit: 6.
num_arena_births: 602.
num_arena_deaths: 0.
num_vsnodes_births: 9.
num_vsnodes_deaths: 0.
num_space_committed: 1028.
num_space_uncommitted: 0.
num_chunks_returned_to_freelist: 6.
num_chunks_taken_from_freelist: 3020.
num_chunk_merges: 3.
num_chunk_splits: 2117.
num_chunks_enlarged: 1642.
num_purges: 0.
num_inconsistent_stats: 0.

CodeHeap 'non-profiled nmethods': size=120000Kb used=4706Kb max_used=4706Kb free=115293Kb
 bounds [0x00000204c5560000, 0x00000204c5a00000, 0x00000204cca90000]
CodeHeap 'profiled nmethods': size=120000Kb used=16030Kb max_used=16030Kb free=103969Kb
 bounds [0x00000204be030000, 0x00000204befe0000, 0x00000204c5560000]
CodeHeap 'non-nmethods': size=5760Kb used=1324Kb max_used=1368Kb free=4435Kb
 bounds [0x00000204bda90000, 0x00000204bdd00000, 0x00000204be030000]
 total_blobs=8798 nmethods=8144 adapters=565
 compilation: enabled
              stopped_count=0, restarted_count=0
 full_count=0

Compilation events (20 events):
Event: 412.178 Thread 0x00000204d20d35e0 9057       3       org.hibernate.internal.SessionImpl::instantiate (21 bytes)
Event: 412.181 Thread 0x00000204d20d35e0 nmethod 9057 0x00000204befd1c90 code [0x00000204befd1e80, 0x00000204befd22c8]
Event: 412.186 Thread 0x00000204d20d35e0 9058       1       org.hibernate.loader.plan.exec.process.internal.ResultSetProcessingContextImpl::getQueryParameters (5 bytes)
Event: 412.186 Thread 0x00000204d20d35e0 nmethod 9058 0x00000204c59f8710 code [0x00000204c59f88a0, 0x00000204c59f8978]
Event: 412.204 Thread 0x00000204d20d35e0 9059       3       java.lang.StringUTF16::toBytes (34 bytes)
Event: 412.205 Thread 0x00000204d20d35e0 nmethod 9059 0x00000204befd2510 code [0x00000204befd26c0, 0x00000204befd28e8]
Event: 412.229 Thread 0x00000204d20d35e0 9061       3       org.hibernate.engine.loading.internal.CollectionLoadContext::endLoadingCollections (249 bytes)
Event: 412.238 Thread 0x00000204d20d35e0 nmethod 9061 0x00000204befd2a90 code [0x00000204befd2e40, 0x00000204befd48b8]
Event: 412.238 Thread 0x00000204d20d35e0 9062   !   3       org.hibernate.engine.transaction.internal.TransactionImpl::commit (54 bytes)
Event: 412.240 Thread 0x00000204d20d35e0 nmethod 9062 0x00000204befd5190 code [0x00000204befd53e0, 0x00000204befd5be8]
Event: 412.335 Thread 0x00000204d20d35e0 9063       3       org.apache.catalina.connector.ResponseFacade::isCommitted (31 bytes)
Event: 412.336 Thread 0x00000204d20d35e0 nmethod 9063 0x00000204befd5f90 code [0x00000204befd6160, 0x00000204befd6408]
Event: 412.337 Thread 0x00000204d20d35e0 9064       3       org.apache.catalina.connector.Response::isAppCommitted (47 bytes)
Event: 412.338 Thread 0x00000204d20d35e0 nmethod 9064 0x00000204befd6510 code [0x00000204befd6720, 0x00000204befd6d38]
Event: 412.338 Thread 0x00000204d20d35e0 9066       3       org.apache.tomcat.util.http.parser.HttpParser::skipLws (53 bytes)
Event: 412.338 Thread 0x00000204d20d35e0 nmethod 9066 0x00000204befd6f90 code [0x00000204befd7180, 0x00000204befd77a8]
Event: 412.339 Thread 0x00000204d20d35e0 9065       3       com.fasterxml.jackson.databind.DatabindContext::<init> (5 bytes)
Event: 412.339 Thread 0x00000204d20d35e0 nmethod 9065 0x00000204befd7910 code [0x00000204befd7aa0, 0x00000204befd7bf8]
Event: 412.340 Thread 0x00000204d20d35e0 9067  s    3       org.apache.tomcat.util.collections.SynchronizedStack::push (71 bytes)
Event: 412.342 Thread 0x00000204d20d35e0 nmethod 9067 0x00000204befd7c90 code [0x00000204befd7e60, 0x00000204befd8348]

GC Heap History (20 events):
Event: 16.652 GC heap before
{Heap before GC invocations=18 (full 0):
 garbage-first heap   total 61440K, used 49088K [0x00000000c7200000, 0x0000000100000000)
  region size 1024K, 25 young (25600K), 2 survivors (2048K)
 Metaspace       used 52799K, committed 53184K, reserved 1097728K
  class space    used 6950K, committed 7104K, reserved 1048576K
}
Event: 16.656 GC heap after
{Heap after GC invocations=19 (full 0):
 garbage-first heap   total 61440K, used 26704K [0x00000000c7200000, 0x0000000100000000)
  region size 1024K, 4 young (4096K), 4 survivors (4096K)
 Metaspace       used 52799K, committed 53184K, reserved 1097728K
  class space    used 6950K, committed 7104K, reserved 1048576K
}
Event: 16.988 GC heap before
{Heap before GC invocations=19 (full 0):
 garbage-first heap   total 61440K, used 49232K [0x00000000c7200000, 0x0000000100000000)
  region size 1024K, 26 young (26624K), 4 survivors (4096K)
 Metaspace       used 53027K, committed 53376K, reserved 1097728K
  class space    used 6968K, committed 7168K, reserved 1048576K
}
Event: 16.996 GC heap after
{Heap after GC invocations=20 (full 0):
 garbage-first heap   total 61440K, used 27286K [0x00000000c7200000, 0x0000000100000000)
  region size 1024K, 3 young (3072K), 3 survivors (3072K)
 Metaspace       used 53027K, committed 53376K, reserved 1097728K
  class space    used 6968K, committed 7168K, reserved 1048576K
}
Event: 17.439 GC heap before
{Heap before GC invocations=20 (full 0):
 garbage-first heap   total 61440K, used 49814K [0x00000000c7200000, 0x0000000100000000)
  region size 1024K, 25 young (25600K), 3 survivors (3072K)
 Metaspace       used 54197K, committed 54528K, reserved 1097728K
  class space    used 7115K, committed 7296K, reserved 1048576K
}
Event: 17.445 GC heap after
{Heap after GC invocations=21 (full 0):
 garbage-first heap   total 61440K, used 28664K [0x00000000c7200000, 0x0000000100000000)
  region size 1024K, 4 young (4096K), 4 survivors (4096K)
 Metaspace       used 54197K, committed 54528K, reserved 1097728K
  class space    used 7115K, committed 7296K, reserved 1048576K
}
Event: 17.801 GC heap before
{Heap before GC invocations=21 (full 0):
 garbage-first heap   total 61440K, used 49144K [0x00000000c7200000, 0x0000000100000000)
  region size 1024K, 24 young (24576K), 4 survivors (4096K)
 Metaspace       used 55161K, committed 55552K, reserved 1097728K
  class space    used 7240K, committed 7424K, reserved 1048576K
}
Event: 17.807 GC heap after
{Heap after GC invocations=22 (full 0):
 garbage-first heap   total 61440K, used 29758K [0x00000000c7200000, 0x0000000100000000)
  region size 1024K, 3 young (3072K), 3 survivors (3072K)
 Metaspace       used 55161K, committed 55552K, reserved 1097728K
  class space    used 7240K, committed 7424K, reserved 1048576K
}
Event: 18.148 GC heap before
{Heap before GC invocations=22 (full 0):
 garbage-first heap   total 61440K, used 38974K [0x00000000c7200000, 0x0000000100000000)
  region size 1024K, 13 young (13312K), 3 survivors (3072K)
 Metaspace       used 56108K, committed 56512K, reserved 1105920K
  class space    used 7335K, committed 7488K, reserved 1048576K
}
Event: 18.157 GC heap after
{Heap after GC invocations=23 (full 0):
 garbage-first heap   total 61440K, used 30583K [0x00000000c7200000, 0x0000000100000000)
  region size 1024K, 2 young (2048K), 2 survivors (2048K)
 Metaspace       used 56108K, committed 56512K, reserved 1105920K
  class space    used 7335K, committed 7488K, reserved 1048576K
}
Event: 18.377 GC heap before
{Heap before GC invocations=24 (full 0):
 garbage-first heap   total 75776K, used 50039K [0x00000000c7200000, 0x0000000100000000)
  region size 1024K, 21 young (21504K), 2 survivors (2048K)
 Metaspace       used 56186K, committed 56512K, reserved 1105920K
  class space    used 7339K, committed 7488K, reserved 1048576K
}
Event: 18.388 GC heap after
{Heap after GC invocations=25 (full 0):
 garbage-first heap   total 75776K, used 34555K [0x00000000c7200000, 0x0000000100000000)
  region size 1024K, 3 young (3072K), 3 survivors (3072K)
 Metaspace       used 56186K, committed 56512K, reserved 1105920K
  class space    used 7339K, committed 7488K, reserved 1048576K
}
Event: 18.774 GC heap before
{Heap before GC invocations=25 (full 0):
 garbage-first heap   total 75776K, used 57083K [0x00000000c7200000, 0x0000000100000000)
  region size 1024K, 26 young (26624K), 3 survivors (3072K)
 Metaspace       used 56913K, committed 57344K, reserved 1105920K
  class space    used 7437K, committed 7616K, reserved 1048576K
}
Event: 18.786 GC heap after
{Heap after GC invocations=26 (full 0):
 garbage-first heap   total 108544K, used 39106K [0x00000000c7200000, 0x0000000100000000)
  region size 1024K, 4 young (4096K), 4 survivors (4096K)
 Metaspace       used 56913K, committed 57344K, reserved 1105920K
  class space    used 7437K, committed 7616K, reserved 1048576K
}
Event: 20.673 GC heap before
{Heap before GC invocations=26 (full 0):
 garbage-first heap   total 108544K, used 80066K [0x00000000c7200000, 0x0000000100000000)
  region size 1024K, 44 young (45056K), 4 survivors (4096K)
 Metaspace       used 58187K, committed 58560K, reserved 1105920K
  class space    used 7583K, committed 7744K, reserved 1048576K
}
Event: 20.684 GC heap after
{Heap after GC invocations=27 (full 0):
 garbage-first heap   total 108544K, used 41385K [0x00000000c7200000, 0x0000000100000000)
  region size 1024K, 2 young (2048K), 2 survivors (2048K)
 Metaspace       used 58187K, committed 58560K, reserved 1105920K
  class space    used 7583K, committed 7744K, reserved 1048576K
}
Event: 21.379 GC heap before
{Heap before GC invocations=27 (full 0):
 garbage-first heap   total 108544K, used 83369K [0x00000000c7200000, 0x0000000100000000)
  region size 1024K, 43 young (44032K), 2 survivors (2048K)
 Metaspace       used 58955K, committed 59328K, reserved 1105920K
  class space    used 7663K, committed 7808K, reserved 1048576K
}
Event: 21.385 GC heap after
{Heap after GC invocations=28 (full 0):
 garbage-first heap   total 108544K, used 43108K [0x00000000c7200000, 0x0000000100000000)
  region size 1024K, 4 young (4096K), 4 survivors (4096K)
 Metaspace       used 58955K, committed 59328K, reserved 1105920K
  class space    used 7663K, committed 7808K, reserved 1048576K
}
Event: 365.398 GC heap before
{Heap before GC invocations=28 (full 0):
 garbage-first heap   total 108544K, used 84068K [0x00000000c7200000, 0x0000000100000000)
  region size 1024K, 45 young (46080K), 4 survivors (4096K)
 Metaspace       used 63058K, committed 63488K, reserved 1105920K
  class space    used 8136K, committed 8320K, reserved 1048576K
}
Event: 365.674 GC heap after
{Heap after GC invocations=29 (full 0):
 garbage-first heap   total 108544K, used 45858K [0x00000000c7200000, 0x0000000100000000)
  region size 1024K, 5 young (5120K), 5 survivors (5120K)
 Metaspace       used 63058K, committed 63488K, reserved 1105920K
  class space    used 8136K, committed 8320K, reserved 1048576K
}

Deoptimization events (20 events):
Event: 399.340 Thread 0x00000204d65f0bd0 DEOPT PACKING pc=0x00000204c593a938 sp=0x000000630fbfca20
Event: 399.340 Thread 0x00000204d65f0bd0 DEOPT UNPACKING pc=0x00000204bdae23a3 sp=0x000000630fbfca00 mode 2
Event: 399.340 Thread 0x00000204d65f0bd0 Uncommon trap: trap_request=0xffffff45 fr.pc=0x00000204c593a938 relative=0x0000000000000278
Event: 399.340 Thread 0x00000204d65f0bd0 Uncommon trap: reason=unstable_if action=reinterpret pc=0x00000204c593a938 method=java.lang.Class.annotationData()Ljava/lang/Class$AnnotationData; @ 36 c2
Event: 399.340 Thread 0x00000204d65f0bd0 DEOPT PACKING pc=0x00000204c593a938 sp=0x000000630fbfcab0
Event: 399.341 Thread 0x00000204d65f0bd0 DEOPT UNPACKING pc=0x00000204bdae23a3 sp=0x000000630fbfca90 mode 2
Event: 399.341 Thread 0x00000204d65f0bd0 Uncommon trap: trap_request=0xffffff45 fr.pc=0x00000204c593a938 relative=0x0000000000000278
Event: 399.341 Thread 0x00000204d65f0bd0 Uncommon trap: reason=unstable_if action=reinterpret pc=0x00000204c593a938 method=java.lang.Class.annotationData()Ljava/lang/Class$AnnotationData; @ 36 c2
Event: 399.341 Thread 0x00000204d65f0bd0 DEOPT PACKING pc=0x00000204c593a938 sp=0x000000630fbfcb40
Event: 399.341 Thread 0x00000204d65f0bd0 DEOPT UNPACKING pc=0x00000204bdae23a3 sp=0x000000630fbfcb28 mode 2
Event: 399.455 Thread 0x00000204d65f10a0 Uncommon trap: trap_request=0xffffffde fr.pc=0x00000204c59ceae8 relative=0x0000000000000068
Event: 399.455 Thread 0x00000204d65f10a0 Uncommon trap: reason=class_check action=maybe_recompile pc=0x00000204c59ceae8 method=org.hibernate.type.AbstractStandardBasicType.getReturnedClass()Ljava/lang/Class; @ 4 c2
Event: 399.455 Thread 0x00000204d65f10a0 DEOPT PACKING pc=0x00000204c59ceae8 sp=0x000000630fefbc40
Event: 399.455 Thread 0x00000204d65f10a0 DEOPT UNPACKING pc=0x00000204bdae23a3 sp=0x000000630fefbbd0 mode 2
Event: 399.458 Thread 0x00000204d65f10a0 Uncommon trap: trap_request=0xffffff45 fr.pc=0x00000204c598f894 relative=0x0000000000000374
Event: 399.458 Thread 0x00000204d65f10a0 Uncommon trap: reason=unstable_if action=reinterpret pc=0x00000204c598f894 method=org.hibernate.type.descriptor.sql.BasicExtractor.extract(Ljava/sql/ResultSet;Ljava/lang/String;Lorg/hibernate/type/descriptor/WrapperOptions;)Ljava/lang/Object; @ 11 c2
Event: 399.458 Thread 0x00000204d65f10a0 DEOPT PACKING pc=0x00000204c598f894 sp=0x000000630fefb440
Event: 399.461 Thread 0x00000204d65f10a0 DEOPT UNPACKING pc=0x00000204bdae23a3 sp=0x000000630fefb3d8 mode 2
Event: 412.076 Thread 0x00000204d65edbb0 DEOPT PACKING pc=0x00000204bed212cf sp=0x000000630fafba90
Event: 412.077 Thread 0x00000204d65edbb0 DEOPT UNPACKING pc=0x00000204bdae2b43 sp=0x000000630fafaff0 mode 0

Classes unloaded (0 events):
No events

Classes redefined (0 events):
No events

Internal exceptions (20 events):
Event: 17.135 Thread 0x00000204b4a19c70 Exception <a 'java/lang/ClassNotFoundException'{0x00000000ca470bf8}: org/springframework/web/context/ServletContextAwareCustomizer> (0x00000000ca470bf8) 
thrown [t:\workspace\open\src\hotspot\share\classfile\systemDictionary.cpp, line 256]
Event: 17.136 Thread 0x00000204b4a19c70 Exception <a 'java/lang/ClassNotFoundException'{0x00000000ca474dd8}: org/springframework/beans/factory/AwareCustomizer> (0x00000000ca474dd8) 
thrown [t:\workspace\open\src\hotspot\share\classfile\systemDictionary.cpp, line 256]
Event: 17.922 Thread 0x00000204b4a19c70 Exception <a 'java/lang/IncompatibleClassChangeError'{0x00000000cabc7f68}: Found class java.lang.Object, but interface was expected> (0x00000000cabc7f68) 
thrown [t:\workspace\open\src\hotspot\share\interpreter\linkResolver.cpp, line 833]
Event: 18.178 Thread 0x00000204d5ea33a0 Implicit null exception at 0x00000204c57129eb to 0x00000204c5712d23
Event: 18.179 Thread 0x00000204d645d080 Implicit null exception at 0x00000204c5742adb to 0x00000204c5742b50
Event: 18.180 Thread 0x00000204d645d550 Implicit null exception at 0x00000204c5742adb to 0x00000204c5742b50
Event: 18.499 Thread 0x00000204d5ea33a0 Implicit null exception at 0x00000204c57214ec to 0x00000204c5721594
Event: 20.246 Thread 0x00000204b4a19c70 Exception <a 'java/lang/NoSuchMethodError'{0x00000000cc0a9540}: 'java.lang.Object java.lang.invoke.DirectMethodHandle$Holder.invokeStatic(java.lang.Object, long, java.lang.Object)'> (0x00000000cc0a9540) 
thrown [t:\workspace\open\src\hotspot\share\interpreter\linkResolver.cpp, line 766]
Event: 20.249 Thread 0x00000204b4a19c70 Exception <a 'java/lang/NoSuchMethodError'{0x00000000cc0afb30}: 'java.lang.Object java.lang.invoke.DirectMethodHandle$Holder.newInvokeSpecial(java.lang.Object, long)'> (0x00000000cc0afb30) 
thrown [t:\workspace\open\src\hotspot\share\interpreter\linkResolver.cpp, line 766]
Event: 20.251 Thread 0x00000204b4a19c70 Exception <a 'java/lang/IncompatibleClassChangeError'{0x00000000cc0ba910}: Found class java.lang.Object, but interface was expected> (0x00000000cc0ba910) 
thrown [t:\workspace\open\src\hotspot\share\interpreter\linkResolver.cpp, line 833]
Event: 20.550 Thread 0x00000204b4a19c70 Exception <a 'java/lang/NoSuchMethodError'{0x00000000cbac6f90}: 'java.lang.Object java.lang.invoke.DirectMethodHandle$Holder.invokeStatic(java.lang.Object, int, java.lang.Object)'> (0x00000000cbac6f90) 
thrown [t:\workspace\open\src\hotspot\share\interpreter\linkResolver.cpp, line 766]
Event: 20.638 Thread 0x00000204b4a19c70 Exception <a 'java/lang/IncompatibleClassChangeError'{0x00000000cb562490}: Found class java.lang.Object, but interface was expected> (0x00000000cb562490) 
thrown [t:\workspace\open\src\hotspot\share\interpreter\linkResolver.cpp, line 833]
Event: 21.726 Thread 0x00000204b4a19c70 Exception <a 'java/lang/NoSuchMethodError'{0x00000000cc3e9630}: 'java.lang.Object java.lang.invoke.DirectMethodHandle$Holder.invokeSpecial(java.lang.Object, java.lang.Object, int, java.lang.Object, int, java.lang.Object)'> (0x00000000cc3e9630) 
thrown [t:\workspace\open\src\hotspot\share\interpreter\linkResolver.cpp, line 766]
Event: 21.727 Thread 0x00000204b4a19c70 Exception <a 'java/lang/NoSuchMethodError'{0x00000000cc3f1430}: 'java.lang.Object java.lang.invoke.DirectMethodHandle$Holder.newInvokeSpecial(java.lang.Object, java.lang.Object, int, java.lang.Object, int)'> (0x00000000cc3f1430) 
thrown [t:\workspace\open\src\hotspot\share\interpreter\linkResolver.cpp, line 766]
Event: 21.728 Thread 0x00000204b4a19c70 Exception <a 'java/lang/NoSuchMethodError'{0x00000000cc3f5530}: 'java.lang.Object java.lang.invoke.DirectMethodHandle$Holder.invokeSpecial(java.lang.Object, java.lang.Object, java.lang.Object, int, java.lang.Object, int)'> (0x00000000cc3f5530) 
thrown [t:\workspace\open\src\hotspot\share\interpreter\linkResolver.cpp, line 766]
Event: 21.732 Thread 0x00000204b4a19c70 Exception <a 'java/lang/NoSuchMethodError'{0x00000000cc3ff248}: 'void java.lang.invoke.DirectMethodHandle$Holder.invokeVirtual(java.lang.Object, java.lang.Object)'> (0x00000000cc3ff248) 
thrown [t:\workspace\open\src\hotspot\share\interpreter\linkResolver.cpp, line 766]
Event: 361.836 Thread 0x00000204d5ea3870 Exception <a 'java/lang/NoSuchMethodError'{0x00000000cbbb0748}: 'java.lang.Object java.lang.invoke.DirectMethodHandle$Holder.invokeInterface(java.lang.Object, java.lang.Object, java.lang.Object, java.lang.Object)'> (0x00000000cbbb0748) 
thrown [t:\workspace\open\src\hotspot\share\interpreter\linkResolver.cpp, line 766]
Event: 362.200 Thread 0x00000204d5ea3870 Exception <a 'java/lang/NoSuchMethodError'{0x00000000cba712c8}: 'java.lang.Object java.lang.invoke.DirectMethodHandle$Holder.invokeStaticInit(java.lang.Object, java.lang.Object, java.lang.Object, java.lang.Object, java.lang.Object, java.lang.Object)'> (0x00000000cba712c8) 
thrown [t:\workspace\open\src\hotspot\share\interpreter\linkResolver.cpp, line 766]
Event: 362.493 Thread 0x00000204d5ea3870 Implicit null exception at 0x00000204c58f10fd to 0x00000204c58f228c
Event: 365.763 Thread 0x00000204d5ea2060 Exception <a 'sun/nio/fs/WindowsException'{0x00000000cdae7260}> (0x00000000cdae7260) 
thrown [t:\workspace\open\src\hotspot\share\prims\jni.cpp, line 516]

VM Operations (20 events):
Event: 368.831 Executing VM operation: Cleanup
Event: 369.296 Executing VM operation: Cleanup done
Event: 371.324 Executing VM operation: Cleanup
Event: 371.901 Executing VM operation: Cleanup done
Event: 375.940 Executing VM operation: Cleanup
Event: 375.940 Executing VM operation: Cleanup done
Event: 385.010 Executing VM operation: Cleanup
Event: 385.010 Executing VM operation: Cleanup done
Event: 386.017 Executing VM operation: Cleanup
Event: 386.017 Executing VM operation: Cleanup done
Event: 399.084 Executing VM operation: HandshakeAllThreads
Event: 399.086 Executing VM operation: HandshakeAllThreads done
Event: 399.086 Executing VM operation: Cleanup
Event: 399.087 Executing VM operation: Cleanup done
Event: 400.101 Executing VM operation: Cleanup
Event: 400.101 Executing VM operation: Cleanup done
Event: 407.139 Executing VM operation: Cleanup
Event: 407.139 Executing VM operation: Cleanup done
Event: 412.177 Executing VM operation: Cleanup
Event: 412.178 Executing VM operation: Cleanup done

Events (20 events):
Event: 364.465 loading class org/w3c/dom/Document done
Event: 364.623 loading class java/nio/StringCharBuffer
Event: 364.625 loading class java/nio/StringCharBuffer done
Event: 364.725 Thread 0x00000204d20de6c0 flushing nmethod 0x00000204beb3e510
Event: 365.204 loading class java/util/concurrent/locks/ReentrantReadWriteLock$Sync$HoldCounter
Event: 365.206 loading class java/util/concurrent/locks/ReentrantReadWriteLock$Sync$HoldCounter done
Event: 365.817 loading class java/net/HttpURLConnection
Event: 365.827 loading class java/net/HttpURLConnection done
Event: 365.848 loading class java/net/UrlDeserializedState
Event: 365.849 loading class java/net/UrlDeserializedState done
Event: 398.945 loading class javax/xml/datatype/DatatypeConfigurationException
Event: 398.951 loading class javax/xml/datatype/DatatypeConfigurationException done
Event: 398.952 loading class javax/xml/datatype/DatatypeFactory
Event: 398.956 loading class javax/xml/datatype/DatatypeFactory done
Event: 398.963 loading class javax/xml/datatype/FactoryFinder
Event: 398.966 loading class javax/xml/datatype/FactoryFinder done
Event: 399.004 loading class javax/xml/datatype/FactoryFinder$1
Event: 399.005 loading class javax/xml/datatype/FactoryFinder$1 done
Event: 399.027 loading class com/sun/org/apache/xerces/internal/jaxp/datatype/DatatypeFactoryImpl
Event: 399.028 loading class com/sun/org/apache/xerces/internal/jaxp/datatype/DatatypeFactoryImpl done


Dynamic libraries:
0x00007ff703b10000 - 0x00007ff703b20000 	C:\Program Files\Java\jdk-17.0.3.1\bin\java.exe
0x00007ff979830000 - 0x00007ff979a28000 	C:\Windows\SYSTEM32\ntdll.dll
0x00007ff9786b0000 - 0x00007ff978772000 	C:\Windows\System32\KERNEL32.DLL
0x00007ff976ed0000 - 0x00007ff9771ce000 	C:\Windows\System32\KERNELBASE.dll
0x00007ff977240000 - 0x00007ff977340000 	C:\Windows\System32\ucrtbase.dll
0x00007ff966a60000 - 0x00007ff966a7a000 	C:\Program Files\Java\jdk-17.0.3.1\bin\VCRUNTIME140.dll
0x00007ff965cf0000 - 0x00007ff965d08000 	C:\Program Files\Java\jdk-17.0.3.1\bin\jli.dll
0x00007ff979040000 - 0x00007ff9790f1000 	C:\Windows\System32\ADVAPI32.dll
0x00007ff978590000 - 0x00007ff97862e000 	C:\Windows\System32\msvcrt.dll
0x00007ff979680000 - 0x00007ff97971f000 	C:\Windows\System32\sechost.dll
0x00007ff978c50000 - 0x00007ff978d73000 	C:\Windows\System32\RPCRT4.dll
0x00007ff977340000 - 0x00007ff977367000 	C:\Windows\System32\bcrypt.dll
0x00007ff977ab0000 - 0x00007ff977c4d000 	C:\Windows\System32\USER32.dll
0x00007ff95fab0000 - 0x00007ff95fd4a000 	C:\Windows\WinSxS\amd64_microsoft.windows.common-controls_6595b64144ccf1df_6.0.19041.4355_none_60b8b9eb71f62e16\COMCTL32.dll
0x00007ff977770000 - 0x00007ff977792000 	C:\Windows\System32\win32u.dll
0x00007ff978560000 - 0x00007ff97858b000 	C:\Windows\System32\GDI32.dll
0x00007ff977410000 - 0x00007ff977527000 	C:\Windows\System32\gdi32full.dll
0x00007ff977370000 - 0x00007ff97740d000 	C:\Windows\System32\msvcp_win.dll
0x00007ff96cdf0000 - 0x00007ff96cdfa000 	C:\Windows\SYSTEM32\VERSION.dll
0x00007ff979100000 - 0x00007ff97912f000 	C:\Windows\System32\IMM32.DLL
0x00007ff96bd70000 - 0x00007ff96bd7c000 	C:\Program Files\Java\jdk-17.0.3.1\bin\vcruntime140_1.dll
0x00007ff92a100000 - 0x00007ff92a18d000 	C:\Program Files\Java\jdk-17.0.3.1\bin\msvcp140.dll
0x00007ff8fb4a0000 - 0x00007ff8fc060000 	C:\Program Files\Java\jdk-17.0.3.1\bin\server\jvm.dll
0x00007ff979310000 - 0x00007ff979318000 	C:\Windows\System32\PSAPI.DLL
0x00007ff9616c0000 - 0x00007ff9616c9000 	C:\Windows\SYSTEM32\WSOCK32.dll
0x00007ff96add0000 - 0x00007ff96adf7000 	C:\Windows\SYSTEM32\WINMM.dll
0x00007ff978eb0000 - 0x00007ff978f1b000 	C:\Windows\System32\WS2_32.dll
0x00007ff974d10000 - 0x00007ff974d22000 	C:\Windows\SYSTEM32\kernel.appcore.dll
0x00007ff965cc0000 - 0x00007ff965cca000 	C:\Program Files\Java\jdk-17.0.3.1\bin\jimage.dll
0x00007ff965840000 - 0x00007ff965a24000 	C:\Windows\SYSTEM32\DBGHELP.DLL
0x00007ff965160000 - 0x00007ff965194000 	C:\Windows\SYSTEM32\dbgcore.DLL
0x00007ff977530000 - 0x00007ff9775b2000 	C:\Windows\System32\bcryptPrimitives.dll
0x00007ff970750000 - 0x00007ff97075e000 	C:\Program Files\Java\jdk-17.0.3.1\bin\instrument.dll
0x00007ff92fc60000 - 0x00007ff92fc85000 	C:\Program Files\Java\jdk-17.0.3.1\bin\java.dll
0x00007ff9210c0000 - 0x00007ff921196000 	C:\Program Files\Java\jdk-17.0.3.1\bin\jsvml.dll
0x00007ff977c50000 - 0x00007ff9783bd000 	C:\Windows\System32\SHELL32.dll
0x00007ff974f10000 - 0x00007ff9756b4000 	C:\Windows\SYSTEM32\windows.storage.dll
0x00007ff979320000 - 0x00007ff979673000 	C:\Windows\System32\combase.dll
0x00007ff976750000 - 0x00007ff97677e000 	C:\Windows\SYSTEM32\Wldp.dll
0x00007ff979240000 - 0x00007ff97930d000 	C:\Windows\System32\OLEAUT32.dll
0x00007ff9783c0000 - 0x00007ff97846d000 	C:\Windows\System32\SHCORE.dll
0x00007ff978bf0000 - 0x00007ff978c45000 	C:\Windows\System32\shlwapi.dll
0x00007ff976e00000 - 0x00007ff976e24000 	C:\Windows\SYSTEM32\profapi.dll
0x00007ff93eb40000 - 0x00007ff93eb58000 	C:\Program Files\Java\jdk-17.0.3.1\bin\zip.dll
0x00007ff942e60000 - 0x00007ff942e79000 	C:\Program Files\Java\jdk-17.0.3.1\bin\net.dll
0x00007ff970cb0000 - 0x00007ff970dbd000 	C:\Windows\SYSTEM32\WINHTTP.dll
0x00007ff976530000 - 0x00007ff97659a000 	C:\Windows\system32\mswsock.dll
0x00007ff940330000 - 0x00007ff940346000 	C:\Program Files\Java\jdk-17.0.3.1\bin\nio.dll
0x00007ff96b060000 - 0x00007ff96b07a000 	C:\Program Files\JetBrains\IntelliJ IDEA Community Edition 2022.1.3\bin\breakgen64.dll
0x00007ff961030000 - 0x00007ff961040000 	C:\Program Files\Java\jdk-17.0.3.1\bin\verify.dll
0x00007ff96b050000 - 0x00007ff96b059000 	C:\Program Files\Java\jdk-17.0.3.1\bin\management.dll
0x00007ff96b040000 - 0x00007ff96b04b000 	C:\Program Files\Java\jdk-17.0.3.1\bin\management_ext.dll
0x00007ff95cca0000 - 0x00007ff95ccb7000 	C:\Windows\system32\napinsp.dll
0x00007ff95cc80000 - 0x00007ff95cc9b000 	C:\Windows\system32\pnrpnsp.dll
0x00007ff972180000 - 0x00007ff972195000 	C:\Windows\system32\wshbth.dll
0x00007ff971cb0000 - 0x00007ff971ccd000 	C:\Windows\system32\NLAapi.dll
0x00007ff976230000 - 0x00007ff97626b000 	C:\Windows\SYSTEM32\IPHLPAPI.DLL
0x00007ff976270000 - 0x00007ff97633a000 	C:\Windows\SYSTEM32\DNSAPI.dll
0x00007ff9797e0000 - 0x00007ff9797e8000 	C:\Windows\System32\NSI.dll
0x00007ff95c350000 - 0x00007ff95c362000 	C:\Windows\System32\winrnr.dll
0x00007ff96ef90000 - 0x00007ff96ef9a000 	C:\Windows\System32\rasadhlp.dll
0x00007ff96eab0000 - 0x00007ff96eb30000 	C:\Windows\System32\fwpuclnt.dll
0x00007ff976790000 - 0x00007ff9767a8000 	C:\Windows\SYSTEM32\CRYPTSP.dll
0x00007ff975e70000 - 0x00007ff975ea4000 	C:\Windows\system32\rsaenh.dll
0x00007ff976d80000 - 0x00007ff976dae000 	C:\Windows\SYSTEM32\USERENV.dll
0x00007ff9766c0000 - 0x00007ff9766cc000 	C:\Windows\SYSTEM32\CRYPTBASE.dll
0x00007ff970000000 - 0x00007ff970017000 	C:\Windows\SYSTEM32\dhcpcsvc6.DLL
0x00007ff96ff50000 - 0x00007ff96ff6d000 	C:\Windows\SYSTEM32\dhcpcsvc.DLL
0x00007ff93e980000 - 0x00007ff93e98e000 	C:\Program Files\Java\jdk-17.0.3.1\bin\sunmscapi.dll
0x00007ff977610000 - 0x00007ff97776c000 	C:\Windows\System32\CRYPT32.dll
0x00007ff9768a0000 - 0x00007ff9768c7000 	C:\Windows\SYSTEM32\ncrypt.dll
0x00007ff976860000 - 0x00007ff97689b000 	C:\Windows\SYSTEM32\NTASN1.dll
0x00007ff96b030000 - 0x00007ff96b037000 	C:\Windows\system32\wshunix.dll

dbghelp: loaded successfully - version: 4.0.5 - missing functions: none
symbol engine: initialized successfully - sym options: 0x614 - pdb path: .;C:\Program Files\Java\jdk-17.0.3.1\bin;C:\Windows\SYSTEM32;C:\Windows\WinSxS\amd64_microsoft.windows.common-controls_6595b64144ccf1df_6.0.19041.4355_none_60b8b9eb71f62e16;C:\Program Files\Java\jdk-17.0.3.1\bin\server;C:\Program Files\JetBrains\IntelliJ IDEA Community Edition 2022.1.3\bin

VM Arguments:
jvm_args: -javaagent:C:\Program Files\JetBrains\IntelliJ IDEA Community Edition 2022.1.3\lib\idea_rt.jar=54886:C:\Program Files\JetBrains\IntelliJ IDEA Community Edition 2022.1.3\bin -Dfile.encoding=UTF-8 
java_command: com.developer.onlybuns.OnlyBunsApplication
java_class_path (initial): C:\Users\Lenovo\Documents\GitHub\ISA2024-25\OnlyBunsApplication\target\classes;C:\Users\Lenovo\.m2\repository\org\springframework\boot\spring-boot-starter-data-jpa\2.5.2\spring-boot-starter-data-jpa-2.5.2.jar;C:\Users\Lenovo\.m2\repository\org\springframework\boot\spring-boot-starter-jdbc\2.5.2\spring-boot-starter-jdbc-2.5.2.jar;C:\Users\Lenovo\.m2\repository\com\zaxxer\HikariCP\4.0.3\HikariCP-4.0.3.jar;C:\Users\Lenovo\.m2\repository\org\springframework\spring-jdbc\5.3.8\spring-jdbc-5.3.8.jar;C:\Users\Lenovo\.m2\repository\jakarta\transaction\jakarta.transaction-api\1.3.3\jakarta.transaction-api-1.3.3.jar;C:\Users\Lenovo\.m2\repository\jakarta\persistence\jakarta.persistence-api\2.2.3\jakarta.persistence-api-2.2.3.jar;C:\Users\Lenovo\.m2\repository\org\hibernate\hibernate-core\5.4.32.Final\hibernate-core-5.4.32.Final.jar;C:\Users\Lenovo\.m2\repository\org\jboss\logging\jboss-logging\3.4.2.Final\jboss-logging-3.4.2.Final.jar;C:\Users\Lenovo\.m2\repository\org\javassist\javassist\3.27.0-GA\javassist-3.27.0-GA.jar;C:\Users\Lenovo\.m2\repository\net\bytebuddy\byte-buddy\1.10.22\byte-buddy-1.10.22.jar;C:\Users\Lenovo\.m2\repository\antlr\antlr\2.7.7\antlr-2.7.7.jar;C:\Users\Lenovo\.m2\repository\org\jboss\jandex\2.2.3.Final\jandex-2.2.3.Final.jar;C:\Users\Lenovo\.m2\repository\com\fasterxml\classmate\1.5.1\classmate-1.5.1.jar;C:\Users\Lenovo\.m2\repository\org\dom4j\dom4j\2.1.3\dom4j-2.1.3.jar;C:\Users\Lenovo\.m2\repository\org\hibernate\common\hibernate-commons-annotations\5.1.2.Final\hibernate-commons-annotations-5.1.2.Final.jar;C:\Users\Lenovo\.m2\repository\org\glassfish\jaxb\jaxb-runtime\2.3.4\jaxb-runtime-2.3.4.jar;C:\Users\Lenovo\.m2\repository\org\glassfish\jaxb\txw2\2.3.4\txw2-2.3.4.jar;C:\Users\Lenovo\.m2\repository\com\sun\istack\istack-commons-runtime\3.0.12\istack-commons-runtime-3.0.12.jar;C:\Users\Lenovo\.m2\repository\org\springframework\data\spring-data-jpa\2.5.2\spring-data-jpa-2.5.2.jar;C:\Users\Lenovo\.m2\repository\org\sp
Launcher Type: SUN_STANDARD

[Global flags]
     intx CICompilerCount                          = 4                                         {product} {ergonomic}
     uint ConcGCThreads                            = 2                                         {product} {ergonomic}
     uint G1ConcRefinementThreads                  = 8                                         {product} {ergonomic}
   size_t G1HeapRegionSize                         = 1048576                                   {product} {ergonomic}
    uintx GCDrainStackTargetSize                   = 64                                        {product} {ergonomic}
   size_t InitialHeapSize                          = 60817408                                  {product} {ergonomic}
   size_t MarkStackSize                            = 4194304                                   {product} {ergonomic}
   size_t MaxHeapSize                              = 954204160                                 {product} {ergonomic}
   size_t MaxNewSize                               = 572522496                                 {product} {ergonomic}
   size_t MinHeapDeltaBytes                        = 1048576                                   {product} {ergonomic}
   size_t MinHeapSize                              = 8388608                                   {product} {ergonomic}
    uintx NonNMethodCodeHeapSize                   = 5839372                                {pd product} {ergonomic}
    uintx NonProfiledCodeHeapSize                  = 122909434                              {pd product} {ergonomic}
    uintx ProfiledCodeHeapSize                     = 122909434                              {pd product} {ergonomic}
    uintx ReservedCodeCacheSize                    = 251658240                              {pd product} {ergonomic}
     bool SegmentedCodeCache                       = true                                      {product} {ergonomic}
   size_t SoftMaxHeapSize                          = 954204160                              {manageable} {ergonomic}
     bool UseCompressedClassPointers               = true                           {product lp64_product} {ergonomic}
     bool UseCompressedOops                        = true                           {product lp64_product} {ergonomic}
     bool UseG1GC                                  = true                                      {product} {ergonomic}
     bool UseLargePagesIndividualAllocation        = false                                  {pd product} {ergonomic}

Logging:
Log output configuration:
 #0: stdout all=warning uptime,level,tags
 #1: stderr all=off uptime,level,tags

Environment Variables:
PATH=C:\app\Lenovo\product\21c\dbhomeXE\bin;C:\oraclexe\app\oracle\product\11.2.0\server\bin;C:\Program Files\Common Files\Oracle\Java\javapath;C:\Program Files (x86)\Common Files\Oracle\Java\javapath;C:\Windows\system32;C:\Windows;C:\Windows\System32\Wbem;C:\Windows\System32\WindowsPowerShell\v1.0\;C:\Windows\System32\OpenSSH\;C:\Program Files\dotnet\;C:\Program Files (x86)\Microsoft SQL Server\160\Tools\Binn\;C:\Program Files\Microsoft SQL Server\160\Tools\Binn\;C:\Program Files\Microsoft SQL Server\Client SDK\ODBC\170\Tools\Binn\;C:\Program Files\Microsoft SQL Server\160\DTS\Binn\;C:\Program Files (x86)\Microsoft SQL Server\160\DTS\Binn\;C:\Program Files\Microsoft SQL Server\150\Tools\Binn\;C:\Program Files\nodejs\;C:\ProgramData\chocolatey\bin;C:\Program Files\Git\cmd;C:\Program Files (x86)\GnuWin32\bin;C:\Program Files\Go\bin;C:\Program Files\Docker\Docker\resources\bin;C:\protoc-26.1-win64\bin;C:\Program Files\MongoDB\Server\5.0\bin;C:\Users\Lenovo\AppData\Local\Programs\Python\Python312;C:\Users\Lenovo\AppData\Local\Programs\Python\Python311\Scripts\uvicorn;C:\Users\Lenovo\AppData\Local\Programs\Python\Python311\Scripts\;C:\Users\Lenovo\AppData\Local\Programs\Python\Python311\;C:\Program Files\MySQL\MySQL Shell 8.0\bin\;C:\Users\Lenovo\scoop\shims;C:\Users\Lenovo\AppData\Local\Microsoft\WindowsApps;C:\Users\Lenovo\AppData\Local\Programs\Microsoft VS Code\bin;C:\Users\Lenovo\AppData\Local\GitHubDesktop\bin;C:\Users\Lenovo\.dotnet\tools;C:\Program Files\Azure Data Studio\bin;C:\Users\Lenovo\AppData\Roaming\npm;C:\msys64\mingw64\bin;C:\Users\Lenovo\go\bin
USERNAME=Lenovo
OS=Windows_NT
PROCESSOR_IDENTIFIER=AMD64 Family 23 Model 17 Stepping 0, AuthenticAMD



---------------  S Y S T E M  ---------------

OS:
 Windows 10 , 64 bit Build 19041 (10.0.19041.5072)
OS uptime: 6 days 20:27 hours
Hyper-V role detected

CPU: total 8 (initial active 8) (8 cores per cpu, 2 threads per core) family 23 model 17 stepping 0 microcode 0x0, cx8, cmov, fxsr, ht, mmx, 3dnowpref, sse, sse2, sse3, ssse3, sse4a, sse4.1, sse4.2, popcnt, lzcnt, tsc, tscinvbit, avx, avx2, aes, clmul, bmi1, bmi2, adx, sha, fma, vzeroupper, clflush, clflushopt, hv

Memory: 4k page, system-wide physical 3638M (52M free)
TotalPageFile size 14902M (AvailPageFile size 6M)
current process WorkingSet (physical memory assigned to process): 123M, peak: 218M
current process commit charge ("private bytes"): 320M, peak: 334M

vm_info: Java HotSpot(TM) 64-Bit Server VM (17.0.3.1+2-LTS-6) for windows-amd64 JRE (17.0.3.1+2-LTS-6), built on Apr 25 2022 22:04:21 by "mach5one" with MS VC++ 16.8 / 16.9 (VS2019)

END.
