#
# There is insufficient memory for the Java Runtime Environment to continue.
# Native memory allocation (malloc) failed to allocate 601216 bytes for Chunk::new
# Possible reasons:
#   The system is out of physical RAM or swap space
#   The process is running with CompressedOops enabled, and the Java Heap may be blocking the growth of the native heap
# Possible solutions:
#   Reduce memory load on the system
#   Increase physical memory or swap space
#   Check if swap backing store is full
#   Decrease Java heap size (-Xmx/-Xms)
#   Decrease number of Java threads
#   Decrease Java thread stack sizes (-Xss)
#   Set larger code cache with -XX:ReservedCodeCacheSize=
#   JVM is running with Unscaled Compressed Oops mode in which the Java heap is
#     placed in the first 4GB address space. The Java Heap base address is the
#     maximum limit for the native heap growth. Please use -XX:HeapBaseMinAddress
#     to set the Java Heap base and to place the Java Heap above 4GB virtual address.
# This output file may be truncated or incomplete.
#
#  Out of Memory Error (arena.cpp:189), pid=10836, tid=19256
#
# JRE version: Java(TM) SE Runtime Environment (17.0.3.1+2) (build 17.0.3.1+2-LTS-6)
# Java VM: Java HotSpot(TM) 64-Bit Server VM (17.0.3.1+2-LTS-6, mixed mode, sharing, tiered, compressed oops, compressed class ptrs, g1 gc, windows-amd64)
# No core dump will be written. Minidumps are not enabled by default on client versions of Windows
#

---------------  S U M M A R Y ------------

Command Line: -javaagent:C:\Program Files\JetBrains\IntelliJ IDEA Community Edition 2022.1.3\lib\idea_rt.jar=61508:C:\Program Files\JetBrains\IntelliJ IDEA Community Edition 2022.1.3\bin -Dfile.encoding=UTF-8 com.developer.onlybuns.OnlyBunsApplication

Host: AMD Ryzen 5 2500U with Radeon Vega Mobile Gfx  , 8 cores, 3G,  Windows 10 , 64 bit Build 19041 (10.0.19041.5072)
Time: Mon Dec  9 23:05:36 2024 Central Europe Standard Time elapsed time: 245.588316 seconds (0d 0h 4m 5s)

---------------  T H R E A D  ---------------

Current thread (0x000001777fb02910):  JavaThread "C2 CompilerThread0" daemon [_thread_in_native, id=19256, stack(0x0000003c08700000,0x0000003c08800000)]


Current CompileTask:
C2: 245588 6942 % !   4       org.springframework.beans.factory.support.DefaultListableBeanFactory::doGetBeanNamesForType @ 20 (511 bytes)

Stack: [0x0000003c08700000,0x0000003c08800000]
Native frames: (J=compiled Java code, j=interpreted, Vv=VM code, C=native code)
V  [jvm.dll+0x6711ba]
V  [jvm.dll+0x7d0834]
V  [jvm.dll+0x7d1fde]
V  [jvm.dll+0x7d2643]
V  [jvm.dll+0x242c85]
V  [jvm.dll+0xaa57b]
V  [jvm.dll+0xaab0c]
V  [jvm.dll+0x2a99df]
V  [jvm.dll+0x579889]
V  [jvm.dll+0x21defd]
V  [jvm.dll+0x21741f]
V  [jvm.dll+0x21507b]
V  [jvm.dll+0x1a1c3d]
V  [jvm.dll+0x2249c8]
V  [jvm.dll+0x222b2c]
V  [jvm.dll+0x78650b]
V  [jvm.dll+0x780aca]
V  [jvm.dll+0x670045]
C  [ucrtbase.dll+0x21bb2]
C  [KERNEL32.DLL+0x17374]
C  [ntdll.dll+0x4cc91]


---------------  P R O C E S S  ---------------

Threads class SMR info:
_java_thread_list=0x000001771437cd50, length=29, elements={
0x0000017773470710, 0x0000017773473c40, 0x000001777faf7b50, 0x000001777faf8020,
0x000001777faf84f0, 0x000001777faf89c0, 0x000001777fb02910, 0x000001777fb04280,
0x000001777fb04b80, 0x000001777faf5e70, 0x000001777faf6ce0, 0x000001777faf5000,
0x000001777faf59a0, 0x000001777faf6340, 0x000001777faf6810, 0x000001777faf7680,
0x000001771098c500, 0x000001771098e1e0, 0x0000017710990d30, 0x000001771098f050,
0x000001771098d370, 0x000001771098e6b0, 0x000001771098eb80, 0x000001771098fec0,
0x0000017710990390, 0x0000017710989e80, 0x0000017710990860, 0x0000017710991200,
0x00000177109899b0
}

Java Threads: ( => current thread )
  0x0000017773470710 JavaThread "Reference Handler" daemon [_thread_blocked, id=428, stack(0x0000003c08100000,0x0000003c08200000)]
  0x0000017773473c40 JavaThread "Finalizer" daemon [_thread_blocked, id=9904, stack(0x0000003c08200000,0x0000003c08300000)]
  0x000001777faf7b50 JavaThread "Signal Dispatcher" daemon [_thread_blocked, id=9828, stack(0x0000003c08300000,0x0000003c08400000)]
  0x000001777faf8020 JavaThread "Attach Listener" daemon [_thread_blocked, id=396, stack(0x0000003c08400000,0x0000003c08500000)]
  0x000001777faf84f0 JavaThread "Service Thread" daemon [_thread_blocked, id=13344, stack(0x0000003c08500000,0x0000003c08600000)]
  0x000001777faf89c0 JavaThread "Monitor Deflation Thread" daemon [_thread_blocked, id=14652, stack(0x0000003c08600000,0x0000003c08700000)]
=>0x000001777fb02910 JavaThread "C2 CompilerThread0" daemon [_thread_in_native, id=19256, stack(0x0000003c08700000,0x0000003c08800000)]
  0x000001777fb04280 JavaThread "C1 CompilerThread0" daemon [_thread_blocked, id=19612, stack(0x0000003c08800000,0x0000003c08900000)]
  0x000001777fb04b80 JavaThread "Sweeper thread" daemon [_thread_blocked, id=15696, stack(0x0000003c08900000,0x0000003c08a00000)]
  0x000001777faf5e70 JavaThread "Common-Cleaner" daemon [_thread_blocked, id=15844, stack(0x0000003c08a00000,0x0000003c08b00000)]
  0x000001777faf6ce0 JavaThread "Monitor Ctrl-Break" daemon [_thread_in_native, id=12056, stack(0x0000003c08b00000,0x0000003c08c00000)]
  0x000001777faf5000 JavaThread "Notification Thread" daemon [_thread_blocked, id=18820, stack(0x0000003c08c00000,0x0000003c08d00000)]
  0x000001777faf59a0 JavaThread "Catalina-utility-1" [_thread_blocked, id=11400, stack(0x0000003c09700000,0x0000003c09800000)]
  0x000001777faf6340 JavaThread "Catalina-utility-2" [_thread_blocked, id=19936, stack(0x0000003c09800000,0x0000003c09900000)]
  0x000001777faf6810 JavaThread "container-0" [_thread_blocked, id=14172, stack(0x0000003c09900000,0x0000003c09a00000)]
  0x000001777faf7680 JavaThread "HikariPool-1 housekeeper" daemon [_thread_blocked, id=15248, stack(0x0000003c09b00000,0x0000003c09c00000)]
  0x000001771098c500 JavaThread "http-nio-8080-exec-1" daemon [_thread_in_native, id=14956, stack(0x0000003c09d00000,0x0000003c09e00000)]
  0x000001771098e1e0 JavaThread "http-nio-8080-exec-2" daemon [_thread_blocked, id=10476, stack(0x0000003c09e00000,0x0000003c09f00000)]
  0x0000017710990d30 JavaThread "http-nio-8080-exec-3" daemon [_thread_blocked, id=12096, stack(0x0000003c09f00000,0x0000003c0a000000)]
  0x000001771098f050 JavaThread "http-nio-8080-exec-4" daemon [_thread_blocked, id=2536, stack(0x0000003c0a000000,0x0000003c0a100000)]
  0x000001771098d370 JavaThread "http-nio-8080-exec-5" daemon [_thread_blocked, id=424, stack(0x0000003c0a100000,0x0000003c0a200000)]
  0x000001771098e6b0 JavaThread "http-nio-8080-exec-6" daemon [_thread_blocked, id=13760, stack(0x0000003c0a200000,0x0000003c0a300000)]
  0x000001771098eb80 JavaThread "http-nio-8080-exec-7" daemon [_thread_blocked, id=19752, stack(0x0000003c0a300000,0x0000003c0a400000)]
  0x000001771098fec0 JavaThread "http-nio-8080-exec-8" daemon [_thread_blocked, id=8748, stack(0x0000003c0a400000,0x0000003c0a500000)]
  0x0000017710990390 JavaThread "http-nio-8080-exec-9" daemon [_thread_blocked, id=20348, stack(0x0000003c0a500000,0x0000003c0a600000)]
  0x0000017710989e80 JavaThread "http-nio-8080-exec-10" daemon [_thread_blocked, id=14612, stack(0x0000003c0a600000,0x0000003c0a700000)]
  0x0000017710990860 JavaThread "http-nio-8080-Poller" daemon [_thread_in_native, id=1912, stack(0x0000003c0a700000,0x0000003c0a800000)]
  0x0000017710991200 JavaThread "http-nio-8080-Acceptor" daemon [_thread_in_native, id=4016, stack(0x0000003c0a800000,0x0000003c0a900000)]
  0x00000177109899b0 JavaThread "DestroyJavaVM" [_thread_blocked, id=12180, stack(0x0000003c07a00000,0x0000003c07b00000)]

Other Threads:
  0x000001777346bbb0 VMThread "VM Thread" [stack: 0x0000003c08000000,0x0000003c08100000] [id=19280]
  0x0000017773400c80 WatcherThread [stack: 0x0000003c08d00000,0x0000003c08e00000] [id=8992]
  0x00000177733f2ba0 GCTaskThread "GC Thread#0" [stack: 0x0000003c07b00000,0x0000003c07c00000] [id=19860]
  0x0000017710352660 GCTaskThread "GC Thread#1" [stack: 0x0000003c08e00000,0x0000003c08f00000] [id=10184]
  0x0000017710469b60 GCTaskThread "GC Thread#2" [stack: 0x0000003c08f00000,0x0000003c09000000] [id=17788]
  0x000001771046a220 GCTaskThread "GC Thread#3" [stack: 0x0000003c09000000,0x0000003c09100000] [id=19244]
  0x000001771046a8e0 GCTaskThread "GC Thread#4" [stack: 0x0000003c09100000,0x0000003c09200000] [id=20032]
  0x000001771046ab90 GCTaskThread "GC Thread#5" [stack: 0x0000003c09200000,0x0000003c09300000] [id=17508]
  0x000001771046ae40 GCTaskThread "GC Thread#6" [stack: 0x0000003c09300000,0x0000003c09400000] [id=20280]
  0x000001771046b0f0 GCTaskThread "GC Thread#7" [stack: 0x0000003c09400000,0x0000003c09500000] [id=7648]
  0x00000177733fabb0 ConcurrentGCThread "G1 Main Marker" [stack: 0x0000003c07c00000,0x0000003c07d00000] [id=7712]
  0x00000177733fb4d0 ConcurrentGCThread "G1 Conc#0" [stack: 0x0000003c07d00000,0x0000003c07e00000] [id=19656]
  0x000001770fdd4eb0 ConcurrentGCThread "G1 Conc#1" [stack: 0x0000003c09600000,0x0000003c09700000] [id=10316]
  0x000001777344a540 ConcurrentGCThread "G1 Refine#0" [stack: 0x0000003c07e00000,0x0000003c07f00000] [id=7240]
  0x000001770f935a90 ConcurrentGCThread "G1 Refine#1" [stack: 0x0000003c09500000,0x0000003c09600000] [id=3600]
  0x0000017710fea080 ConcurrentGCThread "G1 Refine#2" [stack: 0x0000003c09c00000,0x0000003c09d00000] [id=14756]
  0x000001777344afb0 ConcurrentGCThread "G1 Service" [stack: 0x0000003c07f00000,0x0000003c08000000] [id=11040]

Threads with active compile tasks:
C2 CompilerThread0   245721 6942 % !   4       org.springframework.beans.factory.support.DefaultListableBeanFactory::doGetBeanNamesForType @ 20 (511 bytes)

VM state: not at safepoint (normal execution)

VM Mutex/Monitor currently owned by a thread: None

Heap address: 0x00000000c7200000, size: 910 MB, Compressed Oops mode: 32-bit

CDS archive(s) mapped at: [0x0000000800000000-0x0000000800bc0000-0x0000000800bc0000), size 12320768, SharedBaseAddress: 0x0000000800000000, ArchiveRelocationMode: 0.
Compressed class space mapped at: 0x0000000800c00000-0x0000000840c00000, reserved size: 1073741824
Narrow klass base: 0x0000000800000000, Narrow klass shift: 0, Narrow klass range: 0x100000000

GC Precious Log:
 CPUs: 8 total, 8 available
 Memory: 3638M
 Large Page Support: Disabled
 NUMA Support: Disabled
 Compressed Oops: Enabled (32-bit)
 Heap Region Size: 1M
 Heap Min Capacity: 8M
 Heap Initial Capacity: 58M
 Heap Max Capacity: 910M
 Pre-touch: Disabled
 Parallel Workers: 8
 Concurrent Workers: 2
 Concurrent Refinement Workers: 8
 Periodic GC: Disabled

Heap:
 garbage-first heap   total 169984K, used 73281K [0x00000000c7200000, 0x0000000100000000)
  region size 1024K, 38 young (38912K), 8 survivors (8192K)
 Metaspace       used 60780K, committed 61184K, reserved 1105920K
  class space    used 7873K, committed 8064K, reserved 1048576K

Heap Regions: E=young(eden), S=young(survivor), O=old, HS=humongous(starts), HC=humongous(continues), CS=collection set, F=free, OA=open archive, CA=closed archive, TAMS=top-at-mark-start (previous, next)
|   0|0x00000000c7200000, 0x00000000c7300000, 0x00000000c7300000|100%|HS|  |TAMS 0x00000000c7300000, 0x00000000c7200000| Complete 
|   1|0x00000000c7300000, 0x00000000c7400000, 0x00000000c7400000|100%| O|  |TAMS 0x00000000c7400000, 0x00000000c7300000| Untracked 
|   2|0x00000000c7400000, 0x00000000c7500000, 0x00000000c7500000|100%| O|  |TAMS 0x00000000c7500000, 0x00000000c7400000| Untracked 
|   3|0x00000000c7500000, 0x00000000c7600000, 0x00000000c7600000|100%| O|  |TAMS 0x00000000c7600000, 0x00000000c7500000| Untracked 
|   4|0x00000000c7600000, 0x00000000c7700000, 0x00000000c7700000|100%| O|  |TAMS 0x00000000c7700000, 0x00000000c7600000| Untracked 
|   5|0x00000000c7700000, 0x00000000c7800000, 0x00000000c7800000|100%| O|  |TAMS 0x00000000c7800000, 0x00000000c7700000| Untracked 
|   6|0x00000000c7800000, 0x00000000c7900000, 0x00000000c7900000|100%| O|  |TAMS 0x00000000c7900000, 0x00000000c7800000| Untracked 
|   7|0x00000000c7900000, 0x00000000c7a00000, 0x00000000c7a00000|100%| O|  |TAMS 0x00000000c7a00000, 0x00000000c7900000| Untracked 
|   8|0x00000000c7a00000, 0x00000000c7b00000, 0x00000000c7b00000|100%| O|  |TAMS 0x00000000c7b00000, 0x00000000c7a00000| Untracked 
|   9|0x00000000c7b00000, 0x00000000c7c00000, 0x00000000c7c00000|100%| O|  |TAMS 0x00000000c7c00000, 0x00000000c7b00000| Untracked 
|  10|0x00000000c7c00000, 0x00000000c7c84800, 0x00000000c7d00000| 51%| O|  |TAMS 0x00000000c7c84800, 0x00000000c7c00000| Untracked 
|  11|0x00000000c7d00000, 0x00000000c7e00000, 0x00000000c7e00000|100%| O|  |TAMS 0x00000000c7e00000, 0x00000000c7d00000| Untracked 
|  12|0x00000000c7e00000, 0x00000000c7f00000, 0x00000000c7f00000|100%| O|  |TAMS 0x00000000c7f00000, 0x00000000c7e00000| Untracked 
|  13|0x00000000c7f00000, 0x00000000c8000000, 0x00000000c8000000|100%| O|  |TAMS 0x00000000c8000000, 0x00000000c7f00000| Untracked 
|  14|0x00000000c8000000, 0x00000000c8100000, 0x00000000c8100000|100%| O|  |TAMS 0x00000000c8100000, 0x00000000c8000000| Untracked 
|  15|0x00000000c8100000, 0x00000000c8200000, 0x00000000c8200000|100%| O|  |TAMS 0x00000000c8200000, 0x00000000c8100000| Untracked 
|  16|0x00000000c8200000, 0x00000000c8300000, 0x00000000c8300000|100%| O|  |TAMS 0x00000000c8300000, 0x00000000c8200000| Untracked 
|  17|0x00000000c8300000, 0x00000000c8400000, 0x00000000c8400000|100%| O|  |TAMS 0x00000000c8400000, 0x00000000c8300000| Untracked 
|  18|0x00000000c8400000, 0x00000000c8500000, 0x00000000c8500000|100%| O|  |TAMS 0x00000000c8500000, 0x00000000c8400000| Untracked 
|  19|0x00000000c8500000, 0x00000000c8600000, 0x00000000c8600000|100%| O|  |TAMS 0x00000000c8600000, 0x00000000c8500000| Untracked 
|  20|0x00000000c8600000, 0x00000000c8700000, 0x00000000c8700000|100%| O|  |TAMS 0x00000000c8700000, 0x00000000c8600000| Untracked 
|  21|0x00000000c8700000, 0x00000000c8800000, 0x00000000c8800000|100%| O|  |TAMS 0x00000000c8800000, 0x00000000c8700000| Untracked 
|  22|0x00000000c8800000, 0x00000000c8900000, 0x00000000c8900000|100%| O|  |TAMS 0x00000000c8900000, 0x00000000c8800000| Untracked 
|  23|0x00000000c8900000, 0x00000000c8a00000, 0x00000000c8a00000|100%| O|  |TAMS 0x00000000c8a00000, 0x00000000c8900000| Untracked 
|  24|0x00000000c8a00000, 0x00000000c8b00000, 0x00000000c8b00000|100%| O|  |TAMS 0x00000000c8b00000, 0x00000000c8a00000| Untracked 
|  25|0x00000000c8b00000, 0x00000000c8c00000, 0x00000000c8c00000|100%| O|  |TAMS 0x00000000c8c00000, 0x00000000c8b00000| Untracked 
|  26|0x00000000c8c00000, 0x00000000c8d00000, 0x00000000c8d00000|100%| O|  |TAMS 0x00000000c8d00000, 0x00000000c8c00000| Untracked 
|  27|0x00000000c8d00000, 0x00000000c8e00000, 0x00000000c8e00000|100%| O|  |TAMS 0x00000000c8d07400, 0x00000000c8d00000| Untracked 
|  28|0x00000000c8e00000, 0x00000000c8f00000, 0x00000000c8f00000|100%| O|  |TAMS 0x00000000c8e00000, 0x00000000c8e00000| Untracked 
|  29|0x00000000c8f00000, 0x00000000c9000000, 0x00000000c9000000|100%| O|  |TAMS 0x00000000c8f00000, 0x00000000c8f00000| Untracked 
|  30|0x00000000c9000000, 0x00000000c9100000, 0x00000000c9100000|100%| O|  |TAMS 0x00000000c9000000, 0x00000000c9000000| Untracked 
|  31|0x00000000c9100000, 0x00000000c9200000, 0x00000000c9200000|100%| O|  |TAMS 0x00000000c9100000, 0x00000000c9100000| Untracked 
|  32|0x00000000c9200000, 0x00000000c9300000, 0x00000000c9300000|100%| O|  |TAMS 0x00000000c9200000, 0x00000000c9200000| Untracked 
|  33|0x00000000c9300000, 0x00000000c9400000, 0x00000000c9400000|100%| O|  |TAMS 0x00000000c9300000, 0x00000000c9300000| Untracked 
|  34|0x00000000c9400000, 0x00000000c9500000, 0x00000000c9500000|100%| O|  |TAMS 0x00000000c9400000, 0x00000000c9400000| Untracked 
|  35|0x00000000c9500000, 0x00000000c9520600, 0x00000000c9600000| 12%| O|  |TAMS 0x00000000c9500000, 0x00000000c9500000| Untracked 
|  36|0x00000000c9600000, 0x00000000c9600000, 0x00000000c9700000|  0%| F|  |TAMS 0x00000000c9600000, 0x00000000c9600000| Untracked 
|  37|0x00000000c9700000, 0x00000000c9700000, 0x00000000c9800000|  0%| F|  |TAMS 0x00000000c9700000, 0x00000000c9700000| Untracked 
|  38|0x00000000c9800000, 0x00000000c9800000, 0x00000000c9900000|  0%| F|  |TAMS 0x00000000c9800000, 0x00000000c9800000| Untracked 
|  39|0x00000000c9900000, 0x00000000c9900000, 0x00000000c9a00000|  0%| F|  |TAMS 0x00000000c9900000, 0x00000000c9900000| Untracked 
|  40|0x00000000c9a00000, 0x00000000c9a00000, 0x00000000c9b00000|  0%| F|  |TAMS 0x00000000c9a00000, 0x00000000c9a00000| Untracked 
|  41|0x00000000c9b00000, 0x00000000c9b00000, 0x00000000c9c00000|  0%| F|  |TAMS 0x00000000c9b00000, 0x00000000c9b00000| Untracked 
|  42|0x00000000c9c00000, 0x00000000c9c00000, 0x00000000c9d00000|  0%| F|  |TAMS 0x00000000c9c00000, 0x00000000c9c00000| Untracked 
|  43|0x00000000c9d00000, 0x00000000c9d00000, 0x00000000c9e00000|  0%| F|  |TAMS 0x00000000c9d00000, 0x00000000c9d00000| Untracked 
|  44|0x00000000c9e00000, 0x00000000c9e00000, 0x00000000c9f00000|  0%| F|  |TAMS 0x00000000c9e00000, 0x00000000c9e00000| Untracked 
|  45|0x00000000c9f00000, 0x00000000c9f00000, 0x00000000ca000000|  0%| F|  |TAMS 0x00000000c9f00000, 0x00000000c9f00000| Untracked 
|  46|0x00000000ca000000, 0x00000000ca000000, 0x00000000ca100000|  0%| F|  |TAMS 0x00000000ca000000, 0x00000000ca000000| Untracked 
|  47|0x00000000ca100000, 0x00000000ca100000, 0x00000000ca200000|  0%| F|  |TAMS 0x00000000ca100000, 0x00000000ca100000| Untracked 
|  48|0x00000000ca200000, 0x00000000ca200000, 0x00000000ca300000|  0%| F|  |TAMS 0x00000000ca200000, 0x00000000ca200000| Untracked 
|  49|0x00000000ca300000, 0x00000000ca300000, 0x00000000ca400000|  0%| F|  |TAMS 0x00000000ca300000, 0x00000000ca300000| Untracked 
|  50|0x00000000ca400000, 0x00000000ca400000, 0x00000000ca500000|  0%| F|  |TAMS 0x00000000ca400000, 0x00000000ca400000| Untracked 
|  51|0x00000000ca500000, 0x00000000ca500000, 0x00000000ca600000|  0%| F|  |TAMS 0x00000000ca500000, 0x00000000ca500000| Untracked 
|  52|0x00000000ca600000, 0x00000000ca600000, 0x00000000ca700000|  0%| F|  |TAMS 0x00000000ca600000, 0x00000000ca600000| Untracked 
|  53|0x00000000ca700000, 0x00000000ca700000, 0x00000000ca800000|  0%| F|  |TAMS 0x00000000ca700000, 0x00000000ca700000| Untracked 
|  54|0x00000000ca800000, 0x00000000ca800000, 0x00000000ca900000|  0%| F|  |TAMS 0x00000000ca800000, 0x00000000ca800000| Untracked 
|  55|0x00000000ca900000, 0x00000000ca900000, 0x00000000caa00000|  0%| F|  |TAMS 0x00000000ca900000, 0x00000000ca900000| Untracked 
|  56|0x00000000caa00000, 0x00000000caa00000, 0x00000000cab00000|  0%| F|  |TAMS 0x00000000caa00000, 0x00000000caa00000| Untracked 
|  57|0x00000000cab00000, 0x00000000cab00000, 0x00000000cac00000|  0%| F|  |TAMS 0x00000000cab00000, 0x00000000cab00000| Untracked 
|  58|0x00000000cac00000, 0x00000000cac00000, 0x00000000cad00000|  0%| F|  |TAMS 0x00000000cac00000, 0x00000000cac00000| Untracked 
|  59|0x00000000cad00000, 0x00000000cad00000, 0x00000000cae00000|  0%| F|  |TAMS 0x00000000cad00000, 0x00000000cad00000| Untracked 
|  60|0x00000000cae00000, 0x00000000cae00000, 0x00000000caf00000|  0%| F|  |TAMS 0x00000000cae00000, 0x00000000cae00000| Untracked 
|  61|0x00000000caf00000, 0x00000000caf00000, 0x00000000cb000000|  0%| F|  |TAMS 0x00000000caf00000, 0x00000000caf00000| Untracked 
|  62|0x00000000cb000000, 0x00000000cb000000, 0x00000000cb100000|  0%| F|  |TAMS 0x00000000cb000000, 0x00000000cb000000| Untracked 
|  63|0x00000000cb100000, 0x00000000cb100000, 0x00000000cb200000|  0%| F|  |TAMS 0x00000000cb100000, 0x00000000cb100000| Untracked 
|  64|0x00000000cb200000, 0x00000000cb200000, 0x00000000cb300000|  0%| F|  |TAMS 0x00000000cb200000, 0x00000000cb200000| Untracked 
|  65|0x00000000cb300000, 0x00000000cb300000, 0x00000000cb400000|  0%| F|  |TAMS 0x00000000cb300000, 0x00000000cb300000| Untracked 
|  66|0x00000000cb400000, 0x00000000cb400000, 0x00000000cb500000|  0%| F|  |TAMS 0x00000000cb400000, 0x00000000cb400000| Untracked 
|  67|0x00000000cb500000, 0x00000000cb500000, 0x00000000cb600000|  0%| F|  |TAMS 0x00000000cb500000, 0x00000000cb500000| Untracked 
|  68|0x00000000cb600000, 0x00000000cb600000, 0x00000000cb700000|  0%| F|  |TAMS 0x00000000cb600000, 0x00000000cb600000| Untracked 
|  69|0x00000000cb700000, 0x00000000cb700000, 0x00000000cb800000|  0%| F|  |TAMS 0x00000000cb700000, 0x00000000cb700000| Untracked 
|  70|0x00000000cb800000, 0x00000000cb800000, 0x00000000cb900000|  0%| F|  |TAMS 0x00000000cb800000, 0x00000000cb800000| Untracked 
|  71|0x00000000cb900000, 0x00000000cb900000, 0x00000000cba00000|  0%| F|  |TAMS 0x00000000cb900000, 0x00000000cb900000| Untracked 
|  72|0x00000000cba00000, 0x00000000cba00000, 0x00000000cbb00000|  0%| F|  |TAMS 0x00000000cba00000, 0x00000000cba00000| Untracked 
|  73|0x00000000cbb00000, 0x00000000cbb00000, 0x00000000cbc00000|  0%| F|  |TAMS 0x00000000cbb00000, 0x00000000cbb00000| Untracked 
|  74|0x00000000cbc00000, 0x00000000cbc00000, 0x00000000cbd00000|  0%| F|  |TAMS 0x00000000cbc00000, 0x00000000cbc00000| Untracked 
|  75|0x00000000cbd00000, 0x00000000cbd00000, 0x00000000cbe00000|  0%| F|  |TAMS 0x00000000cbd00000, 0x00000000cbd00000| Untracked 
|  76|0x00000000cbe00000, 0x00000000cbe00000, 0x00000000cbf00000|  0%| F|  |TAMS 0x00000000cbe00000, 0x00000000cbe00000| Untracked 
|  77|0x00000000cbf00000, 0x00000000cbfeb820, 0x00000000cc000000| 91%| S|CS|TAMS 0x00000000cbf00000, 0x00000000cbf00000| Complete 
|  78|0x00000000cc000000, 0x00000000cc100000, 0x00000000cc100000|100%| S|CS|TAMS 0x00000000cc000000, 0x00000000cc000000| Complete 
|  79|0x00000000cc100000, 0x00000000cc200000, 0x00000000cc200000|100%| S|CS|TAMS 0x00000000cc100000, 0x00000000cc100000| Complete 
|  80|0x00000000cc200000, 0x00000000cc300000, 0x00000000cc300000|100%| S|CS|TAMS 0x00000000cc200000, 0x00000000cc200000| Complete 
|  81|0x00000000cc300000, 0x00000000cc400000, 0x00000000cc400000|100%| S|CS|TAMS 0x00000000cc300000, 0x00000000cc300000| Complete 
|  82|0x00000000cc400000, 0x00000000cc500000, 0x00000000cc500000|100%| S|CS|TAMS 0x00000000cc400000, 0x00000000cc400000| Complete 
|  83|0x00000000cc500000, 0x00000000cc600000, 0x00000000cc600000|100%| S|CS|TAMS 0x00000000cc500000, 0x00000000cc500000| Complete 
|  84|0x00000000cc600000, 0x00000000cc700000, 0x00000000cc700000|100%| S|CS|TAMS 0x00000000cc600000, 0x00000000cc600000| Complete 
|  85|0x00000000cc700000, 0x00000000cc700000, 0x00000000cc800000|  0%| F|  |TAMS 0x00000000cc700000, 0x00000000cc700000| Untracked 
|  86|0x00000000cc800000, 0x00000000cc800000, 0x00000000cc900000|  0%| F|  |TAMS 0x00000000cc800000, 0x00000000cc800000| Untracked 
|  87|0x00000000cc900000, 0x00000000cc900000, 0x00000000cca00000|  0%| F|  |TAMS 0x00000000cc900000, 0x00000000cc900000| Untracked 
|  88|0x00000000cca00000, 0x00000000cca00000, 0x00000000ccb00000|  0%| F|  |TAMS 0x00000000cca00000, 0x00000000cca00000| Untracked 
|  89|0x00000000ccb00000, 0x00000000ccb00000, 0x00000000ccc00000|  0%| F|  |TAMS 0x00000000ccb00000, 0x00000000ccb00000| Untracked 
|  90|0x00000000ccc00000, 0x00000000ccc00000, 0x00000000ccd00000|  0%| F|  |TAMS 0x00000000ccc00000, 0x00000000ccc00000| Untracked 
|  91|0x00000000ccd00000, 0x00000000ccd00000, 0x00000000cce00000|  0%| F|  |TAMS 0x00000000ccd00000, 0x00000000ccd00000| Untracked 
|  92|0x00000000cce00000, 0x00000000cce00000, 0x00000000ccf00000|  0%| F|  |TAMS 0x00000000cce00000, 0x00000000cce00000| Untracked 
|  93|0x00000000ccf00000, 0x00000000ccf00000, 0x00000000cd000000|  0%| F|  |TAMS 0x00000000ccf00000, 0x00000000ccf00000| Untracked 
|  94|0x00000000cd000000, 0x00000000cd000000, 0x00000000cd100000|  0%| F|  |TAMS 0x00000000cd000000, 0x00000000cd000000| Untracked 
|  95|0x00000000cd100000, 0x00000000cd100000, 0x00000000cd200000|  0%| F|  |TAMS 0x00000000cd100000, 0x00000000cd100000| Untracked 
|  96|0x00000000cd200000, 0x00000000cd200000, 0x00000000cd300000|  0%| F|  |TAMS 0x00000000cd200000, 0x00000000cd200000| Untracked 
|  97|0x00000000cd300000, 0x00000000cd300000, 0x00000000cd400000|  0%| F|  |TAMS 0x00000000cd300000, 0x00000000cd300000| Untracked 
|  98|0x00000000cd400000, 0x00000000cd400000, 0x00000000cd500000|  0%| F|  |TAMS 0x00000000cd400000, 0x00000000cd400000| Untracked 
|  99|0x00000000cd500000, 0x00000000cd500000, 0x00000000cd600000|  0%| F|  |TAMS 0x00000000cd500000, 0x00000000cd500000| Untracked 
| 100|0x00000000cd600000, 0x00000000cd600000, 0x00000000cd700000|  0%| F|  |TAMS 0x00000000cd600000, 0x00000000cd600000| Untracked 
| 101|0x00000000cd700000, 0x00000000cd700000, 0x00000000cd800000|  0%| F|  |TAMS 0x00000000cd700000, 0x00000000cd700000| Untracked 
| 102|0x00000000cd800000, 0x00000000cd800000, 0x00000000cd900000|  0%| F|  |TAMS 0x00000000cd800000, 0x00000000cd800000| Untracked 
| 103|0x00000000cd900000, 0x00000000cd900000, 0x00000000cda00000|  0%| F|  |TAMS 0x00000000cd900000, 0x00000000cd900000| Untracked 
| 104|0x00000000cda00000, 0x00000000cda00000, 0x00000000cdb00000|  0%| F|  |TAMS 0x00000000cda00000, 0x00000000cda00000| Untracked 
| 105|0x00000000cdb00000, 0x00000000cdb00000, 0x00000000cdc00000|  0%| F|  |TAMS 0x00000000cdb00000, 0x00000000cdb00000| Untracked 
| 106|0x00000000cdc00000, 0x00000000cdc00000, 0x00000000cdd00000|  0%| F|  |TAMS 0x00000000cdc00000, 0x00000000cdc00000| Untracked 
| 107|0x00000000cdd00000, 0x00000000cdd00000, 0x00000000cde00000|  0%| F|  |TAMS 0x00000000cdd00000, 0x00000000cdd00000| Untracked 
| 108|0x00000000cde00000, 0x00000000cde00000, 0x00000000cdf00000|  0%| F|  |TAMS 0x00000000cde00000, 0x00000000cde00000| Untracked 
| 109|0x00000000cdf00000, 0x00000000cdf00000, 0x00000000ce000000|  0%| F|  |TAMS 0x00000000cdf00000, 0x00000000cdf00000| Untracked 
| 110|0x00000000ce000000, 0x00000000ce000000, 0x00000000ce100000|  0%| F|  |TAMS 0x00000000ce000000, 0x00000000ce000000| Untracked 
| 111|0x00000000ce100000, 0x00000000ce100000, 0x00000000ce200000|  0%| F|  |TAMS 0x00000000ce100000, 0x00000000ce100000| Untracked 
| 112|0x00000000ce200000, 0x00000000ce200000, 0x00000000ce300000|  0%| F|  |TAMS 0x00000000ce200000, 0x00000000ce200000| Untracked 
| 113|0x00000000ce300000, 0x00000000ce300000, 0x00000000ce400000|  0%| F|  |TAMS 0x00000000ce300000, 0x00000000ce300000| Untracked 
| 114|0x00000000ce400000, 0x00000000ce400000, 0x00000000ce500000|  0%| F|  |TAMS 0x00000000ce400000, 0x00000000ce400000| Untracked 
| 115|0x00000000ce500000, 0x00000000ce500000, 0x00000000ce600000|  0%| F|  |TAMS 0x00000000ce500000, 0x00000000ce500000| Untracked 
| 116|0x00000000ce600000, 0x00000000ce600000, 0x00000000ce700000|  0%| F|  |TAMS 0x00000000ce600000, 0x00000000ce600000| Untracked 
| 117|0x00000000ce700000, 0x00000000ce700000, 0x00000000ce800000|  0%| F|  |TAMS 0x00000000ce700000, 0x00000000ce700000| Untracked 
| 118|0x00000000ce800000, 0x00000000ce800000, 0x00000000ce900000|  0%| F|  |TAMS 0x00000000ce800000, 0x00000000ce800000| Untracked 
| 119|0x00000000ce900000, 0x00000000ce900000, 0x00000000cea00000|  0%| F|  |TAMS 0x00000000ce900000, 0x00000000ce900000| Untracked 
| 120|0x00000000cea00000, 0x00000000cea00000, 0x00000000ceb00000|  0%| F|  |TAMS 0x00000000cea00000, 0x00000000cea00000| Untracked 
| 121|0x00000000ceb00000, 0x00000000ceb00000, 0x00000000cec00000|  0%| F|  |TAMS 0x00000000ceb00000, 0x00000000ceb00000| Untracked 
| 122|0x00000000cec00000, 0x00000000cec00000, 0x00000000ced00000|  0%| F|  |TAMS 0x00000000cec00000, 0x00000000cec00000| Untracked 
| 123|0x00000000ced00000, 0x00000000ced00000, 0x00000000cee00000|  0%| F|  |TAMS 0x00000000ced00000, 0x00000000ced00000| Untracked 
| 124|0x00000000cee00000, 0x00000000cee00000, 0x00000000cef00000|  0%| F|  |TAMS 0x00000000cee00000, 0x00000000cee00000| Untracked 
| 125|0x00000000cef00000, 0x00000000cef00000, 0x00000000cf000000|  0%| F|  |TAMS 0x00000000cef00000, 0x00000000cef00000| Untracked 
| 126|0x00000000cf000000, 0x00000000cf000000, 0x00000000cf100000|  0%| F|  |TAMS 0x00000000cf000000, 0x00000000cf000000| Untracked 
| 127|0x00000000cf100000, 0x00000000cf100000, 0x00000000cf200000|  0%| F|  |TAMS 0x00000000cf100000, 0x00000000cf100000| Untracked 
| 128|0x00000000cf200000, 0x00000000cf200000, 0x00000000cf300000|  0%| F|  |TAMS 0x00000000cf200000, 0x00000000cf200000| Untracked 
| 129|0x00000000cf300000, 0x00000000cf300000, 0x00000000cf400000|  0%| F|  |TAMS 0x00000000cf300000, 0x00000000cf300000| Untracked 
| 130|0x00000000cf400000, 0x00000000cf400000, 0x00000000cf500000|  0%| F|  |TAMS 0x00000000cf400000, 0x00000000cf400000| Untracked 
| 131|0x00000000cf500000, 0x00000000cf500000, 0x00000000cf600000|  0%| F|  |TAMS 0x00000000cf500000, 0x00000000cf500000| Untracked 
| 132|0x00000000cf600000, 0x00000000cf600000, 0x00000000cf700000|  0%| F|  |TAMS 0x00000000cf600000, 0x00000000cf600000| Untracked 
| 133|0x00000000cf700000, 0x00000000cf700000, 0x00000000cf800000|  0%| F|  |TAMS 0x00000000cf700000, 0x00000000cf700000| Untracked 
| 134|0x00000000cf800000, 0x00000000cf800000, 0x00000000cf900000|  0%| F|  |TAMS 0x00000000cf800000, 0x00000000cf800000| Untracked 
| 135|0x00000000cf900000, 0x00000000cf900000, 0x00000000cfa00000|  0%| F|  |TAMS 0x00000000cf900000, 0x00000000cf900000| Untracked 
| 136|0x00000000cfa00000, 0x00000000cfb00000, 0x00000000cfb00000|100%| E|  |TAMS 0x00000000cfa00000, 0x00000000cfa00000| Complete 
| 137|0x00000000cfb00000, 0x00000000cfc00000, 0x00000000cfc00000|100%| E|CS|TAMS 0x00000000cfb00000, 0x00000000cfb00000| Complete 
| 138|0x00000000cfc00000, 0x00000000cfd00000, 0x00000000cfd00000|100%| E|CS|TAMS 0x00000000cfc00000, 0x00000000cfc00000| Complete 
| 139|0x00000000cfd00000, 0x00000000cfe00000, 0x00000000cfe00000|100%| E|CS|TAMS 0x00000000cfd00000, 0x00000000cfd00000| Complete 
| 140|0x00000000cfe00000, 0x00000000cff00000, 0x00000000cff00000|100%| E|CS|TAMS 0x00000000cfe00000, 0x00000000cfe00000| Complete 
| 141|0x00000000cff00000, 0x00000000d0000000, 0x00000000d0000000|100%| E|CS|TAMS 0x00000000cff00000, 0x00000000cff00000| Complete 
| 142|0x00000000d0000000, 0x00000000d0100000, 0x00000000d0100000|100%| E|CS|TAMS 0x00000000d0000000, 0x00000000d0000000| Complete 
| 143|0x00000000d0100000, 0x00000000d0200000, 0x00000000d0200000|100%| E|CS|TAMS 0x00000000d0100000, 0x00000000d0100000| Complete 
| 144|0x00000000d0200000, 0x00000000d0300000, 0x00000000d0300000|100%| E|CS|TAMS 0x00000000d0200000, 0x00000000d0200000| Complete 
| 145|0x00000000d0300000, 0x00000000d0400000, 0x00000000d0400000|100%| E|CS|TAMS 0x00000000d0300000, 0x00000000d0300000| Complete 
| 146|0x00000000d0400000, 0x00000000d0500000, 0x00000000d0500000|100%| E|CS|TAMS 0x00000000d0400000, 0x00000000d0400000| Complete 
| 147|0x00000000d0500000, 0x00000000d0600000, 0x00000000d0600000|100%| E|CS|TAMS 0x00000000d0500000, 0x00000000d0500000| Complete 
| 148|0x00000000d0600000, 0x00000000d0700000, 0x00000000d0700000|100%| E|CS|TAMS 0x00000000d0600000, 0x00000000d0600000| Complete 
| 149|0x00000000d0700000, 0x00000000d0800000, 0x00000000d0800000|100%| E|CS|TAMS 0x00000000d0700000, 0x00000000d0700000| Complete 
| 150|0x00000000d0800000, 0x00000000d0900000, 0x00000000d0900000|100%| E|CS|TAMS 0x00000000d0800000, 0x00000000d0800000| Complete 
| 151|0x00000000d0900000, 0x00000000d0a00000, 0x00000000d0a00000|100%| E|CS|TAMS 0x00000000d0900000, 0x00000000d0900000| Complete 
| 152|0x00000000d0a00000, 0x00000000d0b00000, 0x00000000d0b00000|100%| E|CS|TAMS 0x00000000d0a00000, 0x00000000d0a00000| Complete 
| 153|0x00000000d0b00000, 0x00000000d0c00000, 0x00000000d0c00000|100%| E|CS|TAMS 0x00000000d0b00000, 0x00000000d0b00000| Complete 
| 154|0x00000000d0c00000, 0x00000000d0d00000, 0x00000000d0d00000|100%| E|CS|TAMS 0x00000000d0c00000, 0x00000000d0c00000| Complete 
| 155|0x00000000d0d00000, 0x00000000d0e00000, 0x00000000d0e00000|100%| E|CS|TAMS 0x00000000d0d00000, 0x00000000d0d00000| Complete 
| 156|0x00000000d0e00000, 0x00000000d0f00000, 0x00000000d0f00000|100%| E|CS|TAMS 0x00000000d0e00000, 0x00000000d0e00000| Complete 
| 157|0x00000000d0f00000, 0x00000000d1000000, 0x00000000d1000000|100%| E|CS|TAMS 0x00000000d0f00000, 0x00000000d0f00000| Complete 
| 158|0x00000000d1000000, 0x00000000d1100000, 0x00000000d1100000|100%| E|CS|TAMS 0x00000000d1000000, 0x00000000d1000000| Complete 
| 159|0x00000000d1100000, 0x00000000d1200000, 0x00000000d1200000|100%| E|CS|TAMS 0x00000000d1100000, 0x00000000d1100000| Complete 
| 160|0x00000000d1200000, 0x00000000d1300000, 0x00000000d1300000|100%| E|CS|TAMS 0x00000000d1200000, 0x00000000d1200000| Complete 
| 161|0x00000000d1300000, 0x00000000d1400000, 0x00000000d1400000|100%| E|CS|TAMS 0x00000000d1300000, 0x00000000d1300000| Complete 
| 162|0x00000000d1400000, 0x00000000d1500000, 0x00000000d1500000|100%| E|CS|TAMS 0x00000000d1400000, 0x00000000d1400000| Complete 
| 163|0x00000000d1500000, 0x00000000d1600000, 0x00000000d1600000|100%| E|CS|TAMS 0x00000000d1500000, 0x00000000d1500000| Complete 
| 164|0x00000000d1600000, 0x00000000d1700000, 0x00000000d1700000|100%| E|CS|TAMS 0x00000000d1600000, 0x00000000d1600000| Complete 
| 165|0x00000000d1700000, 0x00000000d1800000, 0x00000000d1800000|100%| E|CS|TAMS 0x00000000d1700000, 0x00000000d1700000| Complete 

Card table byte_map: [0x000001777b120000,0x000001777b2f0000] _byte_map_base: 0x000001777aae7000

Marking Bits (Prev, Next): (CMBitMap*) 0x00000177733f3100, (CMBitMap*) 0x00000177733f30c0
 Prev Bits: [0x000001777c300000, 0x000001777d138000)
 Next Bits: [0x000001777b4c0000, 0x000001777c2f8000)

Polling page: 0x00000177712a0000

Metaspace:

Usage:
  Non-class:     51.67 MB used.
      Class:      7.69 MB used.
       Both:     59.36 MB used.

Virtual space:
  Non-class space:       56.00 MB reserved,      51.88 MB ( 93%) committed,  7 nodes.
      Class space:        1.00 GB reserved,       7.88 MB ( <1%) committed,  1 nodes.
             Both:        1.05 GB reserved,      59.75 MB (  6%) committed. 

Chunk freelists:
   Non-Class:  3.52 MB
       Class:  144.00 KB
        Both:  3.66 MB

MaxMetaspaceSize: unlimited
CompressedClassSpaceSize: 1.00 GB
Initial GC threshold: 21.00 MB
Current GC threshold: 92.81 MB
CDS: on
MetaspaceReclaimPolicy: balanced
 - commit_granule_bytes: 65536.
 - commit_granule_words: 8192.
 - virtual_space_node_default_size: 1048576.
 - enlarge_chunks_in_place: 1.
 - new_chunks_are_fully_committed: 0.
 - uncommit_free_chunks: 1.
 - use_allocation_guard: 0.
 - handle_deallocations: 1.


Internal statistics:

num_allocs_failed_limit: 6.
num_arena_births: 522.
num_arena_deaths: 0.
num_vsnodes_births: 8.
num_vsnodes_deaths: 0.
num_space_committed: 956.
num_space_uncommitted: 0.
num_chunks_returned_to_freelist: 6.
num_chunks_taken_from_freelist: 2745.
num_chunk_merges: 3.
num_chunk_splits: 1945.
num_chunks_enlarged: 1531.
num_purges: 0.
num_inconsistent_stats: 0.

CodeHeap 'non-profiled nmethods': size=120000Kb used=3775Kb max_used=3775Kb free=116224Kb
 bounds [0x0000017707ad0000, 0x0000017707e80000, 0x000001770f000000]
CodeHeap 'profiled nmethods': size=120000Kb used=11665Kb max_used=11665Kb free=108334Kb
 bounds [0x00000177005a0000, 0x0000017701110000, 0x0000017707ad0000]
CodeHeap 'non-nmethods': size=5760Kb used=1292Kb max_used=1356Kb free=4467Kb
 bounds [0x0000017700000000, 0x0000017700270000, 0x00000177005a0000]
 total_blobs=6690 nmethods=6072 adapters=527
 compilation: enabled
              stopped_count=0, restarted_count=0
 full_count=0

Compilation events (20 events):
Event: 243.712 Thread 0x000001777fb04280 nmethod 6932 0x00000177010ff810 code [0x00000177010ff9c0, 0x00000177010ffbc8]
Event: 243.998 Thread 0x000001777fb04280 6933       3       sun.util.locale.LocaleUtils::isAlphaNumeric (20 bytes)
Event: 244.002 Thread 0x000001777fb04280 nmethod 6933 0x00000177010ffc90 code [0x00000177010ffe40, 0x0000017701100218]
Event: 244.134 Thread 0x000001777fb02910 6934       4       java.util.Calendar::internalSet (8 bytes)
Event: 244.139 Thread 0x000001777fb02910 nmethod 6934 0x0000017707e79a10 code [0x0000017707e79b80, 0x0000017707e79c38]
Event: 244.691 Thread 0x000001777fb02910 6935       4       java.lang.ClassLoader::preDefineClass (118 bytes)
Event: 244.783 Thread 0x000001777fb02910 nmethod 6935 0x0000017707e79d10 code [0x0000017707e79ee0, 0x0000017707e7a8c8]
Event: 244.783 Thread 0x000001777fb02910 6937       4       java.lang.ClassLoader::checkCerts (121 bytes)
Event: 244.809 Thread 0x000001777fb02910 nmethod 6937 0x0000017707e7b010 code [0x0000017707e7b1c0, 0x0000017707e7b928]
Event: 244.809 Thread 0x000001777fb02910 6936       4       java.lang.ClassLoader::postDefineClass (39 bytes)
Event: 244.954 Thread 0x000001777fb02910 nmethod 6936 0x0000017707e7be90 code [0x0000017707e7c0e0, 0x0000017707e7d720]
Event: 244.954 Thread 0x000001777fb02910 6938       4       java.lang.ClassLoader::getNamedPackage (73 bytes)
Event: 244.993 Thread 0x000001777fb02910 nmethod 6938 0x0000017707e7e510 code [0x0000017707e7e720, 0x0000017707e7f400]
Event: 245.217 Thread 0x000001777fb04280 6939       3       java.lang.String::lastIndexOf (10 bytes)
Event: 245.217 Thread 0x000001777fb04280 nmethod 6939 0x0000017701100310 code [0x00000177011004c0, 0x0000017701100708]
Event: 245.225 Thread 0x000001777fb04280 6940 %     3       java.util.Properties$LineReader::readLine @ 293 (584 bytes)
Event: 245.235 Thread 0x000001777fb04280 nmethod 6940% 0x0000017701100810 code [0x0000017701100be0, 0x00000177011038d8]
Event: 245.437 Thread 0x000001777fb02910 6941       4       org.springframework.core.ResolvableType$1::getGenerics (4 bytes)
Event: 245.437 Thread 0x000001777fb02910 nmethod 6941 0x0000017707e7fc10 code [0x0000017707e7fd80, 0x0000017707e7fdf8]
Event: 245.487 Thread 0x000001777fb02910 6942 % !   4       org.springframework.beans.factory.support.DefaultListableBeanFactory::doGetBeanNamesForType @ 20 (511 bytes)

GC Heap History (20 events):
Event: 17.488 GC heap before
{Heap before GC invocations=12 (full 0):
 garbage-first heap   total 61440K, used 47039K [0x00000000c7200000, 0x0000000100000000)
  region size 1024K, 28 young (28672K), 4 survivors (4096K)
 Metaspace       used 47770K, committed 48128K, reserved 1097728K
  class space    used 6299K, committed 6464K, reserved 1048576K
}
Event: 17.494 GC heap after
{Heap after GC invocations=13 (full 0):
 garbage-first heap   total 61440K, used 23838K [0x00000000c7200000, 0x0000000100000000)
  region size 1024K, 2 young (2048K), 2 survivors (2048K)
 Metaspace       used 47770K, committed 48128K, reserved 1097728K
  class space    used 6299K, committed 6464K, reserved 1048576K
}
Event: 17.985 GC heap before
{Heap before GC invocations=13 (full 0):
 garbage-first heap   total 61440K, used 47390K [0x00000000c7200000, 0x0000000100000000)
  region size 1024K, 25 young (25600K), 2 survivors (2048K)
 Metaspace       used 48663K, committed 49024K, reserved 1097728K
  class space    used 6388K, committed 6592K, reserved 1048576K
}
Event: 17.989 GC heap after
{Heap after GC invocations=14 (full 0):
 garbage-first heap   total 61440K, used 24947K [0x00000000c7200000, 0x0000000100000000)
  region size 1024K, 3 young (3072K), 3 survivors (3072K)
 Metaspace       used 48663K, committed 49024K, reserved 1097728K
  class space    used 6388K, committed 6592K, reserved 1048576K
}
Event: 18.736 GC heap before
{Heap before GC invocations=14 (full 0):
 garbage-first heap   total 61440K, used 47475K [0x00000000c7200000, 0x0000000100000000)
  region size 1024K, 26 young (26624K), 3 survivors (3072K)
 Metaspace       used 52931K, committed 53248K, reserved 1097728K
  class space    used 6941K, committed 7104K, reserved 1048576K
}
Event: 18.741 GC heap after
{Heap after GC invocations=15 (full 0):
 garbage-first heap   total 61440K, used 26336K [0x00000000c7200000, 0x0000000100000000)
  region size 1024K, 3 young (3072K), 3 survivors (3072K)
 Metaspace       used 52931K, committed 53248K, reserved 1097728K
  class space    used 6941K, committed 7104K, reserved 1048576K
}
Event: 19.036 GC heap before
{Heap before GC invocations=15 (full 0):
 garbage-first heap   total 61440K, used 48864K [0x00000000c7200000, 0x0000000100000000)
  region size 1024K, 25 young (25600K), 3 survivors (3072K)
 Metaspace       used 53396K, committed 53760K, reserved 1097728K
  class space    used 6980K, committed 7168K, reserved 1048576K
}
Event: 19.041 GC heap after
{Heap after GC invocations=16 (full 0):
 garbage-first heap   total 61440K, used 27234K [0x00000000c7200000, 0x0000000100000000)
  region size 1024K, 3 young (3072K), 3 survivors (3072K)
 Metaspace       used 53396K, committed 53760K, reserved 1097728K
  class space    used 6980K, committed 7168K, reserved 1048576K
}
Event: 19.313 GC heap before
{Heap before GC invocations=16 (full 0):
 garbage-first heap   total 61440K, used 49762K [0x00000000c7200000, 0x0000000100000000)
  region size 1024K, 25 young (25600K), 3 survivors (3072K)
 Metaspace       used 53643K, committed 53952K, reserved 1097728K
  class space    used 7009K, committed 7168K, reserved 1048576K
}
Event: 19.318 GC heap after
{Heap after GC invocations=17 (full 0):
 garbage-first heap   total 61440K, used 28139K [0x00000000c7200000, 0x0000000100000000)
  region size 1024K, 2 young (2048K), 2 survivors (2048K)
 Metaspace       used 53643K, committed 53952K, reserved 1097728K
  class space    used 7009K, committed 7168K, reserved 1048576K
}
Event: 19.688 GC heap before
{Heap before GC invocations=17 (full 0):
 garbage-first heap   total 61440K, used 49643K [0x00000000c7200000, 0x0000000100000000)
  region size 1024K, 23 young (23552K), 2 survivors (2048K)
 Metaspace       used 54786K, committed 55232K, reserved 1097728K
  class space    used 7158K, committed 7360K, reserved 1048576K
}
Event: 19.692 GC heap after
{Heap after GC invocations=18 (full 0):
 garbage-first heap   total 61440K, used 29275K [0x00000000c7200000, 0x0000000100000000)
  region size 1024K, 3 young (3072K), 3 survivors (3072K)
 Metaspace       used 54786K, committed 55232K, reserved 1097728K
  class space    used 7158K, committed 7360K, reserved 1048576K
}
Event: 20.109 GC heap before
{Heap before GC invocations=18 (full 0):
 garbage-first heap   total 61440K, used 48731K [0x00000000c7200000, 0x0000000100000000)
  region size 1024K, 22 young (22528K), 3 survivors (3072K)
 Metaspace       used 56451K, committed 56896K, reserved 1105920K
  class space    used 7346K, committed 7552K, reserved 1048576K
}
Event: 20.115 GC heap after
{Heap after GC invocations=19 (full 0):
 garbage-first heap   total 61440K, used 30394K [0x00000000c7200000, 0x0000000100000000)
  region size 1024K, 3 young (3072K), 3 survivors (3072K)
 Metaspace       used 56451K, committed 56896K, reserved 1105920K
  class space    used 7346K, committed 7552K, reserved 1048576K
}
Event: 20.327 GC heap before
{Heap before GC invocations=20 (full 0):
 garbage-first heap   total 76800K, used 50874K [0x00000000c7200000, 0x0000000100000000)
  region size 1024K, 22 young (22528K), 3 survivors (3072K)
 Metaspace       used 56613K, committed 57024K, reserved 1105920K
  class space    used 7357K, committed 7552K, reserved 1048576K
}
Event: 20.345 GC heap after
{Heap after GC invocations=21 (full 0):
 garbage-first heap   total 76800K, used 34418K [0x00000000c7200000, 0x0000000100000000)
  region size 1024K, 3 young (3072K), 3 survivors (3072K)
 Metaspace       used 56613K, committed 57024K, reserved 1105920K
  class space    used 7357K, committed 7552K, reserved 1048576K
}
Event: 20.922 GC heap before
{Heap before GC invocations=21 (full 0):
 garbage-first heap   total 76800K, used 57970K [0x00000000c7200000, 0x0000000100000000)
  region size 1024K, 27 young (27648K), 3 survivors (3072K)
 Metaspace       used 57140K, committed 57536K, reserved 1105920K
  class space    used 7456K, committed 7616K, reserved 1048576K
}
Event: 20.946 GC heap after
{Heap after GC invocations=22 (full 0):
 garbage-first heap   total 169984K, used 39571K [0x00000000c7200000, 0x0000000100000000)
  region size 1024K, 4 young (4096K), 4 survivors (4096K)
 Metaspace       used 57140K, committed 57536K, reserved 1105920K
  class space    used 7456K, committed 7616K, reserved 1048576K
}
Event: 22.663 GC heap before
{Heap before GC invocations=22 (full 0):
 garbage-first heap   total 169984K, used 122515K [0x00000000c7200000, 0x0000000100000000)
  region size 1024K, 85 young (87040K), 4 survivors (4096K)
 Metaspace       used 59039K, committed 59456K, reserved 1105920K
  class space    used 7678K, committed 7872K, reserved 1048576K
}
Event: 22.706 GC heap after
{Heap after GC invocations=23 (full 0):
 garbage-first heap   total 169984K, used 43585K [0x00000000c7200000, 0x0000000100000000)
  region size 1024K, 8 young (8192K), 8 survivors (8192K)
 Metaspace       used 59039K, committed 59456K, reserved 1105920K
  class space    used 7678K, committed 7872K, reserved 1048576K
}

Deoptimization events (20 events):
Event: 21.531 Thread 0x00000177733b7a60 DEOPT PACKING pc=0x0000017700e10116 sp=0x0000003c07afe2e0
Event: 21.531 Thread 0x00000177733b7a60 DEOPT UNPACKING pc=0x0000017700052b43 sp=0x0000003c07afd810 mode 0
Event: 21.590 Thread 0x00000177733b7a60 DEOPT PACKING pc=0x000001770060db54 sp=0x0000003c07afb830
Event: 21.590 Thread 0x00000177733b7a60 DEOPT UNPACKING pc=0x0000017700052b43 sp=0x0000003c07afad08 mode 0
Event: 21.974 Thread 0x00000177733b7a60 Uncommon trap: trap_request=0x00000033 fr.pc=0x0000017707daf750 relative=0x0000000000009970
Event: 21.974 Thread 0x00000177733b7a60 Uncommon trap: reason=unloaded action=reinterpret pc=0x0000017707daf750 method=org.aspectj.apache.bcel.classfile.Attribute.readAttribute(Ljava/io/DataInputStream;Lorg/aspectj/apache/bcel/classfile/ConstantPool;)Lorg/aspectj/apache/bcel/classfile/Attribute
Event: 21.975 Thread 0x00000177733b7a60 DEOPT PACKING pc=0x0000017707daf750 sp=0x0000003c07afdbd0
Event: 21.975 Thread 0x00000177733b7a60 DEOPT UNPACKING pc=0x00000177000523a3 sp=0x0000003c07afdbf0 mode 2
Event: 22.435 Thread 0x00000177733b7a60 Uncommon trap: trap_request=0xffffff45 fr.pc=0x0000017707c56970 relative=0x0000000000001d70
Event: 22.435 Thread 0x00000177733b7a60 Uncommon trap: reason=unstable_if action=reinterpret pc=0x0000017707c56970 method=org.aspectj.weaver.TypeFactory.createTypeFromSignature(Ljava/lang/String;)Lorg/aspectj/weaver/UnresolvedType; @ 527 c2
Event: 22.435 Thread 0x00000177733b7a60 DEOPT PACKING pc=0x0000017707c56970 sp=0x0000003c07afda80
Event: 22.436 Thread 0x00000177733b7a60 DEOPT UNPACKING pc=0x00000177000523a3 sp=0x0000003c07afda28 mode 2
Event: 24.477 Thread 0x00000177733b7a60 Uncommon trap: trap_request=0xffffff45 fr.pc=0x0000017707b56560 relative=0x0000000000000060
Event: 24.478 Thread 0x00000177733b7a60 Uncommon trap: reason=unstable_if action=reinterpret pc=0x0000017707b56560 method=org.springframework.util.ConcurrentReferenceHashMap$Segment.clear()V @ 7 c2
Event: 24.480 Thread 0x00000177733b7a60 DEOPT PACKING pc=0x0000017707b56560 sp=0x0000003c07afeb60
Event: 24.481 Thread 0x00000177733b7a60 DEOPT UNPACKING pc=0x00000177000523a3 sp=0x0000003c07afeaf0 mode 2
Event: 243.257 Thread 0x000001771098c500 DEOPT PACKING pc=0x0000017700e469e6 sp=0x0000003c09dfdc40
Event: 243.258 Thread 0x000001771098c500 DEOPT UNPACKING pc=0x0000017700052b43 sp=0x0000003c09dfd108 mode 0
Event: 243.258 Thread 0x000001771098c500 DEOPT PACKING pc=0x0000017700e89fb1 sp=0x0000003c09dfdc10
Event: 243.258 Thread 0x000001771098c500 DEOPT UNPACKING pc=0x0000017700052b43 sp=0x0000003c09dfd100 mode 0

Classes unloaded (0 events):
No events

Classes redefined (0 events):
No events

Internal exceptions (20 events):
Event: 19.270 Thread 0x00000177733b7a60 Exception <a 'java/io/FileNotFoundException'{0x00000000c9a7a798}> (0x00000000c9a7a798) 
thrown [t:\workspace\open\src\hotspot\share\prims\jni.cpp, line 516]
Event: 19.270 Thread 0x00000177733b7a60 Exception <a 'java/io/FileNotFoundException'{0x00000000c9a7b270}> (0x00000000c9a7b270) 
thrown [t:\workspace\open\src\hotspot\share\prims\jni.cpp, line 516]
Event: 19.301 Thread 0x00000177733b7a60 Exception <a 'java/lang/ClassNotFoundException'{0x00000000c983eba0}: java/lang/ObjectCustomizer> (0x00000000c983eba0) 
thrown [t:\workspace\open\src\hotspot\share\classfile\systemDictionary.cpp, line 256]
Event: 19.302 Thread 0x00000177733b7a60 Exception <a 'java/lang/ClassNotFoundException'{0x00000000c9845440}: org/springframework/web/servlet/config/annotation/WebMvcConfigurationSupportCustomizer> (0x00000000c9845440) 
thrown [t:\workspace\open\src\hotspot\share\classfile\systemDictionary.cpp, line 256]
Event: 19.303 Thread 0x00000177733b7a60 Exception <a 'java/lang/ClassNotFoundException'{0x00000000c9858038}: org/springframework/web/servlet/config/annotation/DelegatingWebMvcConfigurationCustomizer> (0x00000000c9858038) 
thrown [t:\workspace\open\src\hotspot\share\classfile\systemDictionary.cpp, line 256]
Event: 19.304 Thread 0x00000177733b7a60 Exception <a 'java/lang/ClassNotFoundException'{0x00000000c9862238}: org/springframework/context/ApplicationContextAwareCustomizer> (0x00000000c9862238) 
thrown [t:\workspace\open\src\hotspot\share\classfile\systemDictionary.cpp, line 256]
Event: 19.304 Thread 0x00000177733b7a60 Exception <a 'java/lang/ClassNotFoundException'{0x00000000c9866ad0}: org/springframework/beans/factory/AwareCustomizer> (0x00000000c9866ad0) 
thrown [t:\workspace\open\src\hotspot\share\classfile\systemDictionary.cpp, line 256]
Event: 19.304 Thread 0x00000177733b7a60 Exception <a 'java/lang/ClassNotFoundException'{0x00000000c9869b80}: org/springframework/web/context/ServletContextAwareCustomizer> (0x00000000c9869b80) 
thrown [t:\workspace\open\src\hotspot\share\classfile\systemDictionary.cpp, line 256]
Event: 19.305 Thread 0x00000177733b7a60 Exception <a 'java/lang/ClassNotFoundException'{0x00000000c986dd60}: org/springframework/beans/factory/AwareCustomizer> (0x00000000c986dd60) 
thrown [t:\workspace\open\src\hotspot\share\classfile\systemDictionary.cpp, line 256]
Event: 19.951 Thread 0x00000177733b7a60 Exception <a 'java/lang/IncompatibleClassChangeError'{0x00000000ca0789c0}: Found class java.lang.Object, but interface was expected> (0x00000000ca0789c0) 
thrown [t:\workspace\open\src\hotspot\share\interpreter\linkResolver.cpp, line 833]
Event: 20.279 Thread 0x0000017710989e80 Implicit null exception at 0x0000017707cdd48b to 0x0000017707cdd814
Event: 21.541 Thread 0x00000177733b7a60 Exception <a 'java/lang/NoSuchMethodError'{0x00000000cfd730a8}: 'java.lang.Object java.lang.invoke.DirectMethodHandle$Holder.invokeStatic(java.lang.Object, long, java.lang.Object)'> (0x00000000cfd730a8) 
thrown [t:\workspace\open\src\hotspot\share\interpreter\linkResolver.cpp, line 766]
Event: 21.542 Thread 0x00000177733b7a60 Exception <a 'java/lang/NoSuchMethodError'{0x00000000cfd79698}: 'java.lang.Object java.lang.invoke.DirectMethodHandle$Holder.newInvokeSpecial(java.lang.Object, long)'> (0x00000000cfd79698) 
thrown [t:\workspace\open\src\hotspot\share\interpreter\linkResolver.cpp, line 766]
Event: 21.543 Thread 0x00000177733b7a60 Exception <a 'java/lang/IncompatibleClassChangeError'{0x00000000cfd84700}: Found class java.lang.Object, but interface was expected> (0x00000000cfd84700) 
thrown [t:\workspace\open\src\hotspot\share\interpreter\linkResolver.cpp, line 833]
Event: 21.637 Thread 0x00000177733b7a60 Exception <a 'java/lang/NoSuchMethodError'{0x00000000cf78dbb8}: 'java.lang.Object java.lang.invoke.DirectMethodHandle$Holder.invokeStatic(java.lang.Object, int, java.lang.Object)'> (0x00000000cf78dbb8) 
thrown [t:\workspace\open\src\hotspot\share\interpreter\linkResolver.cpp, line 766]
Event: 21.693 Thread 0x00000177733b7a60 Exception <a 'java/lang/IncompatibleClassChangeError'{0x00000000cf202f38}: Found class java.lang.Object, but interface was expected> (0x00000000cf202f38) 
thrown [t:\workspace\open\src\hotspot\share\interpreter\linkResolver.cpp, line 833]
Event: 23.799 Thread 0x00000177733b7a60 Exception <a 'java/lang/NoSuchMethodError'{0x00000000d01a31d8}: 'java.lang.Object java.lang.invoke.DirectMethodHandle$Holder.invokeSpecial(java.lang.Object, java.lang.Object, int, java.lang.Object, int, java.lang.Object)'> (0x00000000d01a31d8) 
thrown [t:\workspace\open\src\hotspot\share\interpreter\linkResolver.cpp, line 766]
Event: 23.803 Thread 0x00000177733b7a60 Exception <a 'java/lang/NoSuchMethodError'{0x00000000d01aafd8}: 'java.lang.Object java.lang.invoke.DirectMethodHandle$Holder.newInvokeSpecial(java.lang.Object, java.lang.Object, int, java.lang.Object, int)'> (0x00000000d01aafd8) 
thrown [t:\workspace\open\src\hotspot\share\interpreter\linkResolver.cpp, line 766]
Event: 23.804 Thread 0x00000177733b7a60 Exception <a 'java/lang/NoSuchMethodError'{0x00000000d01af0d8}: 'java.lang.Object java.lang.invoke.DirectMethodHandle$Holder.invokeSpecial(java.lang.Object, java.lang.Object, java.lang.Object, int, java.lang.Object, int)'> (0x00000000d01af0d8) 
thrown [t:\workspace\open\src\hotspot\share\interpreter\linkResolver.cpp, line 766]
Event: 23.813 Thread 0x00000177733b7a60 Exception <a 'java/lang/NoSuchMethodError'{0x00000000d01b8e08}: 'void java.lang.invoke.DirectMethodHandle$Holder.invokeVirtual(java.lang.Object, java.lang.Object)'> (0x00000000d01b8e08) 
thrown [t:\workspace\open\src\hotspot\share\interpreter\linkResolver.cpp, line 766]

VM Operations (20 events):
Event: 140.154 Executing VM operation: Cleanup
Event: 140.155 Executing VM operation: Cleanup done
Event: 161.305 Executing VM operation: Cleanup
Event: 161.305 Executing VM operation: Cleanup done
Event: 180.454 Executing VM operation: Cleanup
Event: 180.454 Executing VM operation: Cleanup done
Event: 219.780 Executing VM operation: Cleanup
Event: 219.788 Executing VM operation: Cleanup done
Event: 220.801 Executing VM operation: Cleanup
Event: 220.801 Executing VM operation: Cleanup done
Event: 224.830 Executing VM operation: Cleanup
Event: 224.830 Executing VM operation: Cleanup done
Event: 240.957 Executing VM operation: Cleanup
Event: 240.972 Executing VM operation: Cleanup done
Event: 241.985 Executing VM operation: Cleanup
Event: 242.001 Executing VM operation: Cleanup done
Event: 244.005 Executing VM operation: Cleanup
Event: 244.020 Executing VM operation: Cleanup done
Event: 244.626 Executing VM operation: HandshakeAllThreads
Event: 244.636 Executing VM operation: HandshakeAllThreads done

Events (20 events):
Event: 239.024 loading class java/util/concurrent/Semaphore
Event: 239.173 loading class java/util/concurrent/Semaphore done
Event: 239.174 loading class java/util/concurrent/Semaphore$NonfairSync
Event: 239.199 loading class java/util/concurrent/Semaphore$Sync
Event: 239.233 loading class java/util/concurrent/Semaphore$Sync done
Event: 239.233 loading class java/util/concurrent/Semaphore$NonfairSync done
Event: 239.265 loading class sun/nio/ch/SocketAdaptor
Event: 239.612 loading class sun/nio/ch/SocketAdaptor done
Event: 240.144 loading class sun/nio/ch/SocketChannelImpl$DefaultOptionsHolder
Event: 240.164 loading class sun/nio/ch/SocketChannelImpl$DefaultOptionsHolder done
Event: 240.436 loading class sun/nio/ch/SelectionKeyImpl
Event: 240.534 loading class java/nio/channels/spi/AbstractSelectionKey
Event: 240.595 loading class java/nio/channels/SelectionKey
Event: 240.636 loading class java/nio/channels/SelectionKey done
Event: 240.636 loading class java/nio/channels/spi/AbstractSelectionKey done
Event: 240.636 loading class sun/nio/ch/SelectionKeyImpl done
Event: 240.780 loading class java/lang/invoke/ConstantBootstraps
Event: 240.878 loading class java/lang/invoke/ConstantBootstraps done
Event: 243.520 loading class jdk/internal/access/foreign/MemorySegmentProxy
Event: 243.523 loading class jdk/internal/access/foreign/MemorySegmentProxy done


Dynamic libraries:
0x00007ff703b10000 - 0x00007ff703b20000 	C:\Program Files\Java\jdk-17.0.3.1\bin\java.exe
0x00007ff979830000 - 0x00007ff979a28000 	C:\Windows\SYSTEM32\ntdll.dll
0x00007ff9786b0000 - 0x00007ff978772000 	C:\Windows\System32\KERNEL32.DLL
0x00007ff976ed0000 - 0x00007ff9771ce000 	C:\Windows\System32\KERNELBASE.dll
0x00007ff977240000 - 0x00007ff977340000 	C:\Windows\System32\ucrtbase.dll
0x00007ff966a60000 - 0x00007ff966a7a000 	C:\Program Files\Java\jdk-17.0.3.1\bin\VCRUNTIME140.dll
0x00007ff965cf0000 - 0x00007ff965d08000 	C:\Program Files\Java\jdk-17.0.3.1\bin\jli.dll
0x00007ff979040000 - 0x00007ff9790f1000 	C:\Windows\System32\ADVAPI32.dll
0x00007ff978590000 - 0x00007ff97862e000 	C:\Windows\System32\msvcrt.dll
0x00007ff979680000 - 0x00007ff97971f000 	C:\Windows\System32\sechost.dll
0x00007ff978c50000 - 0x00007ff978d73000 	C:\Windows\System32\RPCRT4.dll
0x00007ff977340000 - 0x00007ff977367000 	C:\Windows\System32\bcrypt.dll
0x00007ff977ab0000 - 0x00007ff977c4d000 	C:\Windows\System32\USER32.dll
0x00007ff95fab0000 - 0x00007ff95fd4a000 	C:\Windows\WinSxS\amd64_microsoft.windows.common-controls_6595b64144ccf1df_6.0.19041.4355_none_60b8b9eb71f62e16\COMCTL32.dll
0x00007ff977770000 - 0x00007ff977792000 	C:\Windows\System32\win32u.dll
0x00007ff978560000 - 0x00007ff97858b000 	C:\Windows\System32\GDI32.dll
0x00007ff977410000 - 0x00007ff977527000 	C:\Windows\System32\gdi32full.dll
0x00007ff977370000 - 0x00007ff97740d000 	C:\Windows\System32\msvcp_win.dll
0x00007ff96cdf0000 - 0x00007ff96cdfa000 	C:\Windows\SYSTEM32\VERSION.dll
0x00007ff979100000 - 0x00007ff97912f000 	C:\Windows\System32\IMM32.DLL
0x00007ff96bd70000 - 0x00007ff96bd7c000 	C:\Program Files\Java\jdk-17.0.3.1\bin\vcruntime140_1.dll
0x00007ff92a100000 - 0x00007ff92a18d000 	C:\Program Files\Java\jdk-17.0.3.1\bin\msvcp140.dll
0x00007ff8fb4a0000 - 0x00007ff8fc060000 	C:\Program Files\Java\jdk-17.0.3.1\bin\server\jvm.dll
0x00007ff979310000 - 0x00007ff979318000 	C:\Windows\System32\PSAPI.DLL
0x00007ff9616c0000 - 0x00007ff9616c9000 	C:\Windows\SYSTEM32\WSOCK32.dll
0x00007ff96add0000 - 0x00007ff96adf7000 	C:\Windows\SYSTEM32\WINMM.dll
0x00007ff978eb0000 - 0x00007ff978f1b000 	C:\Windows\System32\WS2_32.dll
0x00007ff974d10000 - 0x00007ff974d22000 	C:\Windows\SYSTEM32\kernel.appcore.dll
0x00007ff965cc0000 - 0x00007ff965cca000 	C:\Program Files\Java\jdk-17.0.3.1\bin\jimage.dll
0x00007ff965840000 - 0x00007ff965a24000 	C:\Windows\SYSTEM32\DBGHELP.DLL
0x00007ff965160000 - 0x00007ff965194000 	C:\Windows\SYSTEM32\dbgcore.DLL
0x00007ff977530000 - 0x00007ff9775b2000 	C:\Windows\System32\bcryptPrimitives.dll
0x00007ff9736c0000 - 0x00007ff9736ce000 	C:\Program Files\Java\jdk-17.0.3.1\bin\instrument.dll
0x00007ff92fc60000 - 0x00007ff92fc85000 	C:\Program Files\Java\jdk-17.0.3.1\bin\java.dll
0x00007ff9210c0000 - 0x00007ff921196000 	C:\Program Files\Java\jdk-17.0.3.1\bin\jsvml.dll
0x00007ff977c50000 - 0x00007ff9783bd000 	C:\Windows\System32\SHELL32.dll
0x00007ff974f10000 - 0x00007ff9756b4000 	C:\Windows\SYSTEM32\windows.storage.dll
0x00007ff979320000 - 0x00007ff979673000 	C:\Windows\System32\combase.dll
0x00007ff976750000 - 0x00007ff97677e000 	C:\Windows\SYSTEM32\Wldp.dll
0x00007ff979240000 - 0x00007ff97930d000 	C:\Windows\System32\OLEAUT32.dll
0x00007ff9783c0000 - 0x00007ff97846d000 	C:\Windows\System32\SHCORE.dll
0x00007ff978bf0000 - 0x00007ff978c45000 	C:\Windows\System32\shlwapi.dll
0x00007ff976e00000 - 0x00007ff976e24000 	C:\Windows\SYSTEM32\profapi.dll
0x00007ff93eb40000 - 0x00007ff93eb58000 	C:\Program Files\Java\jdk-17.0.3.1\bin\zip.dll
0x00007ff942e60000 - 0x00007ff942e79000 	C:\Program Files\Java\jdk-17.0.3.1\bin\net.dll
0x00007ff970cb0000 - 0x00007ff970dbd000 	C:\Windows\SYSTEM32\WINHTTP.dll
0x00007ff976530000 - 0x00007ff97659a000 	C:\Windows\system32\mswsock.dll
0x00007ff940330000 - 0x00007ff940346000 	C:\Program Files\Java\jdk-17.0.3.1\bin\nio.dll
0x00007ff9687b0000 - 0x00007ff9687ca000 	C:\Program Files\JetBrains\IntelliJ IDEA Community Edition 2022.1.3\bin\breakgen64.dll
0x00007ff961030000 - 0x00007ff961040000 	C:\Program Files\Java\jdk-17.0.3.1\bin\verify.dll
0x00007ff9736b0000 - 0x00007ff9736b9000 	C:\Program Files\Java\jdk-17.0.3.1\bin\management.dll
0x00007ff9734b0000 - 0x00007ff9734bb000 	C:\Program Files\Java\jdk-17.0.3.1\bin\management_ext.dll
0x00007ff95cca0000 - 0x00007ff95ccb7000 	C:\Windows\system32\napinsp.dll
0x00007ff95cc80000 - 0x00007ff95cc9b000 	C:\Windows\system32\pnrpnsp.dll
0x00007ff972180000 - 0x00007ff972195000 	C:\Windows\system32\wshbth.dll
0x00007ff971cb0000 - 0x00007ff971ccd000 	C:\Windows\system32\NLAapi.dll
0x00007ff976230000 - 0x00007ff97626b000 	C:\Windows\SYSTEM32\IPHLPAPI.DLL
0x00007ff976270000 - 0x00007ff97633a000 	C:\Windows\SYSTEM32\DNSAPI.dll
0x00007ff9797e0000 - 0x00007ff9797e8000 	C:\Windows\System32\NSI.dll
0x00007ff95c350000 - 0x00007ff95c362000 	C:\Windows\System32\winrnr.dll
0x00007ff96ef90000 - 0x00007ff96ef9a000 	C:\Windows\System32\rasadhlp.dll
0x00007ff96eab0000 - 0x00007ff96eb30000 	C:\Windows\System32\fwpuclnt.dll
0x00007ff976790000 - 0x00007ff9767a8000 	C:\Windows\SYSTEM32\CRYPTSP.dll
0x00007ff975e70000 - 0x00007ff975ea4000 	C:\Windows\system32\rsaenh.dll
0x00007ff976d80000 - 0x00007ff976dae000 	C:\Windows\SYSTEM32\USERENV.dll
0x00007ff9766c0000 - 0x00007ff9766cc000 	C:\Windows\SYSTEM32\CRYPTBASE.dll
0x00007ff970000000 - 0x00007ff970017000 	C:\Windows\SYSTEM32\dhcpcsvc6.DLL
0x00007ff96ff50000 - 0x00007ff96ff6d000 	C:\Windows\SYSTEM32\dhcpcsvc.DLL
0x00007ff93e980000 - 0x00007ff93e98e000 	C:\Program Files\Java\jdk-17.0.3.1\bin\sunmscapi.dll
0x00007ff977610000 - 0x00007ff97776c000 	C:\Windows\System32\CRYPT32.dll
0x00007ff9768a0000 - 0x00007ff9768c7000 	C:\Windows\SYSTEM32\ncrypt.dll
0x00007ff976860000 - 0x00007ff97689b000 	C:\Windows\SYSTEM32\NTASN1.dll
0x00007ff96b030000 - 0x00007ff96b037000 	C:\Windows\system32\wshunix.dll

dbghelp: loaded successfully - version: 4.0.5 - missing functions: none
symbol engine: initialized successfully - sym options: 0x614 - pdb path: .;C:\Program Files\Java\jdk-17.0.3.1\bin;C:\Windows\SYSTEM32;C:\Windows\WinSxS\amd64_microsoft.windows.common-controls_6595b64144ccf1df_6.0.19041.4355_none_60b8b9eb71f62e16;C:\Program Files\Java\jdk-17.0.3.1\bin\server;C:\Program Files\JetBrains\IntelliJ IDEA Community Edition 2022.1.3\bin

VM Arguments:
jvm_args: -javaagent:C:\Program Files\JetBrains\IntelliJ IDEA Community Edition 2022.1.3\lib\idea_rt.jar=61508:C:\Program Files\JetBrains\IntelliJ IDEA Community Edition 2022.1.3\bin -Dfile.encoding=UTF-8 
java_command: com.developer.onlybuns.OnlyBunsApplication
java_class_path (initial): C:\Users\Lenovo\Documents\GitHub\ISA2024-25\OnlyBunsApplication\target\classes;C:\Users\Lenovo\.m2\repository\org\springframework\boot\spring-boot-starter-data-jpa\2.5.2\spring-boot-starter-data-jpa-2.5.2.jar;C:\Users\Lenovo\.m2\repository\org\springframework\boot\spring-boot-starter-jdbc\2.5.2\spring-boot-starter-jdbc-2.5.2.jar;C:\Users\Lenovo\.m2\repository\com\zaxxer\HikariCP\4.0.3\HikariCP-4.0.3.jar;C:\Users\Lenovo\.m2\repository\org\springframework\spring-jdbc\5.3.8\spring-jdbc-5.3.8.jar;C:\Users\Lenovo\.m2\repository\jakarta\transaction\jakarta.transaction-api\1.3.3\jakarta.transaction-api-1.3.3.jar;C:\Users\Lenovo\.m2\repository\jakarta\persistence\jakarta.persistence-api\2.2.3\jakarta.persistence-api-2.2.3.jar;C:\Users\Lenovo\.m2\repository\org\hibernate\hibernate-core\5.4.32.Final\hibernate-core-5.4.32.Final.jar;C:\Users\Lenovo\.m2\repository\org\jboss\logging\jboss-logging\3.4.2.Final\jboss-logging-3.4.2.Final.jar;C:\Users\Lenovo\.m2\repository\org\javassist\javassist\3.27.0-GA\javassist-3.27.0-GA.jar;C:\Users\Lenovo\.m2\repository\net\bytebuddy\byte-buddy\1.10.22\byte-buddy-1.10.22.jar;C:\Users\Lenovo\.m2\repository\antlr\antlr\2.7.7\antlr-2.7.7.jar;C:\Users\Lenovo\.m2\repository\org\jboss\jandex\2.2.3.Final\jandex-2.2.3.Final.jar;C:\Users\Lenovo\.m2\repository\com\fasterxml\classmate\1.5.1\classmate-1.5.1.jar;C:\Users\Lenovo\.m2\repository\org\dom4j\dom4j\2.1.3\dom4j-2.1.3.jar;C:\Users\Lenovo\.m2\repository\org\hibernate\common\hibernate-commons-annotations\5.1.2.Final\hibernate-commons-annotations-5.1.2.Final.jar;C:\Users\Lenovo\.m2\repository\org\glassfish\jaxb\jaxb-runtime\2.3.4\jaxb-runtime-2.3.4.jar;C:\Users\Lenovo\.m2\repository\org\glassfish\jaxb\txw2\2.3.4\txw2-2.3.4.jar;C:\Users\Lenovo\.m2\repository\com\sun\istack\istack-commons-runtime\3.0.12\istack-commons-runtime-3.0.12.jar;C:\Users\Lenovo\.m2\repository\org\springframework\data\spring-data-jpa\2.5.2\spring-data-jpa-2.5.2.jar;C:\Users\Lenovo\.m2\repository\org\sp
Launcher Type: SUN_STANDARD

[Global flags]
     intx CICompilerCount                          = 4                                         {product} {ergonomic}
     uint ConcGCThreads                            = 2                                         {product} {ergonomic}
     uint G1ConcRefinementThreads                  = 8                                         {product} {ergonomic}
   size_t G1HeapRegionSize                         = 1048576                                   {product} {ergonomic}
    uintx GCDrainStackTargetSize                   = 64                                        {product} {ergonomic}
   size_t InitialHeapSize                          = 60817408                                  {product} {ergonomic}
   size_t MarkStackSize                            = 4194304                                   {product} {ergonomic}
   size_t MaxHeapSize                              = 954204160                                 {product} {ergonomic}
   size_t MaxNewSize                               = 572522496                                 {product} {ergonomic}
   size_t MinHeapDeltaBytes                        = 1048576                                   {product} {ergonomic}
   size_t MinHeapSize                              = 8388608                                   {product} {ergonomic}
    uintx NonNMethodCodeHeapSize                   = 5839372                                {pd product} {ergonomic}
    uintx NonProfiledCodeHeapSize                  = 122909434                              {pd product} {ergonomic}
    uintx ProfiledCodeHeapSize                     = 122909434                              {pd product} {ergonomic}
    uintx ReservedCodeCacheSize                    = 251658240                              {pd product} {ergonomic}
     bool SegmentedCodeCache                       = true                                      {product} {ergonomic}
   size_t SoftMaxHeapSize                          = 954204160                              {manageable} {ergonomic}
     bool UseCompressedClassPointers               = true                           {product lp64_product} {ergonomic}
     bool UseCompressedOops                        = true                           {product lp64_product} {ergonomic}
     bool UseG1GC                                  = true                                      {product} {ergonomic}
     bool UseLargePagesIndividualAllocation        = false                                  {pd product} {ergonomic}

Logging:
Log output configuration:
 #0: stdout all=warning uptime,level,tags
 #1: stderr all=off uptime,level,tags

Environment Variables:
PATH=C:\app\Lenovo\product\21c\dbhomeXE\bin;C:\oraclexe\app\oracle\product\11.2.0\server\bin;C:\Program Files\Common Files\Oracle\Java\javapath;C:\Program Files (x86)\Common Files\Oracle\Java\javapath;C:\Windows\system32;C:\Windows;C:\Windows\System32\Wbem;C:\Windows\System32\WindowsPowerShell\v1.0\;C:\Windows\System32\OpenSSH\;C:\Program Files\dotnet\;C:\Program Files (x86)\Microsoft SQL Server\160\Tools\Binn\;C:\Program Files\Microsoft SQL Server\160\Tools\Binn\;C:\Program Files\Microsoft SQL Server\Client SDK\ODBC\170\Tools\Binn\;C:\Program Files\Microsoft SQL Server\160\DTS\Binn\;C:\Program Files (x86)\Microsoft SQL Server\160\DTS\Binn\;C:\Program Files\Microsoft SQL Server\150\Tools\Binn\;C:\Program Files\nodejs\;C:\ProgramData\chocolatey\bin;C:\Program Files\Git\cmd;C:\Program Files (x86)\GnuWin32\bin;C:\Program Files\Go\bin;C:\Program Files\Docker\Docker\resources\bin;C:\protoc-26.1-win64\bin;C:\Program Files\MongoDB\Server\5.0\bin;C:\Users\Lenovo\AppData\Local\Programs\Python\Python312;C:\Users\Lenovo\AppData\Local\Programs\Python\Python311\Scripts\uvicorn;C:\Users\Lenovo\AppData\Local\Programs\Python\Python311\Scripts\;C:\Users\Lenovo\AppData\Local\Programs\Python\Python311\;C:\Program Files\MySQL\MySQL Shell 8.0\bin\;C:\Users\Lenovo\scoop\shims;C:\Users\Lenovo\AppData\Local\Microsoft\WindowsApps;C:\Users\Lenovo\AppData\Local\Programs\Microsoft VS Code\bin;C:\Users\Lenovo\AppData\Local\GitHubDesktop\bin;C:\Users\Lenovo\.dotnet\tools;C:\Program Files\Azure Data Studio\bin;C:\Users\Lenovo\AppData\Roaming\npm;C:\msys64\mingw64\bin;C:\Users\Lenovo\go\bin
USERNAME=Lenovo
OS=Windows_NT
PROCESSOR_IDENTIFIER=AMD64 Family 23 Model 17 Stepping 0, AuthenticAMD



---------------  S Y S T E M  ---------------

OS:
 Windows 10 , 64 bit Build 19041 (10.0.19041.5072)
OS uptime: 7 days 0:31 hours
Hyper-V role detected

CPU: total 8 (initial active 8) (8 cores per cpu, 2 threads per core) family 23 model 17 stepping 0 microcode 0x0, cx8, cmov, fxsr, ht, mmx, 3dnowpref, sse, sse2, sse3, ssse3, sse4a, sse4.1, sse4.2, popcnt, lzcnt, tsc, tscinvbit, avx, avx2, aes, clmul, bmi1, bmi2, adx, sha, fma, vzeroupper, clflush, clflushopt, hv

Memory: 4k page, system-wide physical 3638M (51M free)
TotalPageFile size 14902M (AvailPageFile size 3M)
current process WorkingSet (physical memory assigned to process): 84M, peak: 229M
current process commit charge ("private bytes"): 368M, peak: 387M

vm_info: Java HotSpot(TM) 64-Bit Server VM (17.0.3.1+2-LTS-6) for windows-amd64 JRE (17.0.3.1+2-LTS-6), built on Apr 25 2022 22:04:21 by "mach5one" with MS VC++ 16.8 / 16.9 (VS2019)

END.
