#
# There is insufficient memory for the Java Runtime Environment to continue.
# Native memory allocation (malloc) failed to allocate 121104 bytes for Chunk::new
# Possible reasons:
#   The system is out of physical RAM or swap space
#   The process is running with CompressedOops enabled, and the Java Heap may be blocking the growth of the native heap
# Possible solutions:
#   Reduce memory load on the system
#   Increase physical memory or swap space
#   Check if swap backing store is full
#   Decrease Java heap size (-Xmx/-Xms)
#   Decrease number of Java threads
#   Decrease Java thread stack sizes (-Xss)
#   Set larger code cache with -XX:ReservedCodeCacheSize=
#   JVM is running with Unscaled Compressed Oops mode in which the Java heap is
#     placed in the first 4GB address space. The Java Heap base address is the
#     maximum limit for the native heap growth. Please use -XX:HeapBaseMinAddress
#     to set the Java Heap base and to place the Java Heap above 4GB virtual address.
# This output file may be truncated or incomplete.
#
#  Out of Memory Error (arena.cpp:189), pid=3036, tid=14824
#
# JRE version: Java(TM) SE Runtime Environment (17.0.3.1+2) (build 17.0.3.1+2-LTS-6)
# Java VM: Java HotSpot(TM) 64-Bit Server VM (17.0.3.1+2-LTS-6, mixed mode, sharing, tiered, compressed oops, compressed class ptrs, g1 gc, windows-amd64)
# No core dump will be written. Minidumps are not enabled by default on client versions of Windows
#

---------------  S U M M A R Y ------------

Command Line: -javaagent:C:\Program Files\JetBrains\IntelliJ IDEA Community Edition 2022.1.3\lib\idea_rt.jar=61038:C:\Program Files\JetBrains\IntelliJ IDEA Community Edition 2022.1.3\bin -Dfile.encoding=UTF-8 com.developer.onlybuns.OnlyBunsApplication

Host: AMD Ryzen 5 2500U with Radeon Vega Mobile Gfx  , 8 cores, 3G,  Windows 10 , 64 bit Build 19041 (10.0.19041.5438)
Time: Tue Mar 11 15:39:44 2025 Central Europe Standard Time elapsed time: 242.856453 seconds (0d 0h 4m 2s)

---------------  T H R E A D  ---------------

Current thread (0x000001ce188f9c00):  JavaThread "C2 CompilerThread0" daemon [_thread_in_native, id=14824, stack(0x0000008d38e00000,0x0000008d38f00000)]


Current CompileTask:
C2: 242856 8483       4       java.util.HashMap::remove (26 bytes)

Stack: [0x0000008d38e00000,0x0000008d38f00000]
Native frames: (J=compiled Java code, j=interpreted, Vv=VM code, C=native code)
V  [jvm.dll+0x6711ba]
V  [jvm.dll+0x7d0834]
V  [jvm.dll+0x7d1fde]
V  [jvm.dll+0x7d2643]
V  [jvm.dll+0x242c85]
V  [jvm.dll+0xaa57b]
V  [jvm.dll+0xaab0c]
V  [jvm.dll+0x35ff77]
V  [jvm.dll+0x32a581]
V  [jvm.dll+0x329a2a]
V  [jvm.dll+0x215d61]
V  [jvm.dll+0x215181]
V  [jvm.dll+0x1a1c3d]
V  [jvm.dll+0x2249c8]
V  [jvm.dll+0x222b2c]
V  [jvm.dll+0x78650b]
V  [jvm.dll+0x780aca]
V  [jvm.dll+0x670045]
C  [ucrtbase.dll+0x21bb2]
C  [KERNEL32.DLL+0x17374]
C  [ntdll.dll+0x4cc91]


---------------  P R O C E S S  ---------------

Threads class SMR info:
_java_thread_list=0x000001ce1e725170, length=16, elements={
0x000001ce188dce60, 0x000001ce188dfef0, 0x000001ce188f3de0, 0x000001ce188f4990,
0x000001ce188f8360, 0x000001ce188f8d10, 0x000001ce188f9c00, 0x000001ce188faab0,
0x000001ce18907500, 0x000001ce19463eb0, 0x000001ce1965c530, 0x000001ce1968ef00,
0x000001ce19ab3c70, 0x000001ce2176aa00, 0x000001ce2176b870, 0x000001ce2176def0
}

Java Threads: ( => current thread )
  0x000001ce188dce60 JavaThread "Reference Handler" daemon [_thread_blocked, id=14344, stack(0x0000008d38800000,0x0000008d38900000)]
  0x000001ce188dfef0 JavaThread "Finalizer" daemon [_thread_blocked, id=16048, stack(0x0000008d38900000,0x0000008d38a00000)]
  0x000001ce188f3de0 JavaThread "Signal Dispatcher" daemon [_thread_blocked, id=11312, stack(0x0000008d38a00000,0x0000008d38b00000)]
  0x000001ce188f4990 JavaThread "Attach Listener" daemon [_thread_blocked, id=13648, stack(0x0000008d38b00000,0x0000008d38c00000)]
  0x000001ce188f8360 JavaThread "Service Thread" daemon [_thread_blocked, id=15072, stack(0x0000008d38c00000,0x0000008d38d00000)]
  0x000001ce188f8d10 JavaThread "Monitor Deflation Thread" daemon [_thread_blocked, id=16896, stack(0x0000008d38d00000,0x0000008d38e00000)]
=>0x000001ce188f9c00 JavaThread "C2 CompilerThread0" daemon [_thread_in_native, id=14824, stack(0x0000008d38e00000,0x0000008d38f00000)]
  0x000001ce188faab0 JavaThread "C1 CompilerThread0" daemon [_thread_blocked, id=12424, stack(0x0000008d38f00000,0x0000008d39000000)]
  0x000001ce18907500 JavaThread "Sweeper thread" daemon [_thread_blocked, id=4500, stack(0x0000008d39000000,0x0000008d39100000)]
  0x000001ce19463eb0 JavaThread "Common-Cleaner" daemon [_thread_blocked, id=10764, stack(0x0000008d39100000,0x0000008d39200000)]
  0x000001ce1965c530 JavaThread "Monitor Ctrl-Break" daemon [_thread_in_native, id=19200, stack(0x0000008d39200000,0x0000008d39300000)]
  0x000001ce1968ef00 JavaThread "Notification Thread" daemon [_thread_blocked, id=18520, stack(0x0000008d39300000,0x0000008d39400000)]
  0x000001ce19ab3c70 JavaThread "HikariPool-1 housekeeper" daemon [_thread_blocked, id=19904, stack(0x0000008d3a100000,0x0000008d3a200000)]
  0x000001ce2176aa00 JavaThread "DestroyJavaVM" [_thread_blocked, id=10412, stack(0x0000008d38100000,0x0000008d38200000)]
  0x000001ce2176b870 JavaThread "SIGINT handler" daemon [_thread_blocked, id=19632, stack(0x0000008d37e00000,0x0000008d37f00000)]
  0x000001ce2176def0 JavaThread "SpringApplicationShutdownHook" [_thread_in_vm, id=6088, stack(0x0000008d37f00000,0x0000008d38000000)]

Other Threads:
  0x000001ce188d7f80 VMThread "VM Thread" [stack: 0x0000008d38700000,0x0000008d38800000] [id=18508]
  0x000001ce7b0cb410 WatcherThread [stack: 0x0000008d39400000,0x0000008d39500000] [id=19584]
  0x000001ce7b0b95f0 GCTaskThread "GC Thread#0" [stack: 0x0000008d38200000,0x0000008d38300000] [id=2280]
  0x000001ce19f2b420 GCTaskThread "GC Thread#1" [stack: 0x0000008d39500000,0x0000008d39600000] [id=19804]
  0x000001ce19f07d60 GCTaskThread "GC Thread#2" [stack: 0x0000008d39600000,0x0000008d39700000] [id=19504]
  0x000001ce19e8dc50 GCTaskThread "GC Thread#3" [stack: 0x0000008d39700000,0x0000008d39800000] [id=13428]
  0x000001ce19c1dde0 GCTaskThread "GC Thread#4" [stack: 0x0000008d39800000,0x0000008d39900000] [id=16872]
  0x000001ce1a319c70 GCTaskThread "GC Thread#5" [stack: 0x0000008d39900000,0x0000008d39a00000] [id=12740]
  0x000001ce19effcd0 GCTaskThread "GC Thread#6" [stack: 0x0000008d39a00000,0x0000008d39b00000] [id=16040]
  0x000001ce1a759670 GCTaskThread "GC Thread#7" [stack: 0x0000008d39c00000,0x0000008d39d00000] [id=3720]
  0x000001ce7b0c1f00 ConcurrentGCThread "G1 Main Marker" [stack: 0x0000008d38300000,0x0000008d38400000] [id=10868]
  0x000001ce7b0c34c0 ConcurrentGCThread "G1 Conc#0" [stack: 0x0000008d38400000,0x0000008d38500000] [id=6704]
  0x000001ce1ab4e800 ConcurrentGCThread "G1 Conc#1" [stack: 0x0000008d39b00000,0x0000008d39c00000] [id=5160]
  0x000001ce7b13a040 ConcurrentGCThread "G1 Refine#0" [stack: 0x0000008d38500000,0x0000008d38600000] [id=19912]
  0x000001ce7b13aa60 ConcurrentGCThread "G1 Service" [stack: 0x0000008d38600000,0x0000008d38700000] [id=12144]

Threads with active compile tasks:
C2 CompilerThread0   243092 8483       4       java.util.HashMap::remove (26 bytes)

VM state: not at safepoint (normal execution)

VM Mutex/Monitor currently owned by a thread: None

OutOfMemory and StackOverflow Exception counts:
StackOverflowErrors=26
LinkageErrors=89

Heap address: 0x00000000c7200000, size: 910 MB, Compressed Oops mode: 32-bit

CDS archive(s) mapped at: [0x0000000800000000-0x0000000800bc0000-0x0000000800bc0000), size 12320768, SharedBaseAddress: 0x0000000800000000, ArchiveRelocationMode: 0.
Compressed class space mapped at: 0x0000000800c00000-0x0000000840c00000, reserved size: 1073741824
Narrow klass base: 0x0000000800000000, Narrow klass shift: 0, Narrow klass range: 0x100000000

GC Precious Log:
 CPUs: 8 total, 8 available
 Memory: 3638M
 Large Page Support: Disabled
 NUMA Support: Disabled
 Compressed Oops: Enabled (32-bit)
 Heap Region Size: 1M
 Heap Min Capacity: 8M
 Heap Initial Capacity: 58M
 Heap Max Capacity: 910M
 Pre-touch: Disabled
 Parallel Workers: 8
 Concurrent Workers: 2
 Concurrent Refinement Workers: 8
 Periodic GC: Disabled

Heap:
 garbage-first heap   total 110592K, used 64650K [0x00000000c7200000, 0x0000000100000000)
  region size 1024K, 25 young (25600K), 2 survivors (2048K)
 Metaspace       used 75110K, committed 75648K, reserved 1122304K
  class space    used 9812K, committed 10112K, reserved 1048576K

Heap Regions: E=young(eden), S=young(survivor), O=old, HS=humongous(starts), HC=humongous(continues), CS=collection set, F=free, OA=open archive, CA=closed archive, TAMS=top-at-mark-start (previous, next)
|   0|0x00000000c7200000, 0x00000000c7300000, 0x00000000c7300000|100%|HS|  |TAMS 0x00000000c7300000, 0x00000000c7200000| Complete 
|   1|0x00000000c7300000, 0x00000000c7400000, 0x00000000c7400000|100%| O|  |TAMS 0x00000000c7400000, 0x00000000c7300000| Untracked 
|   2|0x00000000c7400000, 0x00000000c7500000, 0x00000000c7500000|100%| O|  |TAMS 0x00000000c7500000, 0x00000000c7400000| Untracked 
|   3|0x00000000c7500000, 0x00000000c7600000, 0x00000000c7600000|100%| O|  |TAMS 0x00000000c7600000, 0x00000000c7500000| Untracked 
|   4|0x00000000c7600000, 0x00000000c7700000, 0x00000000c7700000|100%| O|  |TAMS 0x00000000c7700000, 0x00000000c7600000| Untracked 
|   5|0x00000000c7700000, 0x00000000c7800000, 0x00000000c7800000|100%| O|  |TAMS 0x00000000c7800000, 0x00000000c7700000| Untracked 
|   6|0x00000000c7800000, 0x00000000c7900000, 0x00000000c7900000|100%| O|  |TAMS 0x00000000c7900000, 0x00000000c7800000| Untracked 
|   7|0x00000000c7900000, 0x00000000c7a00000, 0x00000000c7a00000|100%| O|  |TAMS 0x00000000c7a00000, 0x00000000c7900000| Untracked 
|   8|0x00000000c7a00000, 0x00000000c7b00000, 0x00000000c7b00000|100%| O|  |TAMS 0x00000000c7b00000, 0x00000000c7a00000| Untracked 
|   9|0x00000000c7b00000, 0x00000000c7c00000, 0x00000000c7c00000|100%| O|  |TAMS 0x00000000c7c00000, 0x00000000c7b00000| Untracked 
|  10|0x00000000c7c00000, 0x00000000c7c77e00, 0x00000000c7d00000| 46%| O|  |TAMS 0x00000000c7c77e00, 0x00000000c7c00000| Untracked 
|  11|0x00000000c7d00000, 0x00000000c7e00000, 0x00000000c7e00000|100%| O|  |TAMS 0x00000000c7e00000, 0x00000000c7d00000| Untracked 
|  12|0x00000000c7e00000, 0x00000000c7f00000, 0x00000000c7f00000|100%| O|  |TAMS 0x00000000c7f00000, 0x00000000c7e00000| Untracked 
|  13|0x00000000c7f00000, 0x00000000c8000000, 0x00000000c8000000|100%| O|  |TAMS 0x00000000c8000000, 0x00000000c7f00000| Untracked 
|  14|0x00000000c8000000, 0x00000000c8100000, 0x00000000c8100000|100%| O|  |TAMS 0x00000000c8100000, 0x00000000c8000000| Untracked 
|  15|0x00000000c8100000, 0x00000000c8200000, 0x00000000c8200000|100%| O|  |TAMS 0x00000000c8200000, 0x00000000c8100000| Untracked 
|  16|0x00000000c8200000, 0x00000000c8300000, 0x00000000c8300000|100%| O|  |TAMS 0x00000000c8300000, 0x00000000c8200000| Untracked 
|  17|0x00000000c8300000, 0x00000000c8400000, 0x00000000c8400000|100%| O|  |TAMS 0x00000000c8400000, 0x00000000c8300000| Untracked 
|  18|0x00000000c8400000, 0x00000000c8500000, 0x00000000c8500000|100%| O|  |TAMS 0x00000000c8500000, 0x00000000c8400000| Untracked 
|  19|0x00000000c8500000, 0x00000000c8600000, 0x00000000c8600000|100%| O|  |TAMS 0x00000000c8600000, 0x00000000c8500000| Untracked 
|  20|0x00000000c8600000, 0x00000000c8700000, 0x00000000c8700000|100%| O|  |TAMS 0x00000000c8700000, 0x00000000c8600000| Untracked 
|  21|0x00000000c8700000, 0x00000000c8800000, 0x00000000c8800000|100%| O|  |TAMS 0x00000000c8800000, 0x00000000c8700000| Untracked 
|  22|0x00000000c8800000, 0x00000000c8900000, 0x00000000c8900000|100%| O|  |TAMS 0x00000000c8900000, 0x00000000c8800000| Untracked 
|  23|0x00000000c8900000, 0x00000000c8a00000, 0x00000000c8a00000|100%| O|  |TAMS 0x00000000c8a00000, 0x00000000c8900000| Untracked 
|  24|0x00000000c8a00000, 0x00000000c8b00000, 0x00000000c8b00000|100%| O|  |TAMS 0x00000000c8b00000, 0x00000000c8a00000| Untracked 
|  25|0x00000000c8b00000, 0x00000000c8c00000, 0x00000000c8c00000|100%| O|  |TAMS 0x00000000c8c00000, 0x00000000c8b00000| Untracked 
|  26|0x00000000c8c00000, 0x00000000c8d00000, 0x00000000c8d00000|100%| O|  |TAMS 0x00000000c8d00000, 0x00000000c8c00000| Untracked 
|  27|0x00000000c8d00000, 0x00000000c8e00000, 0x00000000c8e00000|100%| O|  |TAMS 0x00000000c8e00000, 0x00000000c8d00000| Untracked 
|  28|0x00000000c8e00000, 0x00000000c8f00000, 0x00000000c8f00000|100%| O|  |TAMS 0x00000000c8f00000, 0x00000000c8e00000| Untracked 
|  29|0x00000000c8f00000, 0x00000000c9000000, 0x00000000c9000000|100%| O|  |TAMS 0x00000000c9000000, 0x00000000c8f00000| Untracked 
|  30|0x00000000c9000000, 0x00000000c9100000, 0x00000000c9100000|100%| O|  |TAMS 0x00000000c9100000, 0x00000000c9000000| Untracked 
|  31|0x00000000c9100000, 0x00000000c9200000, 0x00000000c9200000|100%| O|  |TAMS 0x00000000c9200000, 0x00000000c9100000| Untracked 
|  32|0x00000000c9200000, 0x00000000c9300000, 0x00000000c9300000|100%| O|  |TAMS 0x00000000c9300000, 0x00000000c9200000| Untracked 
|  33|0x00000000c9300000, 0x00000000c9400000, 0x00000000c9400000|100%| O|  |TAMS 0x00000000c9400000, 0x00000000c9300000| Untracked 
|  34|0x00000000c9400000, 0x00000000c9400000, 0x00000000c9500000|  0%| F|  |TAMS 0x00000000c9400000, 0x00000000c9400000| Untracked 
|  35|0x00000000c9500000, 0x00000000c9600000, 0x00000000c9600000|100%| O|  |TAMS 0x00000000c9600000, 0x00000000c9500000| Untracked 
|  36|0x00000000c9600000, 0x00000000c9600000, 0x00000000c9700000|  0%| F|  |TAMS 0x00000000c9600000, 0x00000000c9600000| Untracked 
|  37|0x00000000c9700000, 0x00000000c9800000, 0x00000000c9800000|100%| O|  |TAMS 0x00000000c9800000, 0x00000000c9700000| Untracked 
|  38|0x00000000c9800000, 0x00000000c9800000, 0x00000000c9900000|  0%| F|  |TAMS 0x00000000c9800000, 0x00000000c9800000| Untracked 
|  39|0x00000000c9900000, 0x00000000c9900000, 0x00000000c9a00000|  0%| F|  |TAMS 0x00000000c9900000, 0x00000000c9900000| Untracked 
|  40|0x00000000c9a00000, 0x00000000c9b00000, 0x00000000c9b00000|100%| O|  |TAMS 0x00000000c9b00000, 0x00000000c9a00000| Untracked 
|  41|0x00000000c9b00000, 0x00000000c9b00000, 0x00000000c9c00000|  0%| F|  |TAMS 0x00000000c9b00000, 0x00000000c9b00000| Untracked 
|  42|0x00000000c9c00000, 0x00000000c9c00000, 0x00000000c9d00000|  0%| F|  |TAMS 0x00000000c9c00000, 0x00000000c9c00000| Untracked 
|  43|0x00000000c9d00000, 0x00000000c9d00000, 0x00000000c9e00000|  0%| F|  |TAMS 0x00000000c9d00000, 0x00000000c9d00000| Untracked 
|  44|0x00000000c9e00000, 0x00000000c9e00000, 0x00000000c9f00000|  0%| F|  |TAMS 0x00000000c9e00000, 0x00000000c9e00000| Untracked 
|  45|0x00000000c9f00000, 0x00000000ca000000, 0x00000000ca000000|100%| O|  |TAMS 0x00000000c9f00000, 0x00000000c9f00000| Untracked 
|  46|0x00000000ca000000, 0x00000000ca100000, 0x00000000ca100000|100%| O|  |TAMS 0x00000000ca000000, 0x00000000ca000000| Untracked 
|  47|0x00000000ca100000, 0x00000000ca200000, 0x00000000ca200000|100%| O|  |TAMS 0x00000000ca100000, 0x00000000ca100000| Untracked 
|  48|0x00000000ca200000, 0x00000000ca2c3800, 0x00000000ca300000| 76%| O|  |TAMS 0x00000000ca200000, 0x00000000ca200000| Untracked 
|  49|0x00000000ca300000, 0x00000000ca300000, 0x00000000ca400000|  0%| F|  |TAMS 0x00000000ca300000, 0x00000000ca300000| Untracked 
|  50|0x00000000ca400000, 0x00000000ca400000, 0x00000000ca500000|  0%| F|  |TAMS 0x00000000ca400000, 0x00000000ca400000| Untracked 
|  51|0x00000000ca500000, 0x00000000ca500000, 0x00000000ca600000|  0%| F|  |TAMS 0x00000000ca500000, 0x00000000ca500000| Untracked 
|  52|0x00000000ca600000, 0x00000000ca600000, 0x00000000ca700000|  0%| F|  |TAMS 0x00000000ca600000, 0x00000000ca600000| Untracked 
|  53|0x00000000ca700000, 0x00000000ca700000, 0x00000000ca800000|  0%| F|  |TAMS 0x00000000ca700000, 0x00000000ca700000| Untracked 
|  54|0x00000000ca800000, 0x00000000ca800000, 0x00000000ca900000|  0%| F|  |TAMS 0x00000000ca800000, 0x00000000ca800000| Untracked 
|  55|0x00000000ca900000, 0x00000000ca900000, 0x00000000caa00000|  0%| F|  |TAMS 0x00000000ca900000, 0x00000000ca900000| Untracked 
|  56|0x00000000caa00000, 0x00000000caa00000, 0x00000000cab00000|  0%| F|  |TAMS 0x00000000caa00000, 0x00000000caa00000| Untracked 
|  57|0x00000000cab00000, 0x00000000cab00000, 0x00000000cac00000|  0%| F|  |TAMS 0x00000000cab00000, 0x00000000cab00000| Untracked 
|  58|0x00000000cac00000, 0x00000000cac00000, 0x00000000cad00000|  0%| F|  |TAMS 0x00000000cac00000, 0x00000000cac00000| Untracked 
|  59|0x00000000cad00000, 0x00000000cad00000, 0x00000000cae00000|  0%| F|  |TAMS 0x00000000cad00000, 0x00000000cad00000| Untracked 
|  60|0x00000000cae00000, 0x00000000cae00000, 0x00000000caf00000|  0%| F|  |TAMS 0x00000000cae00000, 0x00000000cae00000| Untracked 
|  61|0x00000000caf00000, 0x00000000cafe7360, 0x00000000cb000000| 90%| S|CS|TAMS 0x00000000caf00000, 0x00000000caf00000| Complete 
|  62|0x00000000cb000000, 0x00000000cb100000, 0x00000000cb100000|100%| S|CS|TAMS 0x00000000cb000000, 0x00000000cb000000| Complete 
|  63|0x00000000cb100000, 0x00000000cb100000, 0x00000000cb200000|  0%| F|  |TAMS 0x00000000cb100000, 0x00000000cb100000| Untracked 
|  64|0x00000000cb200000, 0x00000000cb200000, 0x00000000cb300000|  0%| F|  |TAMS 0x00000000cb200000, 0x00000000cb200000| Untracked 
|  65|0x00000000cb300000, 0x00000000cb300000, 0x00000000cb400000|  0%| F|  |TAMS 0x00000000cb300000, 0x00000000cb300000| Untracked 
|  66|0x00000000cb400000, 0x00000000cb400000, 0x00000000cb500000|  0%| F|  |TAMS 0x00000000cb400000, 0x00000000cb400000| Untracked 
|  67|0x00000000cb500000, 0x00000000cb500000, 0x00000000cb600000|  0%| F|  |TAMS 0x00000000cb500000, 0x00000000cb500000| Untracked 
|  68|0x00000000cb600000, 0x00000000cb600000, 0x00000000cb700000|  0%| F|  |TAMS 0x00000000cb600000, 0x00000000cb600000| Untracked 
|  69|0x00000000cb700000, 0x00000000cb700000, 0x00000000cb800000|  0%| F|  |TAMS 0x00000000cb700000, 0x00000000cb700000| Untracked 
|  70|0x00000000cb800000, 0x00000000cb800000, 0x00000000cb900000|  0%| F|  |TAMS 0x00000000cb800000, 0x00000000cb800000| Untracked 
|  71|0x00000000cb900000, 0x00000000cb900000, 0x00000000cba00000|  0%| F|  |TAMS 0x00000000cb900000, 0x00000000cb900000| Untracked 
|  72|0x00000000cba00000, 0x00000000cba00000, 0x00000000cbb00000|  0%| F|  |TAMS 0x00000000cba00000, 0x00000000cba00000| Untracked 
|  73|0x00000000cbb00000, 0x00000000cbb00000, 0x00000000cbc00000|  0%| F|  |TAMS 0x00000000cbb00000, 0x00000000cbb00000| Untracked 
|  74|0x00000000cbc00000, 0x00000000cbc00000, 0x00000000cbd00000|  0%| F|  |TAMS 0x00000000cbc00000, 0x00000000cbc00000| Untracked 
|  75|0x00000000cbd00000, 0x00000000cbd00000, 0x00000000cbe00000|  0%| F|  |TAMS 0x00000000cbd00000, 0x00000000cbd00000| Untracked 
|  76|0x00000000cbe00000, 0x00000000cbe00000, 0x00000000cbf00000|  0%| F|  |TAMS 0x00000000cbe00000, 0x00000000cbe00000| Untracked 
|  77|0x00000000cbf00000, 0x00000000cbf00000, 0x00000000cc000000|  0%| F|  |TAMS 0x00000000cbf00000, 0x00000000cbf00000| Untracked 
|  78|0x00000000cc000000, 0x00000000cc000000, 0x00000000cc100000|  0%| F|  |TAMS 0x00000000cc000000, 0x00000000cc000000| Untracked 
|  79|0x00000000cc100000, 0x00000000cc100000, 0x00000000cc200000|  0%| F|  |TAMS 0x00000000cc100000, 0x00000000cc100000| Untracked 
|  80|0x00000000cc200000, 0x00000000cc200000, 0x00000000cc300000|  0%| F|  |TAMS 0x00000000cc200000, 0x00000000cc200000| Untracked 
|  81|0x00000000cc300000, 0x00000000cc300000, 0x00000000cc400000|  0%| F|  |TAMS 0x00000000cc300000, 0x00000000cc300000| Untracked 
|  82|0x00000000cc400000, 0x00000000cc400000, 0x00000000cc500000|  0%| F|  |TAMS 0x00000000cc400000, 0x00000000cc400000| Untracked 
|  83|0x00000000cc500000, 0x00000000cc500000, 0x00000000cc600000|  0%| F|  |TAMS 0x00000000cc500000, 0x00000000cc500000| Untracked 
|  84|0x00000000cc600000, 0x00000000cc600000, 0x00000000cc700000|  0%| F|  |TAMS 0x00000000cc600000, 0x00000000cc600000| Untracked 
|  85|0x00000000cc700000, 0x00000000cc756ea0, 0x00000000cc800000| 33%| E|  |TAMS 0x00000000cc700000, 0x00000000cc700000| Complete 
|  86|0x00000000cc800000, 0x00000000cc900000, 0x00000000cc900000|100%| E|CS|TAMS 0x00000000cc800000, 0x00000000cc800000| Complete 
|  87|0x00000000cc900000, 0x00000000cca00000, 0x00000000cca00000|100%| E|CS|TAMS 0x00000000cc900000, 0x00000000cc900000| Complete 
|  88|0x00000000cca00000, 0x00000000ccb00000, 0x00000000ccb00000|100%| E|CS|TAMS 0x00000000cca00000, 0x00000000cca00000| Complete 
|  89|0x00000000ccb00000, 0x00000000ccc00000, 0x00000000ccc00000|100%| E|CS|TAMS 0x00000000ccb00000, 0x00000000ccb00000| Complete 
|  90|0x00000000ccc00000, 0x00000000ccd00000, 0x00000000ccd00000|100%| E|CS|TAMS 0x00000000ccc00000, 0x00000000ccc00000| Complete 
|  91|0x00000000ccd00000, 0x00000000cce00000, 0x00000000cce00000|100%| E|  |TAMS 0x00000000ccd00000, 0x00000000ccd00000| Complete 
|  92|0x00000000cce00000, 0x00000000ccf00000, 0x00000000ccf00000|100%| E|CS|TAMS 0x00000000cce00000, 0x00000000cce00000| Complete 
|  93|0x00000000ccf00000, 0x00000000cd000000, 0x00000000cd000000|100%| E|CS|TAMS 0x00000000ccf00000, 0x00000000ccf00000| Complete 
|  94|0x00000000cd000000, 0x00000000cd100000, 0x00000000cd100000|100%| E|CS|TAMS 0x00000000cd000000, 0x00000000cd000000| Complete 
|  95|0x00000000cd100000, 0x00000000cd200000, 0x00000000cd200000|100%| E|CS|TAMS 0x00000000cd100000, 0x00000000cd100000| Complete 
|  96|0x00000000cd200000, 0x00000000cd300000, 0x00000000cd300000|100%| E|CS|TAMS 0x00000000cd200000, 0x00000000cd200000| Complete 
|  97|0x00000000cd300000, 0x00000000cd400000, 0x00000000cd400000|100%| E|CS|TAMS 0x00000000cd300000, 0x00000000cd300000| Complete 
|  98|0x00000000cd400000, 0x00000000cd500000, 0x00000000cd500000|100%| E|CS|TAMS 0x00000000cd400000, 0x00000000cd400000| Complete 
|  99|0x00000000cd500000, 0x00000000cd600000, 0x00000000cd600000|100%| E|CS|TAMS 0x00000000cd500000, 0x00000000cd500000| Complete 
| 100|0x00000000cd600000, 0x00000000cd700000, 0x00000000cd700000|100%| E|CS|TAMS 0x00000000cd600000, 0x00000000cd600000| Complete 
| 101|0x00000000cd700000, 0x00000000cd800000, 0x00000000cd800000|100%| E|CS|TAMS 0x00000000cd700000, 0x00000000cd700000| Complete 
| 102|0x00000000cd800000, 0x00000000cd900000, 0x00000000cd900000|100%| E|CS|TAMS 0x00000000cd800000, 0x00000000cd800000| Complete 
| 103|0x00000000cd900000, 0x00000000cda00000, 0x00000000cda00000|100%| E|CS|TAMS 0x00000000cd900000, 0x00000000cd900000| Complete 
| 104|0x00000000cda00000, 0x00000000cdb00000, 0x00000000cdb00000|100%| E|CS|TAMS 0x00000000cda00000, 0x00000000cda00000| Complete 
| 105|0x00000000cdb00000, 0x00000000cdc00000, 0x00000000cdc00000|100%| E|CS|TAMS 0x00000000cdb00000, 0x00000000cdb00000| Complete 
| 106|0x00000000cdc00000, 0x00000000cdd00000, 0x00000000cdd00000|100%| E|CS|TAMS 0x00000000cdc00000, 0x00000000cdc00000| Complete 
| 107|0x00000000cdd00000, 0x00000000cde00000, 0x00000000cde00000|100%| E|CS|TAMS 0x00000000cdd00000, 0x00000000cdd00000| Complete 

Card table byte_map: [0x000001ce7d580000,0x000001ce7d750000] _byte_map_base: 0x000001ce7cf47000

Marking Bits (Prev, Next): (CMBitMap*) 0x000001ce7b0b9c00, (CMBitMap*) 0x000001ce7b0b9c40
 Prev Bits: [0x000001ce7d920000, 0x000001ce7e758000)
 Next Bits: [0x000001ce7e760000, 0x000001ce7f598000)

Polling page: 0x000001ce7b140000

Metaspace:

Usage:
  Non-class:     63.77 MB used.
      Class:      9.58 MB used.
       Both:     73.35 MB used.

Virtual space:
  Non-class space:       72.00 MB reserved,      64.00 MB ( 89%) committed,  9 nodes.
      Class space:        1.00 GB reserved,       9.88 MB ( <1%) committed,  1 nodes.
             Both:        1.07 GB reserved,      73.88 MB (  7%) committed. 

Chunk freelists:
   Non-Class:  3.52 MB
       Class:  2.12 MB
        Both:  5.63 MB

MaxMetaspaceSize: unlimited
CompressedClassSpaceSize: 1.00 GB
Initial GC threshold: 21.00 MB
Current GC threshold: 114.38 MB
CDS: on
MetaspaceReclaimPolicy: balanced
 - commit_granule_bytes: 65536.
 - commit_granule_words: 8192.
 - virtual_space_node_default_size: 1048576.
 - enlarge_chunks_in_place: 1.
 - new_chunks_are_fully_committed: 0.
 - uncommit_free_chunks: 1.
 - use_allocation_guard: 0.
 - handle_deallocations: 1.


Internal statistics:

num_allocs_failed_limit: 9.
num_arena_births: 694.
num_arena_deaths: 0.
num_vsnodes_births: 10.
num_vsnodes_deaths: 0.
num_space_committed: 1182.
num_space_uncommitted: 0.
num_chunks_returned_to_freelist: 9.
num_chunks_taken_from_freelist: 3368.
num_chunk_merges: 6.
num_chunk_splits: 2357.
num_chunks_enlarged: 1805.
num_purges: 0.
num_inconsistent_stats: 0.

CodeHeap 'non-profiled nmethods': size=120000Kb used=4646Kb max_used=4646Kb free=115353Kb
 bounds [0x000001ce0f270000, 0x000001ce0f700000, 0x000001ce167a0000]
CodeHeap 'profiled nmethods': size=120000Kb used=14628Kb max_used=14628Kb free=105371Kb
 bounds [0x000001ce07d40000, 0x000001ce08b90000, 0x000001ce0f270000]
CodeHeap 'non-nmethods': size=5760Kb used=1346Kb max_used=1397Kb free=4413Kb
 bounds [0x000001ce077a0000, 0x000001ce07a10000, 0x000001ce07d40000]
 total_blobs=8162 nmethods=7477 adapters=596
 compilation: enabled
              stopped_count=0, restarted_count=0
 full_count=0

Compilation events (20 events):
Event: 242.170 Thread 0x000001ce188faab0 nmethod 8473 0x000001ce08b83110 code [0x000001ce08b832c0, 0x000001ce08b83578]
Event: 242.185 Thread 0x000001ce188faab0 8474   !   3       java.lang.ClassLoader::getResourceAsStream (27 bytes)
Event: 242.188 Thread 0x000001ce188faab0 nmethod 8474 0x000001ce08b83690 code [0x000001ce08b838a0, 0x000001ce08b83ef8]
Event: 242.374 Thread 0x000001ce188faab0 8475       3       java.util.concurrent.locks.ReentrantReadWriteLock$Sync::tryAcquireShared (177 bytes)
Event: 242.374 Thread 0x000001ce188f9c00 8481       4       java.util.ArrayList::toArray (57 bytes)
Event: 242.376 Thread 0x000001ce188faab0 nmethod 8475 0x000001ce08b84190 code [0x000001ce08b843e0, 0x000001ce08b84f28]
Event: 242.376 Thread 0x000001ce188faab0 8476       3       java.util.concurrent.locks.ReentrantReadWriteLock$Sync::sharedCount (5 bytes)
Event: 242.376 Thread 0x000001ce188faab0 nmethod 8476 0x000001ce08b85290 code [0x000001ce08b85420, 0x000001ce08b85518]
Event: 242.376 Thread 0x000001ce188faab0 8477       3       java.util.concurrent.locks.ReentrantReadWriteLock$NonfairSync::readerShouldBlock (5 bytes)
Event: 242.376 Thread 0x000001ce188faab0 nmethod 8477 0x000001ce08b85590 code [0x000001ce08b85720, 0x000001ce08b85868]
Event: 242.376 Thread 0x000001ce188faab0 8478       3       java.util.concurrent.locks.AbstractQueuedSynchronizer::apparentlyFirstQueuedIsExclusive (38 bytes)
Event: 242.377 Thread 0x000001ce188faab0 nmethod 8478 0x000001ce08b85910 code [0x000001ce08b85ac0, 0x000001ce08b85dd8]
Event: 242.377 Thread 0x000001ce188faab0 8479       3       java.util.concurrent.locks.ReentrantReadWriteLock$ReadLock::unlock (10 bytes)
Event: 242.377 Thread 0x000001ce188faab0 nmethod 8479 0x000001ce08b85e90 code [0x000001ce08b86060, 0x000001ce08b86338]
Event: 242.377 Thread 0x000001ce188faab0 8480       3       java.util.concurrent.locks.ReentrantReadWriteLock$Sync::tryReleaseShared (146 bytes)
Event: 242.379 Thread 0x000001ce188f9c00 nmethod 8481 0x000001ce0f6f8c90 code [0x000001ce0f6f8e20, 0x000001ce0f6f9298]
Event: 242.383 Thread 0x000001ce188faab0 nmethod 8480 0x000001ce08b86490 code [0x000001ce08b866e0, 0x000001ce08b87218]
Event: 242.405 Thread 0x000001ce188f9c00 8482       4       java.util.HashSet::isEmpty (8 bytes)
Event: 242.406 Thread 0x000001ce188f9c00 nmethod 8482 0x000001ce0f6f9490 code [0x000001ce0f6f9600, 0x000001ce0f6f9698]
Event: 242.422 Thread 0x000001ce188f9c00 8483       4       java.util.HashMap::remove (26 bytes)

GC Heap History (20 events):
Event: 27.906 GC heap before
{Heap before GC invocations=24 (full 0):
 garbage-first heap   total 66560K, used 53708K [0x00000000c7200000, 0x0000000100000000)
  region size 1024K, 22 young (22528K), 3 survivors (3072K)
 Metaspace       used 66684K, committed 67072K, reserved 1114112K
  class space    used 8811K, committed 8960K, reserved 1048576K
}
Event: 27.915 GC heap after
{Heap after GC invocations=25 (full 0):
 garbage-first heap   total 66560K, used 35317K [0x00000000c7200000, 0x0000000100000000)
  region size 1024K, 3 young (3072K), 3 survivors (3072K)
 Metaspace       used 66684K, committed 67072K, reserved 1114112K
  class space    used 8811K, committed 8960K, reserved 1048576K
}
Event: 28.192 GC heap before
{Heap before GC invocations=26 (full 0):
 garbage-first heap   total 66560K, used 41461K [0x00000000c7200000, 0x0000000100000000)
  region size 1024K, 10 young (10240K), 3 survivors (3072K)
 Metaspace       used 67450K, committed 67968K, reserved 1114112K
  class space    used 8887K, committed 9152K, reserved 1048576K
}
Event: 28.207 GC heap after
{Heap after GC invocations=27 (full 0):
 garbage-first heap   total 66560K, used 36330K [0x00000000c7200000, 0x0000000100000000)
  region size 1024K, 3 young (3072K), 3 survivors (3072K)
 Metaspace       used 67450K, committed 67968K, reserved 1114112K
  class space    used 8887K, committed 9152K, reserved 1048576K
}
Event: 28.378 GC heap before
{Heap before GC invocations=27 (full 0):
 garbage-first heap   total 89088K, used 53738K [0x00000000c7200000, 0x0000000100000000)
  region size 1024K, 20 young (20480K), 3 survivors (3072K)
 Metaspace       used 67537K, committed 68032K, reserved 1114112K
  class space    used 8891K, committed 9152K, reserved 1048576K
}
Event: 28.399 GC heap after
{Heap after GC invocations=28 (full 0):
 garbage-first heap   total 89088K, used 39436K [0x00000000c7200000, 0x0000000100000000)
  region size 1024K, 3 young (3072K), 3 survivors (3072K)
 Metaspace       used 67537K, committed 68032K, reserved 1114112K
  class space    used 8891K, committed 9152K, reserved 1048576K
}
Event: 28.910 GC heap before
{Heap before GC invocations=29 (full 0):
 garbage-first heap   total 89088K, used 70156K [0x00000000c7200000, 0x0000000100000000)
  region size 1024K, 33 young (33792K), 3 survivors (3072K)
 Metaspace       used 68311K, committed 68800K, reserved 1114112K
  class space    used 8991K, committed 9216K, reserved 1048576K
}
Event: 28.922 GC heap after
{Heap after GC invocations=30 (full 0):
 garbage-first heap   total 89088K, used 46089K [0x00000000c7200000, 0x0000000100000000)
  region size 1024K, 5 young (5120K), 5 survivors (5120K)
 Metaspace       used 68311K, committed 68800K, reserved 1114112K
  class space    used 8991K, committed 9216K, reserved 1048576K
}
Event: 29.398 GC heap before
{Heap before GC invocations=30 (full 0):
 garbage-first heap   total 89088K, used 68617K [0x00000000c7200000, 0x0000000100000000)
  region size 1024K, 27 young (27648K), 5 survivors (5120K)
 Metaspace       used 68727K, committed 69184K, reserved 1114112K
  class space    used 9045K, committed 9280K, reserved 1048576K
}
Event: 29.406 GC heap after
{Heap after GC invocations=31 (full 0):
 garbage-first heap   total 89088K, used 47515K [0x00000000c7200000, 0x0000000100000000)
  region size 1024K, 2 young (2048K), 2 survivors (2048K)
 Metaspace       used 68727K, committed 69184K, reserved 1114112K
  class space    used 9045K, committed 9280K, reserved 1048576K
}
Event: 29.893 GC heap before
{Heap before GC invocations=32 (full 0):
 garbage-first heap   total 89088K, used 70043K [0x00000000c7200000, 0x0000000100000000)
  region size 1024K, 24 young (24576K), 2 survivors (2048K)
 Metaspace       used 69257K, committed 69696K, reserved 1114112K
  class space    used 9110K, committed 9344K, reserved 1048576K
}
Event: 29.897 GC heap after
{Heap after GC invocations=33 (full 0):
 garbage-first heap   total 89088K, used 48036K [0x00000000c7200000, 0x0000000100000000)
  region size 1024K, 2 young (2048K), 2 survivors (2048K)
 Metaspace       used 69257K, committed 69696K, reserved 1114112K
  class space    used 9110K, committed 9344K, reserved 1048576K
}
Event: 30.324 GC heap before
{Heap before GC invocations=33 (full 0):
 garbage-first heap   total 89088K, used 71588K [0x00000000c7200000, 0x0000000100000000)
  region size 1024K, 25 young (25600K), 2 survivors (2048K)
 Metaspace       used 69780K, committed 70272K, reserved 1114112K
  class space    used 9153K, committed 9408K, reserved 1048576K
}
Event: 30.329 GC heap after
{Heap after GC invocations=34 (full 0):
 garbage-first heap   total 89088K, used 49098K [0x00000000c7200000, 0x0000000100000000)
  region size 1024K, 3 young (3072K), 3 survivors (3072K)
 Metaspace       used 69780K, committed 70272K, reserved 1114112K
  class space    used 9153K, committed 9408K, reserved 1048576K
}
Event: 30.715 GC heap before
{Heap before GC invocations=35 (full 0):
 garbage-first heap   total 92160K, used 71917K [0x00000000c7200000, 0x0000000100000000)
  region size 1024K, 26 young (26624K), 3 survivors (3072K)
 Metaspace       used 70062K, committed 70528K, reserved 1114112K
  class space    used 9191K, committed 9408K, reserved 1048576K
}
Event: 30.720 GC heap after
{Heap after GC invocations=36 (full 0):
 garbage-first heap   total 92160K, used 49259K [0x00000000c7200000, 0x0000000100000000)
  region size 1024K, 3 young (3072K), 3 survivors (3072K)
 Metaspace       used 70062K, committed 70528K, reserved 1114112K
  class space    used 9191K, committed 9408K, reserved 1048576K
}
Event: 30.732 GC heap before
{Heap before GC invocations=36 (full 0):
 garbage-first heap   total 92160K, used 50283K [0x00000000c7200000, 0x0000000100000000)
  region size 1024K, 4 young (4096K), 3 survivors (3072K)
 Metaspace       used 70062K, committed 70528K, reserved 1114112K
  class space    used 9191K, committed 9408K, reserved 1048576K
}
Event: 30.737 GC heap after
{Heap after GC invocations=37 (full 0):
 garbage-first heap   total 110592K, used 41685K [0x00000000c7200000, 0x0000000100000000)
  region size 1024K, 1 young (1024K), 1 survivors (1024K)
 Metaspace       used 70062K, committed 70528K, reserved 1114112K
  class space    used 9191K, committed 9408K, reserved 1048576K
}
Event: 82.664 GC heap before
{Heap before GC invocations=37 (full 0):
 garbage-first heap   total 110592K, used 86741K [0x00000000c7200000, 0x0000000100000000)
  region size 1024K, 45 young (46080K), 1 survivors (1024K)
 Metaspace       used 71418K, committed 71872K, reserved 1114112K
  class space    used 9385K, committed 9600K, reserved 1048576K
}
Event: 82.787 GC heap after
{Heap after GC invocations=38 (full 0):
 garbage-first heap   total 110592K, used 43146K [0x00000000c7200000, 0x0000000100000000)
  region size 1024K, 2 young (2048K), 2 survivors (2048K)
 Metaspace       used 71418K, committed 71872K, reserved 1114112K
  class space    used 9385K, committed 9600K, reserved 1048576K
}

Deoptimization events (20 events):
Event: 226.845 Thread 0x000001ce1cc39a20 Uncommon trap: trap_request=0xffffff45 fr.pc=0x000001ce0f516254 relative=0x00000000000003d4
Event: 226.845 Thread 0x000001ce1cc39a20 Uncommon trap: reason=unstable_if action=reinterpret pc=0x000001ce0f516254 method=org.postgresql.core.ByteOptimizedUTF8Encoder.decode([BII)Ljava/lang/String; @ 33 c2
Event: 226.847 Thread 0x000001ce1cc39a20 DEOPT PACKING pc=0x000001ce0f516254 sp=0x0000008d3a3fb920
Event: 226.849 Thread 0x000001ce1cc39a20 DEOPT UNPACKING pc=0x000001ce077f23a3 sp=0x0000008d3a3fb738 mode 2
Event: 227.238 Thread 0x000001ce1cc39a20 Uncommon trap: trap_request=0xffffff45 fr.pc=0x000001ce0f2b3a54 relative=0x0000000000000614
Event: 227.238 Thread 0x000001ce1cc39a20 Uncommon trap: reason=unstable_if action=reinterpret pc=0x000001ce0f2b3a54 method=java.lang.AbstractStringBuilder.append(Ljava/lang/String;)Ljava/lang/AbstractStringBuilder; @ 1 c2
Event: 227.238 Thread 0x000001ce1cc39a20 DEOPT PACKING pc=0x000001ce0f2b3a54 sp=0x0000008d3a3fdae0
Event: 227.239 Thread 0x000001ce1cc39a20 DEOPT UNPACKING pc=0x000001ce077f23a3 sp=0x0000008d3a3fda60 mode 2
Event: 227.600 Thread 0x000001ce1cc39a20 Uncommon trap: trap_request=0xffffff45 fr.pc=0x000001ce0f3df8e0 relative=0x0000000000000060
Event: 227.600 Thread 0x000001ce1cc39a20 Uncommon trap: reason=unstable_if action=reinterpret pc=0x000001ce0f3df8e0 method=java.lang.Class.getComponentType()Ljava/lang/Class; @ 4 c2
Event: 227.600 Thread 0x000001ce1cc39a20 DEOPT PACKING pc=0x000001ce0f3df8e0 sp=0x0000008d3a3fdb50
Event: 227.602 Thread 0x000001ce1cc39a20 DEOPT UNPACKING pc=0x000001ce077f23a3 sp=0x0000008d3a3fdae0 mode 2
Event: 227.687 Thread 0x000001ce1cc39a20 Uncommon trap: trap_request=0xffffff45 fr.pc=0x000001ce0f6e41f8 relative=0x0000000000000158
Event: 227.687 Thread 0x000001ce1cc39a20 Uncommon trap: reason=unstable_if action=reinterpret pc=0x000001ce0f6e41f8 method=com.fasterxml.jackson.core.json.JsonWriteContext.writeValue()I @ 39 c2
Event: 227.687 Thread 0x000001ce1cc39a20 DEOPT PACKING pc=0x000001ce0f6e41f8 sp=0x0000008d3a3fd780
Event: 227.687 Thread 0x000001ce1cc39a20 DEOPT UNPACKING pc=0x000001ce077f23a3 sp=0x0000008d3a3fd698 mode 2
Event: 242.353 Thread 0x000001ce1cc36530 Uncommon trap: trap_request=0xffffff45 fr.pc=0x000001ce0f68dfc8 relative=0x0000000000000048
Event: 242.353 Thread 0x000001ce1cc36530 Uncommon trap: reason=unstable_if action=reinterpret pc=0x000001ce0f68dfc8 method=java.lang.Thread.interrupted()Z @ 10 c2
Event: 242.353 Thread 0x000001ce1cc36530 DEOPT PACKING pc=0x000001ce0f68dfc8 sp=0x0000008d3a5fee50
Event: 242.353 Thread 0x000001ce1cc36530 DEOPT UNPACKING pc=0x000001ce077f23a3 sp=0x0000008d3a5fede0 mode 2

Classes unloaded (0 events):
No events

Classes redefined (0 events):
No events

Internal exceptions (20 events):
Event: 227.046 Thread 0x000001ce1cc39a20 Exception <a 'java/lang/StackOverflowError'{0x00000000cd1836b0}> (0x00000000cd1836b0) 
thrown [t:\workspace\open\src\hotspot\share\runtime\javaCalls.cpp, line 400]
Event: 227.048 Thread 0x000001ce1cc39a20 Exception <a 'java/lang/StackOverflowError'{0x00000000cd18e1d8}> (0x00000000cd18e1d8) 
thrown [t:\workspace\open\src\hotspot\share\runtime\javaCalls.cpp, line 400]
Event: 227.050 Thread 0x000001ce1cc39a20 Exception <a 'java/lang/StackOverflowError'{0x00000000cd198d00}> (0x00000000cd198d00) 
thrown [t:\workspace\open\src\hotspot\share\runtime\javaCalls.cpp, line 400]
Event: 227.051 Thread 0x000001ce1cc39a20 Exception <a 'java/lang/StackOverflowError'{0x00000000cd1a3ae0}> (0x00000000cd1a3ae0) 
thrown [t:\workspace\open\src\hotspot\share\runtime\javaCalls.cpp, line 400]
Event: 227.052 Thread 0x000001ce1cc39a20 Exception <a 'java/lang/StackOverflowError'{0x00000000cd1ae608}> (0x00000000cd1ae608) 
thrown [t:\workspace\open\src\hotspot\share\runtime\javaCalls.cpp, line 400]
Event: 227.053 Thread 0x000001ce1cc39a20 Exception <a 'java/lang/StackOverflowError'{0x00000000cd1b9130}> (0x00000000cd1b9130) 
thrown [t:\workspace\open\src\hotspot\share\runtime\javaCalls.cpp, line 400]
Event: 227.055 Thread 0x000001ce1cc39a20 Exception <a 'java/lang/StackOverflowError'{0x00000000cd1c3ea0}> (0x00000000cd1c3ea0) 
thrown [t:\workspace\open\src\hotspot\share\runtime\javaCalls.cpp, line 400]
Event: 227.057 Thread 0x000001ce1cc39a20 Exception <a 'java/lang/StackOverflowError'{0x00000000cd1ce9c8}> (0x00000000cd1ce9c8) 
thrown [t:\workspace\open\src\hotspot\share\runtime\javaCalls.cpp, line 400]
Event: 227.058 Thread 0x000001ce1cc39a20 StackOverflowError at 0x000001ce0f6bbb80
Event: 227.059 Thread 0x000001ce1cc39a20 Exception <a 'java/lang/StackOverflowError'{0x00000000cd1d9500}> (0x00000000cd1d9500) 
thrown [t:\workspace\open\src\hotspot\share\runtime\sharedRuntime.cpp, line 628]
Event: 227.060 Thread 0x000001ce1cc39a20 StackOverflowError at 0x000001ce0f27a8a0
Event: 227.060 Thread 0x000001ce1cc39a20 Exception <a 'java/lang/StackOverflowError'{0x00000000cd1e40b0}> (0x00000000cd1e40b0) 
thrown [t:\workspace\open\src\hotspot\share\runtime\sharedRuntime.cpp, line 628]
Event: 227.064 Thread 0x000001ce1cc39a20 StackOverflowError at 0x000001ce0f288800
Event: 227.065 Thread 0x000001ce1cc39a20 Exception <a 'java/lang/StackOverflowError'{0x00000000cd1ef058}> (0x00000000cd1ef058) 
thrown [t:\workspace\open\src\hotspot\share\runtime\sharedRuntime.cpp, line 628]
Event: 227.069 Thread 0x000001ce1cc39a20 Exception <a 'java/lang/StackOverflowError'{0x00000000cd1fced0}> (0x00000000cd1fced0) 
thrown [t:\workspace\open\src\hotspot\share\runtime\javaCalls.cpp, line 400]
Event: 227.070 Thread 0x000001ce1cc39a20 Exception <a 'java/lang/StackOverflowError'{0x00000000cd00b240}> (0x00000000cd00b240) 
thrown [t:\workspace\open\src\hotspot\share\runtime\javaCalls.cpp, line 400]
Event: 227.072 Thread 0x000001ce1cc39a20 Exception <a 'java/lang/StackOverflowError'{0x00000000cd0190b8}> (0x00000000cd0190b8) 
thrown [t:\workspace\open\src\hotspot\share\runtime\javaCalls.cpp, line 400]
Event: 227.117 Thread 0x000001ce1cc39a20 Exception <a 'java/lang/NoClassDefFoundError'{0x00000000cd05c448}: sun/reflect/Reflection> (0x00000000cd05c448) 
thrown [t:\workspace\open\src\hotspot\share\classfile\systemDictionary.cpp, line 245]
Event: 227.238 Thread 0x000001ce1cc39a20 Implicit null exception at 0x000001ce0f2b3472 to 0x000001ce0f2b3a3c
Event: 242.366 Thread 0x000001ce19b6e050 Exception <a 'java/lang/InterruptedException'{0x00000000cc826ec8}: sleep interrupted> (0x00000000cc826ec8) 
thrown [t:\workspace\open\src\hotspot\share\prims\jvm.cpp, line 3067]

VM Operations (20 events):
Event: 225.046 Executing VM operation: HandshakeAllThreads
Event: 225.046 Executing VM operation: HandshakeAllThreads done
Event: 225.757 Executing VM operation: HandshakeAllThreads
Event: 225.757 Executing VM operation: HandshakeAllThreads done
Event: 225.757 Executing VM operation: Cleanup
Event: 225.757 Executing VM operation: Cleanup done
Event: 226.091 Executing VM operation: HandshakeAllThreads
Event: 226.091 Executing VM operation: HandshakeAllThreads done
Event: 227.002 Executing VM operation: HandshakeAllThreads
Event: 227.003 Executing VM operation: HandshakeAllThreads done
Event: 227.003 Executing VM operation: Cleanup
Event: 227.003 Executing VM operation: Cleanup done
Event: 228.005 Executing VM operation: Cleanup
Event: 228.006 Executing VM operation: Cleanup done
Event: 229.013 Executing VM operation: Cleanup
Event: 229.013 Executing VM operation: Cleanup done
Event: 240.107 Executing VM operation: Cleanup
Event: 240.108 Executing VM operation: Cleanup done
Event: 242.129 Executing VM operation: Cleanup
Event: 242.130 Executing VM operation: Cleanup done

Events (20 events):
Event: 242.290 loading class java/beans/WeakIdentityMap$Entry done
Event: 242.345 loading class java/util/concurrent/locks/AbstractQueuedSynchronizer$SharedNode
Event: 242.352 loading class java/util/concurrent/locks/AbstractQueuedSynchronizer$SharedNode done
Event: 242.353 Thread 0x000001ce2176fbd0 Thread exited: 0x000001ce2176fbd0
Event: 242.355 Thread 0x000001ce1cc36ed0 Thread exited: 0x000001ce1cc36ed0
Event: 242.356 Thread 0x000001ce1cc373a0 Thread exited: 0x000001ce1cc373a0
Event: 242.359 Thread 0x000001ce1cc37d40 Thread exited: 0x000001ce1cc37d40
Event: 242.359 Thread 0x000001ce1cc37870 Thread exited: 0x000001ce1cc37870
Event: 242.361 Thread 0x000001ce1cc39550 Thread exited: 0x000001ce1cc39550
Event: 242.361 Thread 0x000001ce1cc36530 Thread exited: 0x000001ce1cc36530
Event: 242.361 Thread 0x000001ce1cc39a20 Thread exited: 0x000001ce1cc39a20
Event: 242.361 Thread 0x000001ce1cc36a00 Thread exited: 0x000001ce1cc36a00
Event: 242.363 Thread 0x000001ce1cc38bb0 Thread exited: 0x000001ce1cc38bb0
Event: 242.363 Thread 0x000001ce1cc38210 Thread exited: 0x000001ce1cc38210
Event: 242.368 Thread 0x000001ce19b6e050 Thread exited: 0x000001ce19b6e050
Event: 242.369 loading class javax/management/ObjectName$PatternProperty
Event: 242.370 loading class javax/management/ObjectName$PatternProperty done
Event: 242.374 Thread 0x000001ce1ae9c680 Thread exited: 0x000001ce1ae9c680
Event: 242.376 Thread 0x000001ce1c2b63e0 Thread exited: 0x000001ce1c2b63e0
Event: 242.402 Thread 0x000001ce2176bd40 Thread exited: 0x000001ce2176bd40


Dynamic libraries:
0x00007ff754bd0000 - 0x00007ff754be0000 	C:\Program Files\Java\jdk-17.0.3.1\bin\java.exe
0x00007ffd47e50000 - 0x00007ffd48048000 	C:\Windows\SYSTEM32\ntdll.dll
0x00007ffd47d40000 - 0x00007ffd47e02000 	C:\Windows\System32\KERNEL32.DLL
0x00007ffd45ac0000 - 0x00007ffd45dbf000 	C:\Windows\System32\KERNELBASE.dll
0x00007ffd459c0000 - 0x00007ffd45ac0000 	C:\Windows\System32\ucrtbase.dll
0x00007ffd414c0000 - 0x00007ffd414d8000 	C:\Program Files\Java\jdk-17.0.3.1\bin\jli.dll
0x00007ffd41620000 - 0x00007ffd4163a000 	C:\Program Files\Java\jdk-17.0.3.1\bin\VCRUNTIME140.dll
0x00007ffd46080000 - 0x00007ffd4612f000 	C:\Windows\System32\ADVAPI32.dll
0x00007ffd45fe0000 - 0x00007ffd4607e000 	C:\Windows\System32\msvcrt.dll
0x00007ffd46140000 - 0x00007ffd461df000 	C:\Windows\System32\sechost.dll
0x00007ffd47a00000 - 0x00007ffd47b23000 	C:\Windows\System32\RPCRT4.dll
0x00007ffd45590000 - 0x00007ffd455b7000 	C:\Windows\System32\bcrypt.dll
0x00007ffd46f00000 - 0x00007ffd4709d000 	C:\Windows\System32\USER32.dll
0x00007ffd19300000 - 0x00007ffd1959a000 	C:\Windows\WinSxS\amd64_microsoft.windows.common-controls_6595b64144ccf1df_6.0.19041.4355_none_60b8b9eb71f62e16\COMCTL32.dll
0x00007ffd456e0000 - 0x00007ffd45702000 	C:\Windows\System32\win32u.dll
0x00007ffd47870000 - 0x00007ffd4789b000 	C:\Windows\System32\GDI32.dll
0x00007ffd455c0000 - 0x00007ffd456da000 	C:\Windows\System32\gdi32full.dll
0x00007ffd454f0000 - 0x00007ffd4558d000 	C:\Windows\System32\msvcp_win.dll
0x00007ffd3a9d0000 - 0x00007ffd3a9da000 	C:\Windows\SYSTEM32\VERSION.dll
0x00007ffd479d0000 - 0x00007ffd479ff000 	C:\Windows\System32\IMM32.DLL
0x00007ffd41510000 - 0x00007ffd4151c000 	C:\Program Files\Java\jdk-17.0.3.1\bin\vcruntime140_1.dll
0x00007ffcf9bd0000 - 0x00007ffcf9c5d000 	C:\Program Files\Java\jdk-17.0.3.1\bin\msvcp140.dll
0x00007ffcdeab0000 - 0x00007ffcdf670000 	C:\Program Files\Java\jdk-17.0.3.1\bin\server\jvm.dll
0x00007ffd46e80000 - 0x00007ffd46e88000 	C:\Windows\System32\PSAPI.DLL
0x00007ffd19870000 - 0x00007ffd19879000 	C:\Windows\SYSTEM32\WSOCK32.dll
0x00007ffd38fe0000 - 0x00007ffd39007000 	C:\Windows\SYSTEM32\WINMM.dll
0x00007ffd46e90000 - 0x00007ffd46efb000 	C:\Windows\System32\WS2_32.dll
0x00007ffd43330000 - 0x00007ffd43342000 	C:\Windows\SYSTEM32\kernel.appcore.dll
0x00007ffd401b0000 - 0x00007ffd401ba000 	C:\Program Files\Java\jdk-17.0.3.1\bin\jimage.dll
0x00007ffd32d70000 - 0x00007ffd32f54000 	C:\Windows\SYSTEM32\DBGHELP.DLL
0x00007ffd32d10000 - 0x00007ffd32d44000 	C:\Windows\SYSTEM32\dbgcore.DLL
0x00007ffd45710000 - 0x00007ffd45792000 	C:\Windows\System32\bcryptPrimitives.dll
0x00007ffd01460000 - 0x00007ffd0146e000 	C:\Program Files\Java\jdk-17.0.3.1\bin\instrument.dll
0x00007ffcfffa0000 - 0x00007ffcfffc5000 	C:\Program Files\Java\jdk-17.0.3.1\bin\java.dll
0x00007ffce2f50000 - 0x00007ffce3026000 	C:\Program Files\Java\jdk-17.0.3.1\bin\jsvml.dll
0x00007ffd46290000 - 0x00007ffd469fd000 	C:\Windows\System32\SHELL32.dll
0x00007ffd43530000 - 0x00007ffd43cd4000 	C:\Windows\SYSTEM32\windows.storage.dll
0x00007ffd472d0000 - 0x00007ffd47625000 	C:\Windows\System32\combase.dll
0x00007ffd44d70000 - 0x00007ffd44d9f000 	C:\Windows\SYSTEM32\Wldp.dll
0x00007ffd47710000 - 0x00007ffd477dd000 	C:\Windows\System32\OLEAUT32.dll
0x00007ffd45e70000 - 0x00007ffd45f1d000 	C:\Windows\System32\SHCORE.dll
0x00007ffd47bb0000 - 0x00007ffd47c05000 	C:\Windows\System32\shlwapi.dll
0x00007ffd45420000 - 0x00007ffd45444000 	C:\Windows\SYSTEM32\profapi.dll
0x00007ffd04f00000 - 0x00007ffd04f18000 	C:\Program Files\Java\jdk-17.0.3.1\bin\zip.dll
0x00007ffd37510000 - 0x00007ffd37529000 	C:\Program Files\Java\jdk-17.0.3.1\bin\net.dll
0x00007ffd3d880000 - 0x00007ffd3d98a000 	C:\Windows\SYSTEM32\WINHTTP.dll
0x00007ffd44b50000 - 0x00007ffd44bbc000 	C:\Windows\system32\mswsock.dll
0x00007ffd0bdd0000 - 0x00007ffd0bde6000 	C:\Program Files\Java\jdk-17.0.3.1\bin\nio.dll
0x00007ffcff530000 - 0x00007ffcff54a000 	C:\Program Files\JetBrains\IntelliJ IDEA Community Edition 2022.1.3\bin\breakgen64.dll
0x00007ffd3ca40000 - 0x00007ffd3ca50000 	C:\Program Files\Java\jdk-17.0.3.1\bin\verify.dll
0x00007ffd32a90000 - 0x00007ffd32a99000 	C:\Program Files\Java\jdk-17.0.3.1\bin\management.dll
0x00007ffd18ac0000 - 0x00007ffd18acb000 	C:\Program Files\Java\jdk-17.0.3.1\bin\management_ext.dll
0x00007ffd18a00000 - 0x00007ffd18a17000 	C:\Windows\system32\napinsp.dll
0x00007ffd187f0000 - 0x00007ffd1880b000 	C:\Windows\system32\pnrpnsp.dll
0x00007ffd41ac0000 - 0x00007ffd41ad5000 	C:\Windows\system32\wshbth.dll
0x00007ffd406b0000 - 0x00007ffd406cd000 	C:\Windows\system32\NLAapi.dll
0x00007ffd44850000 - 0x00007ffd4488b000 	C:\Windows\SYSTEM32\IPHLPAPI.DLL
0x00007ffd44890000 - 0x00007ffd4495a000 	C:\Windows\SYSTEM32\DNSAPI.dll
0x00007ffd46130000 - 0x00007ffd46138000 	C:\Windows\System32\NSI.dll
0x00007ffd18000000 - 0x00007ffd18012000 	C:\Windows\System32\winrnr.dll
0x00007ffd3dfe0000 - 0x00007ffd3dfea000 	C:\Windows\System32\rasadhlp.dll
0x00007ffd3d300000 - 0x00007ffd3d380000 	C:\Windows\System32\fwpuclnt.dll
0x00007ffd44db0000 - 0x00007ffd44dc8000 	C:\Windows\SYSTEM32\CRYPTSP.dll
0x00007ffd44490000 - 0x00007ffd444c4000 	C:\Windows\system32\rsaenh.dll
0x00007ffd453a0000 - 0x00007ffd453ce000 	C:\Windows\SYSTEM32\USERENV.dll
0x00007ffd44ce0000 - 0x00007ffd44cec000 	C:\Windows\SYSTEM32\CRYPTBASE.dll
0x00007ffd3e8a0000 - 0x00007ffd3e8b7000 	C:\Windows\SYSTEM32\dhcpcsvc6.DLL
0x00007ffd3e930000 - 0x00007ffd3e94d000 	C:\Windows\SYSTEM32\dhcpcsvc.DLL
0x00007ffd0b610000 - 0x00007ffd0b61e000 	C:\Program Files\Java\jdk-17.0.3.1\bin\sunmscapi.dll
0x00007ffd457f0000 - 0x00007ffd4594c000 	C:\Windows\System32\CRYPT32.dll
0x00007ffd44ec0000 - 0x00007ffd44ee7000 	C:\Windows\SYSTEM32\ncrypt.dll
0x00007ffd44e80000 - 0x00007ffd44ebb000 	C:\Windows\SYSTEM32\NTASN1.dll
0x00007ffd01470000 - 0x00007ffd01477000 	C:\Windows\system32\wshunix.dll

dbghelp: loaded successfully - version: 4.0.5 - missing functions: none
symbol engine: initialized successfully - sym options: 0x614 - pdb path: .;C:\Program Files\Java\jdk-17.0.3.1\bin;C:\Windows\SYSTEM32;C:\Windows\WinSxS\amd64_microsoft.windows.common-controls_6595b64144ccf1df_6.0.19041.4355_none_60b8b9eb71f62e16;C:\Program Files\Java\jdk-17.0.3.1\bin\server;C:\Program Files\JetBrains\IntelliJ IDEA Community Edition 2022.1.3\bin

VM Arguments:
jvm_args: -javaagent:C:\Program Files\JetBrains\IntelliJ IDEA Community Edition 2022.1.3\lib\idea_rt.jar=61038:C:\Program Files\JetBrains\IntelliJ IDEA Community Edition 2022.1.3\bin -Dfile.encoding=UTF-8 
java_command: com.developer.onlybuns.OnlyBunsApplication
java_class_path (initial): C:\Users\Lenovo\Documents\GitHub\ISA2024-25\OnlyBunsApplication\target\classes;C:\Users\Lenovo\.m2\repository\org\springframework\boot\spring-boot-starter-data-jpa\2.5.2\spring-boot-starter-data-jpa-2.5.2.jar;C:\Users\Lenovo\.m2\repository\org\springframework\boot\spring-boot-starter-jdbc\2.5.2\spring-boot-starter-jdbc-2.5.2.jar;C:\Users\Lenovo\.m2\repository\com\zaxxer\HikariCP\4.0.3\HikariCP-4.0.3.jar;C:\Users\Lenovo\.m2\repository\org\springframework\spring-jdbc\5.3.8\spring-jdbc-5.3.8.jar;C:\Users\Lenovo\.m2\repository\jakarta\transaction\jakarta.transaction-api\1.3.3\jakarta.transaction-api-1.3.3.jar;C:\Users\Lenovo\.m2\repository\jakarta\persistence\jakarta.persistence-api\2.2.3\jakarta.persistence-api-2.2.3.jar;C:\Users\Lenovo\.m2\repository\org\hibernate\hibernate-core\5.4.32.Final\hibernate-core-5.4.32.Final.jar;C:\Users\Lenovo\.m2\repository\org\jboss\logging\jboss-logging\3.4.2.Final\jboss-logging-3.4.2.Final.jar;C:\Users\Lenovo\.m2\repository\org\javassist\javassist\3.27.0-GA\javassist-3.27.0-GA.jar;C:\Users\Lenovo\.m2\repository\net\bytebuddy\byte-buddy\1.10.22\byte-buddy-1.10.22.jar;C:\Users\Lenovo\.m2\repository\antlr\antlr\2.7.7\antlr-2.7.7.jar;C:\Users\Lenovo\.m2\repository\org\jboss\jandex\2.2.3.Final\jandex-2.2.3.Final.jar;C:\Users\Lenovo\.m2\repository\com\fasterxml\classmate\1.5.1\classmate-1.5.1.jar;C:\Users\Lenovo\.m2\repository\org\dom4j\dom4j\2.1.3\dom4j-2.1.3.jar;C:\Users\Lenovo\.m2\repository\org\hibernate\common\hibernate-commons-annotations\5.1.2.Final\hibernate-commons-annotations-5.1.2.Final.jar;C:\Users\Lenovo\.m2\repository\org\glassfish\jaxb\jaxb-runtime\2.3.4\jaxb-runtime-2.3.4.jar;C:\Users\Lenovo\.m2\repository\org\glassfish\jaxb\txw2\2.3.4\txw2-2.3.4.jar;C:\Users\Lenovo\.m2\repository\com\sun\istack\istack-commons-runtime\3.0.12\istack-commons-runtime-3.0.12.jar;C:\Users\Lenovo\.m2\repository\org\springframework\data\spring-data-jpa\2.5.2\spring-data-jpa-2.5.2.jar;C:\Users\Lenovo\.m2\repository\org\sp
Launcher Type: SUN_STANDARD

[Global flags]
     intx CICompilerCount                          = 4                                         {product} {ergonomic}
     uint ConcGCThreads                            = 2                                         {product} {ergonomic}
     uint G1ConcRefinementThreads                  = 8                                         {product} {ergonomic}
   size_t G1HeapRegionSize                         = 1048576                                   {product} {ergonomic}
    uintx GCDrainStackTargetSize                   = 64                                        {product} {ergonomic}
   size_t InitialHeapSize                          = 60817408                                  {product} {ergonomic}
   size_t MarkStackSize                            = 4194304                                   {product} {ergonomic}
   size_t MaxHeapSize                              = 954204160                                 {product} {ergonomic}
   size_t MaxNewSize                               = 572522496                                 {product} {ergonomic}
   size_t MinHeapDeltaBytes                        = 1048576                                   {product} {ergonomic}
   size_t MinHeapSize                              = 8388608                                   {product} {ergonomic}
    uintx NonNMethodCodeHeapSize                   = 5839372                                {pd product} {ergonomic}
    uintx NonProfiledCodeHeapSize                  = 122909434                              {pd product} {ergonomic}
    uintx ProfiledCodeHeapSize                     = 122909434                              {pd product} {ergonomic}
    uintx ReservedCodeCacheSize                    = 251658240                              {pd product} {ergonomic}
     bool SegmentedCodeCache                       = true                                      {product} {ergonomic}
   size_t SoftMaxHeapSize                          = 954204160                              {manageable} {ergonomic}
     bool UseCompressedClassPointers               = true                           {product lp64_product} {ergonomic}
     bool UseCompressedOops                        = true                           {product lp64_product} {ergonomic}
     bool UseG1GC                                  = true                                      {product} {ergonomic}
     bool UseLargePagesIndividualAllocation        = false                                  {pd product} {ergonomic}

Logging:
Log output configuration:
 #0: stdout all=warning uptime,level,tags
 #1: stderr all=off uptime,level,tags

Environment Variables:
PATH=C:\app\Lenovo\product\21c\dbhomeXE\bin;C:\oraclexe\app\oracle\product\11.2.0\server\bin;C:\Program Files\Common Files\Oracle\Java\javapath;C:\Program Files (x86)\Common Files\Oracle\Java\javapath;C:\Windows\system32;C:\Windows;C:\Windows\System32\Wbem;C:\Windows\System32\WindowsPowerShell\v1.0\;C:\Windows\System32\OpenSSH\;C:\Program Files\dotnet\;C:\Program Files (x86)\Microsoft SQL Server\160\Tools\Binn\;C:\Program Files\Microsoft SQL Server\160\Tools\Binn\;C:\Program Files\Microsoft SQL Server\Client SDK\ODBC\170\Tools\Binn\;C:\Program Files\Microsoft SQL Server\160\DTS\Binn\;C:\Program Files (x86)\Microsoft SQL Server\160\DTS\Binn\;C:\Program Files\Microsoft SQL Server\150\Tools\Binn\;C:\Program Files\nodejs\;C:\ProgramData\chocolatey\bin;C:\Program Files\Git\cmd;C:\Program Files (x86)\GnuWin32\bin;C:\Program Files\Go\bin;C:\Program Files\Docker\Docker\resources\bin;C:\protoc-26.1-win64\bin;C:\Program Files\MongoDB\Server\5.0\bin;C:\Users\Lenovo\AppData\Local\Programs\Python\Python312;C:\Users\Lenovo\AppData\Local\Programs\Python\Python311\Scripts\uvicorn;C:\Users\Lenovo\AppData\Local\Programs\Python\Python311\Scripts\;C:\Users\Lenovo\AppData\Local\Programs\Python\Python311\;C:\Program Files\MySQL\MySQL Shell 8.0\bin\;C:\Users\Lenovo\scoop\shims;C:\Users\Lenovo\AppData\Local\Microsoft\WindowsApps;C:\Users\Lenovo\AppData\Local\Programs\Microsoft VS Code\bin;C:\Users\Lenovo\AppData\Local\GitHubDesktop\bin;C:\Users\Lenovo\.dotnet\tools;C:\Program Files\Azure Data Studio\bin;C:\Users\Lenovo\AppData\Roaming\npm;C:\msys64\mingw64\bin;C:\Users\Lenovo\go\bin
USERNAME=Lenovo
OS=Windows_NT
PROCESSOR_IDENTIFIER=AMD64 Family 23 Model 17 Stepping 0, AuthenticAMD



---------------  S Y S T E M  ---------------

OS:
 Windows 10 , 64 bit Build 19041 (10.0.19041.5438)
OS uptime: 10 days 23:06 hours
Hyper-V role detected

CPU: total 8 (initial active 8) (8 cores per cpu, 2 threads per core) family 23 model 17 stepping 0 microcode 0x0, cx8, cmov, fxsr, ht, mmx, 3dnowpref, sse, sse2, sse3, ssse3, sse4a, sse4.1, sse4.2, popcnt, lzcnt, tsc, tscinvbit, avx, avx2, aes, clmul, bmi1, bmi2, adx, sha, fma, vzeroupper, clflush, clflushopt, hv

Memory: 4k page, system-wide physical 3638M (169M free)
TotalPageFile size 14902M (AvailPageFile size 20M)
current process WorkingSet (physical memory assigned to process): 124M, peak: 259M
current process commit charge ("private bytes"): 319M, peak: 355M

vm_info: Java HotSpot(TM) 64-Bit Server VM (17.0.3.1+2-LTS-6) for windows-amd64 JRE (17.0.3.1+2-LTS-6), built on Apr 25 2022 22:04:21 by "mach5one" with MS VC++ 16.8 / 16.9 (VS2019)

END.
